To reproduce:
 C:\Dropbox\code\phd\aorta\aorta4ail\src\examples\auctionhouse\aorta\simple> java -Xmx1000m -jar C:\Dropbox\code\phd\jpf-core/build/runJPF.jar +shell.port=4242 C:\Dropbox\code\phd\aorta\aorta4ail\src\examples\auctionhouse\aorta\simple\modelchecker.jpf
----------------------------------- search started
      [skipping static init instructions]
JavaPathfinder v7.0 (rev ${version}) - (C) RIACS/NASA Ames Research Center


====================================================== system under test
ail.util.AJPF_w_AIL.main("simple_ah.ail","simple_ah.psl","all")

====================================================== search started: 23-02-15 19:11
		 # choice: gov.nasa.jpf.vm.choice.ThreadChoiceFromSet {id:"<root>" ,1/1,isCascaded:false}
[INFO] Number: 8
Incoming: 0,8,17,27,38,50,63,77,
Old: ~B(sally,registered(sally())),~B(sally,registered(sally())) \/ ~B(carol,registered(carol())),~B(sally,registered(sally())) \/ ~B(carol,registered(carol())) \/ ~B(sally,verified(sally())),~B(sally,registered(sally())) \/ ~B(carol,registered(carol())) \/ ~B(sally,verified(sally())) \/ ~B(carol,verified(carol())),~B(sally,registered(sally())) \/ ~B(carol,registered(carol())) \/ ~B(sally,verified(sally())) \/ ~B(carol,verified(carol())) \/ ~B(sally,manager(mike())),~B(sally,registered(sally())) \/ ~B(carol,registered(carol())) \/ ~B(sally,verified(sally())) \/ ~B(carol,verified(carol())) \/ ~B(sally,manager(mike())) \/ ~B(carol,manager(mike())),~B(sally,registered(sally())) \/ ~B(carol,registered(carol())) \/ ~B(sally,verified(sally())) \/ ~B(carol,verified(carol())) \/ ~B(sally,manager(mike())) \/ ~B(carol,manager(mike())) \/ ~B(sally,auction(1.0,lamp(),sally(),10.0,0.0)),~T R ~B(sally,registered(sally())) \/ ~B(carol,registered(carol())) \/ ~B(sally,verified(sally())) \/ ~B(carol,verified(carol())) \/ ~B(sally,manager(mike())) \/ ~B(carol,manager(mike())) \/ ~B(sally,auction(1.0,lamp(),sally(),10.0,0.0)),
Next: ~T R ~B(sally,registered(sally())) \/ ~B(carol,registered(carol())) \/ ~B(sally,verified(sally())) \/ ~B(carol,verified(carol())) \/ ~B(sally,manager(mike())) \/ ~B(carol,manager(mike())) \/ ~B(sally,auction(1.0,lamp(),sally(),10.0,0.0)),
Number: 17
Incoming: 0,8,17,27,38,50,63,77,
Old: ~B(carol,registered(carol())),~B(sally,registered(sally())) \/ ~B(carol,registered(carol())),~B(sally,registered(sally())) \/ ~B(carol,registered(carol())) \/ ~B(sally,verified(sally())),~B(sally,registered(sally())) \/ ~B(carol,registered(carol())) \/ ~B(sally,verified(sally())) \/ ~B(carol,verified(carol())),~B(sally,registered(sally())) \/ ~B(carol,registered(carol())) \/ ~B(sally,verified(sally())) \/ ~B(carol,verified(carol())) \/ ~B(sally,manager(mike())),~B(sally,registered(sally())) \/ ~B(carol,registered(carol())) \/ ~B(sally,verified(sally())) \/ ~B(carol,verified(carol())) \/ ~B(sally,manager(mike())) \/ ~B(carol,manager(mike())),~B(sally,registered(sally())) \/ ~B(carol,registered(carol())) \/ ~B(sally,verified(sally())) \/ ~B(carol,verified(carol())) \/ ~B(sally,manager(mike())) \/ ~B(carol,manager(mike())) \/ ~B(sally,auction(1.0,lamp(),sally(),10.0,0.0)),~T R ~B(sally,registered(sally())) \/ ~B(carol,registered(carol())) \/ ~B(sally,verified(sally())) \/ ~B(carol,verified(carol())) \/ ~B(sally,manager(mike())) \/ ~B(carol,manager(mike())) \/ ~B(sally,auction(1.0,lamp(),sally(),10.0,0.0)),
Next: ~T R ~B(sally,registered(sally())) \/ ~B(carol,registered(carol())) \/ ~B(sally,verified(sally())) \/ ~B(carol,verified(carol())) \/ ~B(sally,manager(mike())) \/ ~B(carol,manager(mike())) \/ ~B(sally,auction(1.0,lamp(),sally(),10.0,0.0)),
Number: 27
Incoming: 0,8,17,27,38,50,63,77,
Old: ~B(sally,registered(sally())) \/ ~B(carol,registered(carol())) \/ ~B(sally,verified(sally())),~B(sally,registered(sally())) \/ ~B(carol,registered(carol())) \/ ~B(sally,verified(sally())) \/ ~B(carol,verified(carol())),~B(sally,registered(sally())) \/ ~B(carol,registered(carol())) \/ ~B(sally,verified(sally())) \/ ~B(carol,verified(carol())) \/ ~B(sally,manager(mike())),~B(sally,registered(sally())) \/ ~B(carol,registered(carol())) \/ ~B(sally,verified(sally())) \/ ~B(carol,verified(carol())) \/ ~B(sally,manager(mike())) \/ ~B(carol,manager(mike())),~B(sally,registered(sally())) \/ ~B(carol,registered(carol())) \/ ~B(sally,verified(sally())) \/ ~B(carol,verified(carol())) \/ ~B(sally,manager(mike())) \/ ~B(carol,manager(mike())) \/ ~B(sally,auction(1.0,lamp(),sally(),10.0,0.0)),~B(sally,verified(sally())),~T R ~B(sally,registered(sally())) \/ ~B(carol,registered(carol())) \/ ~B(sally,verified(sally())) \/ ~B(carol,verified(carol())) \/ ~B(sally,manager(mike())) \/ ~B(carol,manager(mike())) \/ ~B(sally,auction(1.0,lamp(),sally(),10.0,0.0)),
Next: ~T R ~B(sally,registered(sally())) \/ ~B(carol,registered(carol())) \/ ~B(sally,verified(sally())) \/ ~B(carol,verified(carol())) \/ ~B(sally,manager(mike())) \/ ~B(carol,manager(mike())) \/ ~B(sally,auction(1.0,lamp(),sally(),10.0,0.0)),
Number: 38
Incoming: 0,8,17,27,38,50,63,77,
Old: ~B(carol,verified(carol())),~B(sally,registered(sally())) \/ ~B(carol,registered(carol())) \/ ~B(sally,verified(sally())) \/ ~B(carol,verified(carol())),~B(sally,registered(sally())) \/ ~B(carol,registered(carol())) \/ ~B(sally,verified(sally())) \/ ~B(carol,verified(carol())) \/ ~B(sally,manager(mike())),~B(sally,registered(sally())) \/ ~B(carol,registered(carol())) \/ ~B(sally,verified(sally())) \/ ~B(carol,verified(carol())) \/ ~B(sally,manager(mike())) \/ ~B(carol,manager(mike())),~B(sally,registered(sally())) \/ ~B(carol,registered(carol())) \/ ~B(sally,verified(sally())) \/ ~B(carol,verified(carol())) \/ ~B(sally,manager(mike())) \/ ~B(carol,manager(mike())) \/ ~B(sally,auction(1.0,lamp(),sally(),10.0,0.0)),~T R ~B(sally,registered(sally())) \/ ~B(carol,registered(carol())) \/ ~B(sally,verified(sally())) \/ ~B(carol,verified(carol())) \/ ~B(sally,manager(mike())) \/ ~B(carol,manager(mike())) \/ ~B(sally,auction(1.0,lamp(),sally(),10.0,0.0)),
Next: ~T R ~B(sally,registered(sally())) \/ ~B(carol,registered(carol())) \/ ~B(sally,verified(sally())) \/ ~B(carol,verified(carol())) \/ ~B(sally,manager(mike())) \/ ~B(carol,manager(mike())) \/ ~B(sally,auction(1.0,lamp(),sally(),10.0,0.0)),
Number: 50
Incoming: 0,8,17,27,38,50,63,77,
Old: ~B(sally,manager(mike())),~B(sally,registered(sally())) \/ ~B(carol,registered(carol())) \/ ~B(sally,verified(sally())) \/ ~B(carol,verified(carol())) \/ ~B(sally,manager(mike())),~B(sally,registered(sally())) \/ ~B(carol,registered(carol())) \/ ~B(sally,verified(sally())) \/ ~B(carol,verified(carol())) \/ ~B(sally,manager(mike())) \/ ~B(carol,manager(mike())),~B(sally,registered(sally())) \/ ~B(carol,registered(carol())) \/ ~B(sally,verified(sally())) \/ ~B(carol,verified(carol())) \/ ~B(sally,manager(mike())) \/ ~B(carol,manager(mike())) \/ ~B(sally,auction(1.0,lamp(),sally(),10.0,0.0)),~T R ~B(sally,registered(sally())) \/ ~B(carol,registered(carol())) \/ ~B(sally,verified(sally())) \/ ~B(carol,verified(carol())) \/ ~B(sally,manager(mike())) \/ ~B(carol,manager(mike())) \/ ~B(sally,auction(1.0,lamp(),sally(),10.0,0.0)),
Next: ~T R ~B(sally,registered(sally())) \/ ~B(carol,registered(carol())) \/ ~B(sally,verified(sally())) \/ ~B(carol,verified(carol())) \/ ~B(sally,manager(mike())) \/ ~B(carol,manager(mike())) \/ ~B(sally,auction(1.0,lamp(),sally(),10.0,0.0)),
Number: 63
Incoming: 0,8,17,27,38,50,63,77,
Old: ~B(carol,manager(mike())),~B(sally,registered(sally())) \/ ~B(carol,registered(carol())) \/ ~B(sally,verified(sally())) \/ ~B(carol,verified(carol())) \/ ~B(sally,manager(mike())) \/ ~B(carol,manager(mike())),~B(sally,registered(sally())) \/ ~B(carol,registered(carol())) \/ ~B(sally,verified(sally())) \/ ~B(carol,verified(carol())) \/ ~B(sally,manager(mike())) \/ ~B(carol,manager(mike())) \/ ~B(sally,auction(1.0,lamp(),sally(),10.0,0.0)),~T R ~B(sally,registered(sally())) \/ ~B(carol,registered(carol())) \/ ~B(sally,verified(sally())) \/ ~B(carol,verified(carol())) \/ ~B(sally,manager(mike())) \/ ~B(carol,manager(mike())) \/ ~B(sally,auction(1.0,lamp(),sally(),10.0,0.0)),
Next: ~T R ~B(sally,registered(sally())) \/ ~B(carol,registered(carol())) \/ ~B(sally,verified(sally())) \/ ~B(carol,verified(carol())) \/ ~B(sally,manager(mike())) \/ ~B(carol,manager(mike())) \/ ~B(sally,auction(1.0,lamp(),sally(),10.0,0.0)),
Number: 77
Incoming: 0,8,17,27,38,50,63,77,
Old: ~B(sally,auction(1.0,lamp(),sally(),10.0,0.0)),~B(sally,registered(sally())) \/ ~B(carol,registered(carol())) \/ ~B(sally,verified(sally())) \/ ~B(carol,verified(carol())) \/ ~B(sally,manager(mike())) \/ ~B(carol,manager(mike())) \/ ~B(sally,auction(1.0,lamp(),sally(),10.0,0.0)),~T R ~B(sally,registered(sally())) \/ ~B(carol,registered(carol())) \/ ~B(sally,verified(sally())) \/ ~B(carol,verified(carol())) \/ ~B(sally,manager(mike())) \/ ~B(carol,manager(mike())) \/ ~B(sally,auction(1.0,lamp(),sally(),10.0,0.0)),
Next: ~T R ~B(sally,registered(sally())) \/ ~B(carol,registered(carol())) \/ ~B(sally,verified(sally())) \/ ~B(carol,verified(carol())) \/ ~B(sally,manager(mike())) \/ ~B(carol,manager(mike())) \/ ~B(sally,auction(1.0,lamp(),sally(),10.0,0.0)),

		 # garbage collection
[FINE] Entering addModelState
[FINE] adding state
[INFO] Adding 0 to []
[FINE] Entering new Product States with Initial State in Path
[FINER] Empty Until Array
[FINE] [-1]
[FINE] Creating Product State:<0, 77, 0>
[FINER] Empty Until Array
[FINE] [-1]
[FINE] Creating Product State:<0, 63, 0>
[FINER] Empty Until Array
[FINE] [-1]
[FINE] Creating Product State:<0, 50, 0>
[FINER] Empty Until Array
[FINE] [-1]
[FINE] Creating Product State:<0, 38, 0>
[FINER] Empty Until Array
[FINE] [-1]
[FINE] Creating Product State:<0, 27, 0>
[FINER] Empty Until Array
[FINE] [-1]
[FINE] Creating Product State:<0, 17, 0>
[FINER] Empty Until Array
[FINE] [-1]
[FINE] Creating Product State:<0, 8, 0>
[FINE] Current DFS State: <0, 8, 0>
[FINE] Model isn't done
[INFO] Current Path: [0]
----------------------------------- [1] forward: 0 new
		 # choice: gov.nasa.jpf.vm.choice.IntChoiceFromSet[id="agentSchedulerChoice",isCascaded:false,>0,1,2,3]
		 # garbage collection
[FINE] Entering addModelState
[FINE] adding state
[INFO] Adding 1 to [0]
[FINE] Entering new Product States in order to expand the path
[FINE] [-1]
[FINE] Adding new successors to <0, 77, 0>: 
[FINER] Empty Until Array
[FINE] [-1]
[FINE] Creating Product State:<1, 77, 0>
[FINE]      <1, 77, 0>
[FINE] States by incoming for 0 is [<1, 77, 0>]
[FINE] Adding new successors to <0, 77, 0>: 
[FINER] Empty Until Array
[FINE] [-1]
[FINE] Creating Product State:<1, 63, 0>
[FINE]      <1, 63, 0>
[FINE] States by incoming for 0 is [<1, 77, 0>, <1, 63, 0>]
[FINE] Adding new successors to <0, 77, 0>: 
[FINER] Empty Until Array
[FINE] [-1]
[FINE] Creating Product State:<1, 50, 0>
[FINE]      <1, 50, 0>
[FINE] States by incoming for 0 is [<1, 77, 0>, <1, 63, 0>, <1, 50, 0>]
[FINE] Adding new successors to <0, 77, 0>: 
[FINER] Empty Until Array
[FINE] [-1]
[FINE] Creating Product State:<1, 38, 0>
[FINE]      <1, 38, 0>
[FINE] States by incoming for 0 is [<1, 77, 0>, <1, 63, 0>, <1, 50, 0>, <1, 38, 0>]
[FINE] Adding new successors to <0, 77, 0>: 
[FINER] Empty Until Array
[FINE] [-1]
[FINE] Creating Product State:<1, 27, 0>
[FINE]      <1, 27, 0>
[FINE] States by incoming for 0 is [<1, 77, 0>, <1, 63, 0>, <1, 50, 0>, <1, 38, 0>, <1, 27, 0>]
[FINE] Adding new successors to <0, 77, 0>: 
[FINER] Empty Until Array
[FINE] [-1]
[FINE] Creating Product State:<1, 17, 0>
[FINE]      <1, 17, 0>
[FINE] States by incoming for 0 is [<1, 77, 0>, <1, 63, 0>, <1, 50, 0>, <1, 38, 0>, <1, 27, 0>, <1, 17, 0>]
[FINE] Adding new successors to <0, 77, 0>: 
[FINER] Empty Until Array
[FINE] [-1]
[FINE] Creating Product State:<1, 8, 0>
[FINE]      <1, 8, 0>
[FINE] States by incoming for 0 is [<1, 77, 0>, <1, 63, 0>, <1, 50, 0>, <1, 38, 0>, <1, 27, 0>, <1, 17, 0>, <1, 8, 0>]
[FINE] [-1]
[FINE] Adding new successors to <0, 63, 0>: 
[FINE]      <1, 77, 0>
[FINE] [-1]
[FINE] Adding new successors to <0, 50, 0>: 
[FINE]      <1, 77, 0>
[FINE] [-1]
[FINE] Adding new successors to <0, 38, 0>: 
[FINE]      <1, 77, 0>
[FINE] [-1]
[FINE] Adding new successors to <0, 27, 0>: 
[FINE]      <1, 77, 0>
[FINE] [-1]
[FINE] Adding new successors to <0, 17, 0>: 
[FINE]      <1, 77, 0>
[FINE] [-1]
[FINE] Adding new successors to <0, 8, 0>: 
[FINE]      <1, 77, 0>
[FINE] Current DFS State: <0, 8, 0>
[FINE] New Path: [<0, 77, 0>, <0, 63, 0>, <0, 50, 0>, <0, 38, 0>, <0, 27, 0>, <0, 17, 0>, <0, 8, 0>, <1, 77, 0>]
[FINE] Current DFS State: <1, 77, 0>
[FINE] Model isn't done
[INFO] Current Path: [0, 1]
----------------------------------- [2] forward: 1 new
		 # choice: gov.nasa.jpf.vm.choice.IntChoiceFromSet[id="agentSchedulerChoice",isCascaded:false,>0,1,2]
******************************* [carol] send(0:om(org(rea(carol,customer))), mike) ************************************
[INFO] carol done send(0:om(org(rea(carol,customer))), mike)
		 # garbage collection
[FINE] Entering addModelState
[FINE] adding state
[INFO] Adding 2 to [0, 1]
[FINE] Entering new Product States in order to expand the path
[FINE] [-1]
[FINE] Adding new successors to <1, 77, 0>: 
[FINER] Empty Until Array
[FINE] [-1]
[FINE] Creating Product State:<2, 77, 0>
[FINE]      <2, 77, 0>
[FINE] States by incoming for 7 is [<2, 77, 0>]
[FINE] Adding new successors to <1, 77, 0>: 
[FINER] Empty Until Array
[FINE] [-1]
[FINE] Creating Product State:<2, 63, 0>
[FINE]      <2, 63, 0>
[FINE] States by incoming for 7 is [<2, 77, 0>, <2, 63, 0>]
[FINE] Adding new successors to <1, 77, 0>: 
[FINER] Empty Until Array
[FINE] [-1]
[FINE] Creating Product State:<2, 50, 0>
[FINE]      <2, 50, 0>
[FINE] States by incoming for 7 is [<2, 50, 0>, <2, 77, 0>, <2, 63, 0>]
[FINE] Adding new successors to <1, 77, 0>: 
[FINER] Empty Until Array
[FINE] [-1]
[FINE] Creating Product State:<2, 38, 0>
[FINE]      <2, 38, 0>
[FINE] States by incoming for 7 is [<2, 38, 0>, <2, 50, 0>, <2, 77, 0>, <2, 63, 0>]
[FINE] Adding new successors to <1, 77, 0>: 
[FINER] Empty Until Array
[FINE] [-1]
[FINE] Creating Product State:<2, 27, 0>
[FINE]      <2, 27, 0>
[FINE] States by incoming for 7 is [<2, 38, 0>, <2, 50, 0>, <2, 27, 0>, <2, 77, 0>, <2, 63, 0>]
[FINE] Adding new successors to <1, 77, 0>: 
[FINER] Empty Until Array
[FINE] [-1]
[FINE] Creating Product State:<2, 17, 0>
[FINE]      <2, 17, 0>
[FINE] States by incoming for 7 is [<2, 38, 0>, <2, 50, 0>, <2, 17, 0>, <2, 27, 0>, <2, 77, 0>, <2, 63, 0>]
[FINE] Adding new successors to <1, 77, 0>: 
[FINER] Empty Until Array
[FINE] [-1]
[FINE] Creating Product State:<2, 8, 0>
[FINE]      <2, 8, 0>
[FINE] States by incoming for 7 is [<2, 38, 0>, <2, 50, 0>, <2, 17, 0>, <2, 27, 0>, <2, 8, 0>, <2, 77, 0>, <2, 63, 0>]
[FINE] [-1]
[FINE] Adding new successors to <1, 63, 0>: 
[FINE]      <2, 77, 0>
[FINE] [-1]
[FINE] Adding new successors to <1, 50, 0>: 
[FINE]      <2, 77, 0>
[FINE] [-1]
[FINE] Adding new successors to <1, 38, 0>: 
[FINE]      <2, 77, 0>
[FINE] [-1]
[FINE] Adding new successors to <1, 27, 0>: 
[FINE]      <2, 77, 0>
[FINE] [-1]
[FINE] Adding new successors to <1, 17, 0>: 
[FINE]      <2, 77, 0>
[FINE] [-1]
[FINE] Adding new successors to <1, 8, 0>: 
[FINE]      <2, 77, 0>
[FINE] Current DFS State: <1, 77, 0>
[FINE] New Path: [<0, 77, 0>, <0, 63, 0>, <0, 50, 0>, <0, 38, 0>, <0, 27, 0>, <0, 17, 0>, <0, 8, 0>, <1, 77, 0>, <2, 38, 0>]
[FINE] Current DFS State: <2, 38, 0>
[FINE] Model isn't done
[INFO] Current Path: [0, 1, 2]
----------------------------------- [3] forward: 2 new
		 # choice: gov.nasa.jpf.vm.choice.IntChoiceFromSet[id="agentSchedulerChoice",isCascaded:false,>0,1,2]
******************************* [carol] send(0:om(org(rea(carol,customer))), sally) ************************************
[INFO] carol done send(0:om(org(rea(carol,customer))), sally)
		 # garbage collection
[FINE] Entering addModelState
[FINE] adding state
[INFO] Adding 3 to [0, 1, 2]
[FINE] Entering new Product States in order to expand the path
[FINE] [-1]
[FINE] Adding new successors to <2, 38, 0>: 
[FINER] Empty Until Array
[FINE] [-1]
[FINE] Creating Product State:<3, 77, 0>
[FINE]      <3, 77, 0>
[FINE] States by incoming for 17 is [<3, 77, 0>]
[FINE] Adding new successors to <2, 38, 0>: 
[FINER] Empty Until Array
[FINE] [-1]
[FINE] Creating Product State:<3, 63, 0>
[FINE]      <3, 63, 0>
[FINE] States by incoming for 17 is [<3, 77, 0>, <3, 63, 0>]
[FINE] Adding new successors to <2, 38, 0>: 
[FINER] Empty Until Array
[FINE] [-1]
[FINE] Creating Product State:<3, 50, 0>
[FINE]      <3, 50, 0>
[FINE] States by incoming for 17 is [<3, 77, 0>, <3, 50, 0>, <3, 63, 0>]
[FINE] Adding new successors to <2, 38, 0>: 
[FINER] Empty Until Array
[FINE] [-1]
[FINE] Creating Product State:<3, 38, 0>
[FINE]      <3, 38, 0>
[FINE] States by incoming for 17 is [<3, 77, 0>, <3, 50, 0>, <3, 63, 0>, <3, 38, 0>]
[FINE] Adding new successors to <2, 38, 0>: 
[FINER] Empty Until Array
[FINE] [-1]
[FINE] Creating Product State:<3, 27, 0>
[FINE]      <3, 27, 0>
[FINE] States by incoming for 17 is [<3, 77, 0>, <3, 50, 0>, <3, 63, 0>, <3, 27, 0>, <3, 38, 0>]
[FINE] Adding new successors to <2, 38, 0>: 
[FINER] Empty Until Array
[FINE] [-1]
[FINE] Creating Product State:<3, 17, 0>
[FINE]      <3, 17, 0>
[FINE] States by incoming for 17 is [<3, 77, 0>, <3, 50, 0>, <3, 63, 0>, <3, 27, 0>, <3, 38, 0>, <3, 17, 0>]
[FINE] Adding new successors to <2, 38, 0>: 
[FINER] Empty Until Array
[FINE] [-1]
[FINE] Creating Product State:<3, 8, 0>
[FINE]      <3, 8, 0>
[FINE] States by incoming for 17 is [<3, 77, 0>, <3, 50, 0>, <3, 63, 0>, <3, 27, 0>, <3, 38, 0>, <3, 8, 0>, <3, 17, 0>]
[FINE] [-1]
[FINE] Adding new successors to <2, 50, 0>: 
[FINE]      <3, 77, 0>
[FINE] [-1]
[FINE] Adding new successors to <2, 17, 0>: 
[FINE]      <3, 77, 0>
[FINE] [-1]
[FINE] Adding new successors to <2, 27, 0>: 
[FINE]      <3, 77, 0>
[FINE] [-1]
[FINE] Adding new successors to <2, 8, 0>: 
[FINE]      <3, 77, 0>
[FINE] [-1]
[FINE] Adding new successors to <2, 77, 0>: 
[FINE]      <3, 77, 0>
[FINE] [-1]
[FINE] Adding new successors to <2, 63, 0>: 
[FINE]      <3, 77, 0>
[FINE] Current DFS State: <2, 38, 0>
[FINE] New Path: [<0, 77, 0>, <0, 63, 0>, <0, 50, 0>, <0, 38, 0>, <0, 27, 0>, <0, 17, 0>, <0, 8, 0>, <1, 77, 0>, <2, 38, 0>, <3, 77, 0>]
[FINE] Current DFS State: <3, 77, 0>
[FINE] Model isn't done
[INFO] Current Path: [0, 1, 2, 3]
----------------------------------- [4] forward: 3 new
		 # choice: gov.nasa.jpf.vm.choice.IntChoiceFromSet[id="agentSchedulerChoice",isCascaded:false,>0,1,2]
[INFO] Sleeping agent carol
		 # garbage collection
[FINE] Entering addModelState
[FINE] adding state
[INFO] Adding 4 to [0, 1, 2, 3]
[FINE] Entering new Product States in order to expand the path
[FINE] [-1]
[FINE] Adding new successors to <3, 77, 0>: 
[FINER] Empty Until Array
[FINE] [-1]
[FINE] Creating Product State:<4, 77, 0>
[FINE]      <4, 77, 0>
[FINE] States by incoming for 21 is [<4, 77, 0>]
[FINE] Adding new successors to <3, 77, 0>: 
[FINER] Empty Until Array
[FINE] [-1]
[FINE] Creating Product State:<4, 63, 0>
[FINE]      <4, 63, 0>
[FINE] States by incoming for 21 is [<4, 63, 0>, <4, 77, 0>]
[FINE] Adding new successors to <3, 77, 0>: 
[FINER] Empty Until Array
[FINE] [-1]
[FINE] Creating Product State:<4, 50, 0>
[FINE]      <4, 50, 0>
[FINE] States by incoming for 21 is [<4, 63, 0>, <4, 77, 0>, <4, 50, 0>]
[FINE] Adding new successors to <3, 77, 0>: 
[FINER] Empty Until Array
[FINE] [-1]
[FINE] Creating Product State:<4, 38, 0>
[FINE]      <4, 38, 0>
[FINE] States by incoming for 21 is [<4, 63, 0>, <4, 77, 0>, <4, 38, 0>, <4, 50, 0>]
[FINE] Adding new successors to <3, 77, 0>: 
[FINER] Empty Until Array
[FINE] [-1]
[FINE] Creating Product State:<4, 27, 0>
[FINE]      <4, 27, 0>
[FINE] States by incoming for 21 is [<4, 27, 0>, <4, 63, 0>, <4, 77, 0>, <4, 38, 0>, <4, 50, 0>]
[FINE] Adding new successors to <3, 77, 0>: 
[FINER] Empty Until Array
[FINE] [-1]
[FINE] Creating Product State:<4, 17, 0>
[FINE]      <4, 17, 0>
[FINE] States by incoming for 21 is [<4, 27, 0>, <4, 17, 0>, <4, 63, 0>, <4, 77, 0>, <4, 38, 0>, <4, 50, 0>]
[FINE] Adding new successors to <3, 77, 0>: 
[FINER] Empty Until Array
[FINE] [-1]
[FINE] Creating Product State:<4, 8, 0>
[FINE]      <4, 8, 0>
[FINE] States by incoming for 21 is [<4, 8, 0>, <4, 27, 0>, <4, 17, 0>, <4, 63, 0>, <4, 77, 0>, <4, 38, 0>, <4, 50, 0>]
[FINE] [-1]
[FINE] Adding new successors to <3, 50, 0>: 
[FINE]      <4, 77, 0>
[FINE] [-1]
[FINE] Adding new successors to <3, 63, 0>: 
[FINE]      <4, 77, 0>
[FINE] [-1]
[FINE] Adding new successors to <3, 27, 0>: 
[FINE]      <4, 77, 0>
[FINE] [-1]
[FINE] Adding new successors to <3, 38, 0>: 
[FINE]      <4, 77, 0>
[FINE] [-1]
[FINE] Adding new successors to <3, 8, 0>: 
[FINE]      <4, 77, 0>
[FINE] [-1]
[FINE] Adding new successors to <3, 17, 0>: 
[FINE]      <4, 77, 0>
[FINE] Current DFS State: <3, 77, 0>
[FINE] New Path: [<0, 77, 0>, <0, 63, 0>, <0, 50, 0>, <0, 38, 0>, <0, 27, 0>, <0, 17, 0>, <0, 8, 0>, <1, 77, 0>, <2, 38, 0>, <3, 77, 0>, <4, 8, 0>]
[FINE] Current DFS State: <4, 8, 0>
[FINE] Model isn't done
[INFO] Current Path: [0, 1, 2, 3, 4]
----------------------------------- [5] forward: 4 new
		 # choice: gov.nasa.jpf.vm.choice.IntChoiceFromSet[id="agentSchedulerChoice",isCascaded:false,>0,1]
******************************* [mike] send(0:om(org(rea(mike,manager))), carol) ************************************
[INFO] Waking agent carol
[INFO] mike done send(0:om(org(rea(mike,manager))), carol)
		 # garbage collection
[FINE] Entering addModelState
[FINE] adding state
[INFO] Adding 5 to [0, 1, 2, 3, 4]
[FINE] Entering new Product States in order to expand the path
[FINE] [-1]
[FINE] Adding new successors to <4, 8, 0>: 
[FINER] Empty Until Array
[FINE] [-1]
[FINE] Creating Product State:<5, 77, 0>
[FINE]      <5, 77, 0>
[FINE] States by incoming for 34 is [<5, 77, 0>]
[FINE] Adding new successors to <4, 8, 0>: 
[FINER] Empty Until Array
[FINE] [-1]
[FINE] Creating Product State:<5, 63, 0>
[FINE]      <5, 63, 0>
[FINE] States by incoming for 34 is [<5, 77, 0>, <5, 63, 0>]
[FINE] Adding new successors to <4, 8, 0>: 
[FINER] Empty Until Array
[FINE] [-1]
[FINE] Creating Product State:<5, 50, 0>
[FINE]      <5, 50, 0>
[FINE] States by incoming for 34 is [<5, 77, 0>, <5, 63, 0>, <5, 50, 0>]
[FINE] Adding new successors to <4, 8, 0>: 
[FINER] Empty Until Array
[FINE] [-1]
[FINE] Creating Product State:<5, 38, 0>
[FINE]      <5, 38, 0>
[FINE] States by incoming for 34 is [<5, 77, 0>, <5, 38, 0>, <5, 63, 0>, <5, 50, 0>]
[FINE] Adding new successors to <4, 8, 0>: 
[FINER] Empty Until Array
[FINE] [-1]
[FINE] Creating Product State:<5, 27, 0>
[FINE]      <5, 27, 0>
[FINE] States by incoming for 34 is [<5, 77, 0>, <5, 38, 0>, <5, 27, 0>, <5, 63, 0>, <5, 50, 0>]
[FINE] Adding new successors to <4, 8, 0>: 
[FINER] Empty Until Array
[FINE] [-1]
[FINE] Creating Product State:<5, 17, 0>
[FINE]      <5, 17, 0>
[FINE] States by incoming for 34 is [<5, 77, 0>, <5, 38, 0>, <5, 27, 0>, <5, 63, 0>, <5, 50, 0>, <5, 17, 0>]
[FINE] Adding new successors to <4, 8, 0>: 
[FINER] Empty Until Array
[FINE] [-1]
[FINE] Creating Product State:<5, 8, 0>
[FINE]      <5, 8, 0>
[FINE] States by incoming for 34 is [<5, 77, 0>, <5, 38, 0>, <5, 27, 0>, <5, 63, 0>, <5, 50, 0>, <5, 17, 0>, <5, 8, 0>]
[FINE] [-1]
[FINE] Adding new successors to <4, 27, 0>: 
[FINE]      <5, 77, 0>
[FINE] [-1]
[FINE] Adding new successors to <4, 17, 0>: 
[FINE]      <5, 77, 0>
[FINE] [-1]
[FINE] Adding new successors to <4, 63, 0>: 
[FINE]      <5, 77, 0>
[FINE] [-1]
[FINE] Adding new successors to <4, 77, 0>: 
[FINE]      <5, 77, 0>
[FINE] [-1]
[FINE] Adding new successors to <4, 38, 0>: 
[FINE]      <5, 77, 0>
[FINE] [-1]
[FINE] Adding new successors to <4, 50, 0>: 
[FINE]      <5, 77, 0>
[FINE] Current DFS State: <4, 8, 0>
[FINE] New Path: [<0, 77, 0>, <0, 63, 0>, <0, 50, 0>, <0, 38, 0>, <0, 27, 0>, <0, 17, 0>, <0, 8, 0>, <1, 77, 0>, <2, 38, 0>, <3, 77, 0>, <4, 8, 0>, <5, 77, 0>]
[FINE] Current DFS State: <5, 77, 0>
[FINE] Model isn't done
[INFO] Current Path: [0, 1, 2, 3, 4, 5]
----------------------------------- [6] forward: 5 new
		 # choice: gov.nasa.jpf.vm.choice.IntChoiceFromSet[id="agentSchedulerChoice",isCascaded:false,>0,1,2]
[INFO] Sleeping agent carol
		 # garbage collection
[FINE] Entering addModelState
[FINE] adding state
[INFO] Adding 6 to [0, 1, 2, 3, 4, 5]
[FINE] Entering new Product States in order to expand the path
[FINE] [-1]
[FINE] Adding new successors to <5, 77, 0>: 
[FINER] Empty Until Array
[FINE] [-1]
[FINE] Creating Product State:<6, 77, 0>
[FINE]      <6, 77, 0>
[FINE] States by incoming for 35 is [<6, 77, 0>]
[FINE] Adding new successors to <5, 77, 0>: 
[FINER] Empty Until Array
[FINE] [-1]
[FINE] Creating Product State:<6, 63, 0>
[FINE]      <6, 63, 0>
[FINE] States by incoming for 35 is [<6, 77, 0>, <6, 63, 0>]
[FINE] Adding new successors to <5, 77, 0>: 
[FINER] Empty Until Array
[FINE] [-1]
[FINE] Creating Product State:<6, 50, 0>
[FINE]      <6, 50, 0>
[FINE] States by incoming for 35 is [<6, 77, 0>, <6, 63, 0>, <6, 50, 0>]
[FINE] Adding new successors to <5, 77, 0>: 
[FINER] Empty Until Array
[FINE] [-1]
[FINE] Creating Product State:<6, 38, 0>
[FINE]      <6, 38, 0>
[FINE] States by incoming for 35 is [<6, 77, 0>, <6, 63, 0>, <6, 50, 0>, <6, 38, 0>]
[FINE] Adding new successors to <5, 77, 0>: 
[FINER] Empty Until Array
[FINE] [-1]
[FINE] Creating Product State:<6, 27, 0>
[FINE]      <6, 27, 0>
[FINE] States by incoming for 35 is [<6, 77, 0>, <6, 63, 0>, <6, 27, 0>, <6, 50, 0>, <6, 38, 0>]
[FINE] Adding new successors to <5, 77, 0>: 
[FINER] Empty Until Array
[FINE] [-1]
[FINE] Creating Product State:<6, 17, 0>
[FINE]      <6, 17, 0>
[FINE] States by incoming for 35 is [<6, 77, 0>, <6, 63, 0>, <6, 27, 0>, <6, 17, 0>, <6, 50, 0>, <6, 38, 0>]
[FINE] Adding new successors to <5, 77, 0>: 
[FINER] Empty Until Array
[FINE] [-1]
[FINE] Creating Product State:<6, 8, 0>
[FINE]      <6, 8, 0>
[FINE] States by incoming for 35 is [<6, 8, 0>, <6, 77, 0>, <6, 63, 0>, <6, 27, 0>, <6, 17, 0>, <6, 50, 0>, <6, 38, 0>]
[FINE] [-1]
[FINE] Adding new successors to <5, 38, 0>: 
[FINE]      <6, 77, 0>
[FINE] [-1]
[FINE] Adding new successors to <5, 27, 0>: 
[FINE]      <6, 77, 0>
[FINE] [-1]
[FINE] Adding new successors to <5, 63, 0>: 
[FINE]      <6, 77, 0>
[FINE] [-1]
[FINE] Adding new successors to <5, 50, 0>: 
[FINE]      <6, 77, 0>
[FINE] [-1]
[FINE] Adding new successors to <5, 17, 0>: 
[FINE]      <6, 77, 0>
[FINE] [-1]
[FINE] Adding new successors to <5, 8, 0>: 
[FINE]      <6, 77, 0>
[FINE] Current DFS State: <5, 77, 0>
[FINE] New Path: [<0, 77, 0>, <0, 63, 0>, <0, 50, 0>, <0, 38, 0>, <0, 27, 0>, <0, 17, 0>, <0, 8, 0>, <1, 77, 0>, <2, 38, 0>, <3, 77, 0>, <4, 8, 0>, <5, 77, 0>, <6, 8, 0>]
[FINE] Current DFS State: <6, 8, 0>
[FINE] Model isn't done
[INFO] Current Path: [0, 1, 2, 3, 4, 5, 6]
----------------------------------- [7] forward: 6 new
		 # choice: gov.nasa.jpf.vm.choice.IntChoiceFromSet[id="agentSchedulerChoice",isCascaded:false,>0,1]
******************************* [mike] send(0:om(org(rea(mike,manager))), sally) ************************************
[INFO] mike done send(0:om(org(rea(mike,manager))), sally)
		 # garbage collection
[FINE] Entering addModelState
[FINE] adding state
[INFO] Adding 7 to [0, 1, 2, 3, 4, 5, 6]
[FINE] Entering new Product States in order to expand the path
[FINE] [-1]
[FINE] Adding new successors to <6, 8, 0>: 
[FINER] Empty Until Array
[FINE] [-1]
[FINE] Creating Product State:<7, 77, 0>
[FINE]      <7, 77, 0>
[FINE] States by incoming for 48 is [<7, 77, 0>]
[FINE] Adding new successors to <6, 8, 0>: 
[FINER] Empty Until Array
[FINE] [-1]
[FINE] Creating Product State:<7, 63, 0>
[FINE]      <7, 63, 0>
[FINE] States by incoming for 48 is [<7, 63, 0>, <7, 77, 0>]
[FINE] Adding new successors to <6, 8, 0>: 
[FINER] Empty Until Array
[FINE] [-1]
[FINE] Creating Product State:<7, 50, 0>
[FINE]      <7, 50, 0>
[FINE] States by incoming for 48 is [<7, 50, 0>, <7, 63, 0>, <7, 77, 0>]
[FINE] Adding new successors to <6, 8, 0>: 
[FINER] Empty Until Array
[FINE] [-1]
[FINE] Creating Product State:<7, 38, 0>
[FINE]      <7, 38, 0>
[FINE] States by incoming for 48 is [<7, 50, 0>, <7, 63, 0>, <7, 77, 0>, <7, 38, 0>]
[FINE] Adding new successors to <6, 8, 0>: 
[FINER] Empty Until Array
[FINE] [-1]
[FINE] Creating Product State:<7, 27, 0>
[FINE]      <7, 27, 0>
[FINE] States by incoming for 48 is [<7, 50, 0>, <7, 63, 0>, <7, 77, 0>, <7, 27, 0>, <7, 38, 0>]
[FINE] Adding new successors to <6, 8, 0>: 
[FINER] Empty Until Array
[FINE] [-1]
[FINE] Creating Product State:<7, 17, 0>
[FINE]      <7, 17, 0>
[FINE] States by incoming for 48 is [<7, 50, 0>, <7, 63, 0>, <7, 77, 0>, <7, 17, 0>, <7, 27, 0>, <7, 38, 0>]
[FINE] Adding new successors to <6, 8, 0>: 
[FINER] Empty Until Array
[FINE] [-1]
[FINE] Creating Product State:<7, 8, 0>
[FINE]      <7, 8, 0>
[FINE] States by incoming for 48 is [<7, 50, 0>, <7, 63, 0>, <7, 77, 0>, <7, 8, 0>, <7, 17, 0>, <7, 27, 0>, <7, 38, 0>]
[FINE] [-1]
[FINE] Adding new successors to <6, 77, 0>: 
[FINE]      <7, 77, 0>
[FINE] [-1]
[FINE] Adding new successors to <6, 63, 0>: 
[FINE]      <7, 77, 0>
[FINE] [-1]
[FINE] Adding new successors to <6, 27, 0>: 
[FINE]      <7, 77, 0>
[FINE] [-1]
[FINE] Adding new successors to <6, 17, 0>: 
[FINE]      <7, 77, 0>
[FINE] [-1]
[FINE] Adding new successors to <6, 50, 0>: 
[FINE]      <7, 77, 0>
[FINE] [-1]
[FINE] Adding new successors to <6, 38, 0>: 
[FINE]      <7, 77, 0>
[FINE] Current DFS State: <6, 8, 0>
[FINE] New Path: [<0, 77, 0>, <0, 63, 0>, <0, 50, 0>, <0, 38, 0>, <0, 27, 0>, <0, 17, 0>, <0, 8, 0>, <1, 77, 0>, <2, 38, 0>, <3, 77, 0>, <4, 8, 0>, <5, 77, 0>, <6, 8, 0>, <7, 50, 0>]
[FINE] Current DFS State: <7, 50, 0>
[FINE] Model isn't done
[INFO] Current Path: [0, 1, 2, 3, 4, 5, 6, 7]
----------------------------------- [8] forward: 7 new
		 # choice: gov.nasa.jpf.vm.choice.IntChoiceFromSet[id="agentSchedulerChoice",isCascaded:false,>0,1]
[INFO] Sleeping agent mike
		 # garbage collection
[FINE] Entering addModelState
[FINE] adding state
[INFO] Adding 8 to [0, 1, 2, 3, 4, 5, 6, 7]
[FINE] Entering new Product States in order to expand the path
[FINE] [-1]
[FINE] Adding new successors to <7, 50, 0>: 
[FINER] Empty Until Array
[FINE] [-1]
[FINE] Creating Product State:<8, 77, 0>
[FINE]      <8, 77, 0>
[FINE] States by incoming for 51 is [<8, 77, 0>]
[FINE] Adding new successors to <7, 50, 0>: 
[FINER] Empty Until Array
[FINE] [-1]
[FINE] Creating Product State:<8, 63, 0>
[FINE]      <8, 63, 0>
[FINE] States by incoming for 51 is [<8, 63, 0>, <8, 77, 0>]
[FINE] Adding new successors to <7, 50, 0>: 
[FINER] Empty Until Array
[FINE] [-1]
[FINE] Creating Product State:<8, 50, 0>
[FINE]      <8, 50, 0>
[FINE] States by incoming for 51 is [<8, 50, 0>, <8, 63, 0>, <8, 77, 0>]
[FINE] Adding new successors to <7, 50, 0>: 
[FINER] Empty Until Array
[FINE] [-1]
[FINE] Creating Product State:<8, 38, 0>
[FINE]      <8, 38, 0>
[FINE] States by incoming for 51 is [<8, 38, 0>, <8, 50, 0>, <8, 63, 0>, <8, 77, 0>]
[FINE] Adding new successors to <7, 50, 0>: 
[FINER] Empty Until Array
[FINE] [-1]
[FINE] Creating Product State:<8, 27, 0>
[FINE]      <8, 27, 0>
[FINE] States by incoming for 51 is [<8, 38, 0>, <8, 50, 0>, <8, 63, 0>, <8, 77, 0>, <8, 27, 0>]
[FINE] Adding new successors to <7, 50, 0>: 
[FINER] Empty Until Array
[FINE] [-1]
[FINE] Creating Product State:<8, 17, 0>
[FINE]      <8, 17, 0>
[FINE] States by incoming for 51 is [<8, 38, 0>, <8, 50, 0>, <8, 63, 0>, <8, 77, 0>, <8, 17, 0>, <8, 27, 0>]
[FINE] Adding new successors to <7, 50, 0>: 
[FINER] Empty Until Array
[FINE] [-1]
[FINE] Creating Product State:<8, 8, 0>
[FINE]      <8, 8, 0>
[FINE] States by incoming for 51 is [<8, 38, 0>, <8, 50, 0>, <8, 63, 0>, <8, 77, 0>, <8, 8, 0>, <8, 17, 0>, <8, 27, 0>]
[FINE] [-1]
[FINE] Adding new successors to <7, 63, 0>: 
[FINE]      <8, 77, 0>
[FINE] [-1]
[FINE] Adding new successors to <7, 77, 0>: 
[FINE]      <8, 77, 0>
[FINE] [-1]
[FINE] Adding new successors to <7, 8, 0>: 
[FINE]      <8, 77, 0>
[FINE] [-1]
[FINE] Adding new successors to <7, 17, 0>: 
[FINE]      <8, 77, 0>
[FINE] [-1]
[FINE] Adding new successors to <7, 27, 0>: 
[FINE]      <8, 77, 0>
[FINE] [-1]
[FINE] Adding new successors to <7, 38, 0>: 
[FINE]      <8, 77, 0>
[FINE] Current DFS State: <7, 50, 0>
[FINE] New Path: [<0, 77, 0>, <0, 63, 0>, <0, 50, 0>, <0, 38, 0>, <0, 27, 0>, <0, 17, 0>, <0, 8, 0>, <1, 77, 0>, <2, 38, 0>, <3, 77, 0>, <4, 8, 0>, <5, 77, 0>, <6, 8, 0>, <7, 50, 0>, <8, 38, 0>]
[FINE] Current DFS State: <8, 38, 0>
[FINE] Model isn't done
[INFO] Current Path: [0, 1, 2, 3, 4, 5, 6, 7, 8]
----------------------------------- [9] forward: 8 new
		 # choice: gov.nasa.jpf.vm.choice.IntChoiceFromSet[id="agentSchedulerChoice",isCascaded:false,>0]
******************************* [sally] send(0:om(org(rea(sally,customer))), carol) ************************************
[INFO] Waking agent carol
[INFO] sally done send(0:om(org(rea(sally,customer))), carol)
		 # garbage collection
[FINE] Entering addModelState
[FINE] adding state
[INFO] Adding 9 to [0, 1, 2, 3, 4, 5, 6, 7, 8]
[FINE] Entering new Product States in order to expand the path
[FINE] [-1]
[FINE] Adding new successors to <8, 38, 0>: 
[FINER] Empty Until Array
[FINE] [-1]
[FINE] Creating Product State:<9, 77, 0>
[FINE]      <9, 77, 0>
[FINE] States by incoming for 59 is [<9, 77, 0>]
[FINE] Adding new successors to <8, 38, 0>: 
[FINER] Empty Until Array
[FINE] [-1]
[FINE] Creating Product State:<9, 63, 0>
[FINE]      <9, 63, 0>
[FINE] States by incoming for 59 is [<9, 63, 0>, <9, 77, 0>]
[FINE] Adding new successors to <8, 38, 0>: 
[FINER] Empty Until Array
[FINE] [-1]
[FINE] Creating Product State:<9, 50, 0>
[FINE]      <9, 50, 0>
[FINE] States by incoming for 59 is [<9, 63, 0>, <9, 50, 0>, <9, 77, 0>]
[FINE] Adding new successors to <8, 38, 0>: 
[FINER] Empty Until Array
[FINE] [-1]
[FINE] Creating Product State:<9, 38, 0>
[FINE]      <9, 38, 0>
[FINE] States by incoming for 59 is [<9, 63, 0>, <9, 50, 0>, <9, 38, 0>, <9, 77, 0>]
[FINE] Adding new successors to <8, 38, 0>: 
[FINER] Empty Until Array
[FINE] [-1]
[FINE] Creating Product State:<9, 27, 0>
[FINE]      <9, 27, 0>
[FINE] States by incoming for 59 is [<9, 63, 0>, <9, 50, 0>, <9, 38, 0>, <9, 27, 0>, <9, 77, 0>]
[FINE] Adding new successors to <8, 38, 0>: 
[FINER] Empty Until Array
[FINE] [-1]
[FINE] Creating Product State:<9, 17, 0>
[FINE]      <9, 17, 0>
[FINE] States by incoming for 59 is [<9, 17, 0>, <9, 63, 0>, <9, 50, 0>, <9, 38, 0>, <9, 27, 0>, <9, 77, 0>]
[FINE] Adding new successors to <8, 38, 0>: 
[FINER] Empty Until Array
[FINE] [-1]
[FINE] Creating Product State:<9, 8, 0>
[FINE]      <9, 8, 0>
[FINE] States by incoming for 59 is [<9, 17, 0>, <9, 8, 0>, <9, 63, 0>, <9, 50, 0>, <9, 38, 0>, <9, 27, 0>, <9, 77, 0>]
[FINE] [-1]
[FINE] Adding new successors to <8, 50, 0>: 
[FINE]      <9, 77, 0>
[FINE] [-1]
[FINE] Adding new successors to <8, 63, 0>: 
[FINE]      <9, 77, 0>
[FINE] [-1]
[FINE] Adding new successors to <8, 77, 0>: 
[FINE]      <9, 77, 0>
[FINE] [-1]
[FINE] Adding new successors to <8, 8, 0>: 
[FINE]      <9, 77, 0>
[FINE] [-1]
[FINE] Adding new successors to <8, 17, 0>: 
[FINE]      <9, 77, 0>
[FINE] [-1]
[FINE] Adding new successors to <8, 27, 0>: 
[FINE]      <9, 77, 0>
[FINE] Current DFS State: <8, 38, 0>
[FINE] New Path: [<0, 77, 0>, <0, 63, 0>, <0, 50, 0>, <0, 38, 0>, <0, 27, 0>, <0, 17, 0>, <0, 8, 0>, <1, 77, 0>, <2, 38, 0>, <3, 77, 0>, <4, 8, 0>, <5, 77, 0>, <6, 8, 0>, <7, 50, 0>, <8, 38, 0>, <9, 17, 0>]
[FINE] Current DFS State: <9, 17, 0>
[FINE] Model isn't done
[INFO] Current Path: [0, 1, 2, 3, 4, 5, 6, 7, 8, 9]
----------------------------------- [10] forward: 9 new
		 # choice: gov.nasa.jpf.vm.choice.IntChoiceFromSet[id="agentSchedulerChoice",isCascaded:false,>0,1]
[INFO] Sleeping agent carol
		 # garbage collection
[FINE] Entering addModelState
[FINE] adding state
[INFO] Adding 10 to [0, 1, 2, 3, 4, 5, 6, 7, 8, 9]
[FINE] Entering new Product States in order to expand the path
[FINE] [-1]
[FINE] Adding new successors to <9, 17, 0>: 
[FINER] Empty Until Array
[FINE] [-1]
[FINE] Creating Product State:<10, 77, 0>
[FINE]      <10, 77, 0>
[FINE] States by incoming for 68 is [<10, 77, 0>]
[FINE] Adding new successors to <9, 17, 0>: 
[FINER] Empty Until Array
[FINE] [-1]
[FINE] Creating Product State:<10, 63, 0>
[FINE]      <10, 63, 0>
[FINE] States by incoming for 68 is [<10, 77, 0>, <10, 63, 0>]
[FINE] Adding new successors to <9, 17, 0>: 
[FINER] Empty Until Array
[FINE] [-1]
[FINE] Creating Product State:<10, 50, 0>
[FINE]      <10, 50, 0>
[FINE] States by incoming for 68 is [<10, 77, 0>, <10, 63, 0>, <10, 50, 0>]
[FINE] Adding new successors to <9, 17, 0>: 
[FINER] Empty Until Array
[FINE] [-1]
[FINE] Creating Product State:<10, 38, 0>
[FINE]      <10, 38, 0>
[FINE] States by incoming for 68 is [<10, 77, 0>, <10, 63, 0>, <10, 50, 0>, <10, 38, 0>]
[FINE] Adding new successors to <9, 17, 0>: 
[FINER] Empty Until Array
[FINE] [-1]
[FINE] Creating Product State:<10, 27, 0>
[FINE]      <10, 27, 0>
[FINE] States by incoming for 68 is [<10, 77, 0>, <10, 63, 0>, <10, 50, 0>, <10, 38, 0>, <10, 27, 0>]
[FINE] Adding new successors to <9, 17, 0>: 
[FINER] Empty Until Array
[FINE] [-1]
[FINE] Creating Product State:<10, 17, 0>
[FINE]      <10, 17, 0>
[FINE] States by incoming for 68 is [<10, 77, 0>, <10, 63, 0>, <10, 50, 0>, <10, 38, 0>, <10, 27, 0>, <10, 17, 0>]
[FINE] Adding new successors to <9, 17, 0>: 
[FINER] Empty Until Array
[FINE] [-1]
[FINE] Creating Product State:<10, 8, 0>
[FINE]      <10, 8, 0>
[FINE] States by incoming for 68 is [<10, 77, 0>, <10, 63, 0>, <10, 8, 0>, <10, 50, 0>, <10, 38, 0>, <10, 27, 0>, <10, 17, 0>]
[FINE] [-1]
[FINE] Adding new successors to <9, 8, 0>: 
[FINE]      <10, 77, 0>
[FINE] [-1]
[FINE] Adding new successors to <9, 63, 0>: 
[FINE]      <10, 77, 0>
[FINE] [-1]
[FINE] Adding new successors to <9, 50, 0>: 
[FINE]      <10, 77, 0>
[FINE] [-1]
[FINE] Adding new successors to <9, 38, 0>: 
[FINE]      <10, 77, 0>
[FINE] [-1]
[FINE] Adding new successors to <9, 27, 0>: 
[FINE]      <10, 77, 0>
[FINE] [-1]
[FINE] Adding new successors to <9, 77, 0>: 
[FINE]      <10, 77, 0>
[FINE] Current DFS State: <9, 17, 0>
[FINE] New Path: [<0, 77, 0>, <0, 63, 0>, <0, 50, 0>, <0, 38, 0>, <0, 27, 0>, <0, 17, 0>, <0, 8, 0>, <1, 77, 0>, <2, 38, 0>, <3, 77, 0>, <4, 8, 0>, <5, 77, 0>, <6, 8, 0>, <7, 50, 0>, <8, 38, 0>, <9, 17, 0>, <10, 77, 0>]
[FINE] Current DFS State: <10, 77, 0>
[FINE] Model isn't done
[INFO] Current Path: [0, 1, 2, 3, 4, 5, 6, 7, 8, 9, 10]
----------------------------------- [11] forward: 10 new
		 # choice: gov.nasa.jpf.vm.choice.IntChoiceFromSet[id="agentSchedulerChoice",isCascaded:false,>0]
******************************* [sally] send(0:om(org(rea(sally,customer))), mike) ************************************
[INFO] Waking agent mike
[INFO] sally done send(0:om(org(rea(sally,customer))), mike)
		 # garbage collection
[FINE] Entering addModelState
[FINE] adding state
[INFO] Adding 11 to [0, 1, 2, 3, 4, 5, 6, 7, 8, 9, 10]
[FINE] Entering new Product States in order to expand the path
[FINE] [-1]
[FINE] Adding new successors to <10, 77, 0>: 
[FINER] Empty Until Array
[FINE] [-1]
[FINE] Creating Product State:<11, 77, 0>
[FINE]      <11, 77, 0>
[FINE] States by incoming for 70 is [<11, 77, 0>]
[FINE] Adding new successors to <10, 77, 0>: 
[FINER] Empty Until Array
[FINE] [-1]
[FINE] Creating Product State:<11, 63, 0>
[FINE]      <11, 63, 0>
[FINE] States by incoming for 70 is [<11, 77, 0>, <11, 63, 0>]
[FINE] Adding new successors to <10, 77, 0>: 
[FINER] Empty Until Array
[FINE] [-1]
[FINE] Creating Product State:<11, 50, 0>
[FINE]      <11, 50, 0>
[FINE] States by incoming for 70 is [<11, 77, 0>, <11, 63, 0>, <11, 50, 0>]
[FINE] Adding new successors to <10, 77, 0>: 
[FINER] Empty Until Array
[FINE] [-1]
[FINE] Creating Product State:<11, 38, 0>
[FINE]      <11, 38, 0>
[FINE] States by incoming for 70 is [<11, 38, 0>, <11, 77, 0>, <11, 63, 0>, <11, 50, 0>]
[FINE] Adding new successors to <10, 77, 0>: 
[FINER] Empty Until Array
[FINE] [-1]
[FINE] Creating Product State:<11, 27, 0>
[FINE]      <11, 27, 0>
[FINE] States by incoming for 70 is [<11, 27, 0>, <11, 38, 0>, <11, 77, 0>, <11, 63, 0>, <11, 50, 0>]
[FINE] Adding new successors to <10, 77, 0>: 
[FINER] Empty Until Array
[FINE] [-1]
[FINE] Creating Product State:<11, 17, 0>
[FINE]      <11, 17, 0>
[FINE] States by incoming for 70 is [<11, 27, 0>, <11, 38, 0>, <11, 17, 0>, <11, 77, 0>, <11, 63, 0>, <11, 50, 0>]
[FINE] Adding new successors to <10, 77, 0>: 
[FINER] Empty Until Array
[FINE] [-1]
[FINE] Creating Product State:<11, 8, 0>
[FINE]      <11, 8, 0>
[FINE] States by incoming for 70 is [<11, 27, 0>, <11, 38, 0>, <11, 8, 0>, <11, 17, 0>, <11, 77, 0>, <11, 63, 0>, <11, 50, 0>]
[FINE] [-1]
[FINE] Adding new successors to <10, 63, 0>: 
[FINE]      <11, 77, 0>
[FINE] [-1]
[FINE] Adding new successors to <10, 8, 0>: 
[FINE]      <11, 77, 0>
[FINE] [-1]
[FINE] Adding new successors to <10, 50, 0>: 
[FINE]      <11, 77, 0>
[FINE] [-1]
[FINE] Adding new successors to <10, 38, 0>: 
[FINE]      <11, 77, 0>
[FINE] [-1]
[FINE] Adding new successors to <10, 27, 0>: 
[FINE]      <11, 77, 0>
[FINE] [-1]
[FINE] Adding new successors to <10, 17, 0>: 
[FINE]      <11, 77, 0>
[FINE] Current DFS State: <10, 77, 0>
[FINE] New Path: [<0, 77, 0>, <0, 63, 0>, <0, 50, 0>, <0, 38, 0>, <0, 27, 0>, <0, 17, 0>, <0, 8, 0>, <1, 77, 0>, <2, 38, 0>, <3, 77, 0>, <4, 8, 0>, <5, 77, 0>, <6, 8, 0>, <7, 50, 0>, <8, 38, 0>, <9, 17, 0>, <10, 77, 0>, <11, 27, 0>]
[FINE] Current DFS State: <11, 27, 0>
[FINE] Model isn't done
[INFO] Current Path: [0, 1, 2, 3, 4, 5, 6, 7, 8, 9, 10, 11]
----------------------------------- [12] forward: 11 new
		 # choice: gov.nasa.jpf.vm.choice.IntChoiceFromSet[id="agentSchedulerChoice",isCascaded:false,>0,1]
[INFO] Sleeping agent mike
		 # garbage collection
[FINE] Entering addModelState
[FINE] adding state
[INFO] Adding 12 to [0, 1, 2, 3, 4, 5, 6, 7, 8, 9, 10, 11]
[FINE] Entering new Product States in order to expand the path
[FINE] [-1]
[FINE] Adding new successors to <11, 27, 0>: 
[FINER] Empty Until Array
[FINE] [-1]
[FINE] Creating Product State:<12, 77, 0>
[FINE]      <12, 77, 0>
[FINE] States by incoming for 81 is [<12, 77, 0>]
[FINE] Adding new successors to <11, 27, 0>: 
[FINER] Empty Until Array
[FINE] [-1]
[FINE] Creating Product State:<12, 63, 0>
[FINE]      <12, 63, 0>
[FINE] States by incoming for 81 is [<12, 63, 0>, <12, 77, 0>]
[FINE] Adding new successors to <11, 27, 0>: 
[FINER] Empty Until Array
[FINE] [-1]
[FINE] Creating Product State:<12, 50, 0>
[FINE]      <12, 50, 0>
[FINE] States by incoming for 81 is [<12, 63, 0>, <12, 77, 0>, <12, 50, 0>]
[FINE] Adding new successors to <11, 27, 0>: 
[FINER] Empty Until Array
[FINE] [-1]
[FINE] Creating Product State:<12, 38, 0>
[FINE]      <12, 38, 0>
[FINE] States by incoming for 81 is [<12, 63, 0>, <12, 77, 0>, <12, 38, 0>, <12, 50, 0>]
[FINE] Adding new successors to <11, 27, 0>: 
[FINER] Empty Until Array
[FINE] [-1]
[FINE] Creating Product State:<12, 27, 0>
[FINE]      <12, 27, 0>
[FINE] States by incoming for 81 is [<12, 63, 0>, <12, 77, 0>, <12, 38, 0>, <12, 50, 0>, <12, 27, 0>]
[FINE] Adding new successors to <11, 27, 0>: 
[FINER] Empty Until Array
[FINE] [-1]
[FINE] Creating Product State:<12, 17, 0>
[FINE]      <12, 17, 0>
[FINE] States by incoming for 81 is [<12, 63, 0>, <12, 77, 0>, <12, 38, 0>, <12, 50, 0>, <12, 17, 0>, <12, 27, 0>]
[FINE] Adding new successors to <11, 27, 0>: 
[FINER] Empty Until Array
[FINE] [-1]
[FINE] Creating Product State:<12, 8, 0>
[FINE]      <12, 8, 0>
[FINE] States by incoming for 81 is [<12, 63, 0>, <12, 77, 0>, <12, 38, 0>, <12, 50, 0>, <12, 17, 0>, <12, 27, 0>, <12, 8, 0>]
[FINE] [-1]
[FINE] Adding new successors to <11, 38, 0>: 
[FINE]      <12, 77, 0>
[FINE] [-1]
[FINE] Adding new successors to <11, 8, 0>: 
[FINE]      <12, 77, 0>
[FINE] [-1]
[FINE] Adding new successors to <11, 17, 0>: 
[FINE]      <12, 77, 0>
[FINE] [-1]
[FINE] Adding new successors to <11, 77, 0>: 
[FINE]      <12, 77, 0>
[FINE] [-1]
[FINE] Adding new successors to <11, 63, 0>: 
[FINE]      <12, 77, 0>
[FINE] [-1]
[FINE] Adding new successors to <11, 50, 0>: 
[FINE]      <12, 77, 0>
[FINE] Current DFS State: <11, 27, 0>
[FINE] New Path: [<0, 77, 0>, <0, 63, 0>, <0, 50, 0>, <0, 38, 0>, <0, 27, 0>, <0, 17, 0>, <0, 8, 0>, <1, 77, 0>, <2, 38, 0>, <3, 77, 0>, <4, 8, 0>, <5, 77, 0>, <6, 8, 0>, <7, 50, 0>, <8, 38, 0>, <9, 17, 0>, <10, 77, 0>, <11, 27, 0>, <12, 63, 0>]
[FINE] Current DFS State: <12, 63, 0>
[FINE] Model isn't done
[INFO] Current Path: [0, 1, 2, 3, 4, 5, 6, 7, 8, 9, 10, 11, 12]
----------------------------------- [13] forward: 12 new
		 # choice: gov.nasa.jpf.vm.choice.IntChoiceFromSet[id="agentSchedulerChoice",isCascaded:false,>0]
******************************* [sally] register(address,account) ************************************
[INFO] Waking agent carol
[INFO] Waking agent mike
		 # garbage collection
[FINE] Entering addModelState
[FINE] adding state
[INFO] Adding 13 to [0, 1, 2, 3, 4, 5, 6, 7, 8, 9, 10, 11, 12]
[FINE] Entering new Product States in order to expand the path
[FINE] [-1]
[FINE] Adding new successors to <12, 63, 0>: 
[FINER] Empty Until Array
[FINE] [-1]
[FINE] Creating Product State:<13, 77, 0>
[FINE]      <13, 77, 0>
[FINE] States by incoming for 85 is [<13, 77, 0>]
[FINE] Adding new successors to <12, 63, 0>: 
[FINER] Empty Until Array
[FINE] [-1]
[FINE] Creating Product State:<13, 63, 0>
[FINE]      <13, 63, 0>
[FINE] States by incoming for 85 is [<13, 63, 0>, <13, 77, 0>]
[FINE] Adding new successors to <12, 63, 0>: 
[FINER] Empty Until Array
[FINE] [-1]
[FINE] Creating Product State:<13, 50, 0>
[FINE]      <13, 50, 0>
[FINE] States by incoming for 85 is [<13, 50, 0>, <13, 63, 0>, <13, 77, 0>]
[FINE] Adding new successors to <12, 63, 0>: 
[FINER] Empty Until Array
[FINE] [-1]
[FINE] Creating Product State:<13, 38, 0>
[FINE]      <13, 38, 0>
[FINE] States by incoming for 85 is [<13, 50, 0>, <13, 63, 0>, <13, 38, 0>, <13, 77, 0>]
[FINE] Adding new successors to <12, 63, 0>: 
[FINER] Empty Until Array
[FINE] [-1]
[FINE] Creating Product State:<13, 27, 0>
[FINE]      <13, 27, 0>
[FINE] States by incoming for 85 is [<13, 50, 0>, <13, 63, 0>, <13, 27, 0>, <13, 38, 0>, <13, 77, 0>]
[FINE] Adding new successors to <12, 63, 0>: 
[FINER] Empty Until Array
[FINE] [-1]
[FINE] Creating Product State:<13, 17, 0>
[FINE]      <13, 17, 0>
[FINE] States by incoming for 85 is [<13, 17, 0>, <13, 50, 0>, <13, 63, 0>, <13, 27, 0>, <13, 38, 0>, <13, 77, 0>]
[FINE] Adding new successors to <12, 63, 0>: 
[FINER] Empty Until Array
[FINE] [-1]
[FINE] Creating Product State:<13, 8, 0>
[FINE]      <13, 8, 0>
[FINE] States by incoming for 85 is [<13, 17, 0>, <13, 8, 0>, <13, 50, 0>, <13, 63, 0>, <13, 27, 0>, <13, 38, 0>, <13, 77, 0>]
[FINE] [-1]
[FINE] Adding new successors to <12, 77, 0>: 
[FINE]      <13, 77, 0>
[FINE] [-1]
[FINE] Adding new successors to <12, 38, 0>: 
[FINE]      <13, 77, 0>
[FINE] [-1]
[FINE] Adding new successors to <12, 50, 0>: 
[FINE]      <13, 77, 0>
[FINE] [-1]
[FINE] Adding new successors to <12, 17, 0>: 
[FINE]      <13, 77, 0>
[FINE] [-1]
[FINE] Adding new successors to <12, 27, 0>: 
[FINE]      <13, 77, 0>
[FINE] [-1]
[FINE] Adding new successors to <12, 8, 0>: 
[FINE]      <13, 77, 0>
[FINE] Current DFS State: <12, 63, 0>
[FINE] New Path: [<0, 77, 0>, <0, 63, 0>, <0, 50, 0>, <0, 38, 0>, <0, 27, 0>, <0, 17, 0>, <0, 8, 0>, <1, 77, 0>, <2, 38, 0>, <3, 77, 0>, <4, 8, 0>, <5, 77, 0>, <6, 8, 0>, <7, 50, 0>, <8, 38, 0>, <9, 17, 0>, <10, 77, 0>, <11, 27, 0>, <12, 63, 0>, <13, 17, 0>]
[FINE] Current DFS State: <13, 17, 0>
[FINE] Model isn't done
[INFO] Current Path: [0, 1, 2, 3, 4, 5, 6, 7, 8, 9, 10, 11, 12, 13]
----------------------------------- [14] forward: 13 new
		 # choice: gov.nasa.jpf.vm.choice.IntChoiceFromSet[id="agentSchedulerChoice",isCascaded:false,>0,1,2]
[INFO] Sleeping agent carol
		 # garbage collection
[FINE] Entering addModelState
[FINE] adding state
[INFO] Adding 14 to [0, 1, 2, 3, 4, 5, 6, 7, 8, 9, 10, 11, 12, 13]
[FINE] Entering new Product States in order to expand the path
[FINE] [-1]
[FINE] Adding new successors to <13, 17, 0>: 
[FINER] Empty Until Array
[FINE] [-1]
[FINE] Creating Product State:<14, 77, 0>
[FINE]      <14, 77, 0>
[FINE] States by incoming for 96 is [<14, 77, 0>]
[FINE] Adding new successors to <13, 17, 0>: 
[FINER] Empty Until Array
[FINE] [-1]
[FINE] Creating Product State:<14, 63, 0>
[FINE]      <14, 63, 0>
[FINE] States by incoming for 96 is [<14, 77, 0>, <14, 63, 0>]
[FINE] Adding new successors to <13, 17, 0>: 
[FINER] Empty Until Array
[FINE] [-1]
[FINE] Creating Product State:<14, 50, 0>
[FINE]      <14, 50, 0>
[FINE] States by incoming for 96 is [<14, 50, 0>, <14, 77, 0>, <14, 63, 0>]
[FINE] Adding new successors to <13, 17, 0>: 
[FINER] Empty Until Array
[FINE] [-1]
[FINE] Creating Product State:<14, 38, 0>
[FINE]      <14, 38, 0>
[FINE] States by incoming for 96 is [<14, 50, 0>, <14, 38, 0>, <14, 77, 0>, <14, 63, 0>]
[FINE] Adding new successors to <13, 17, 0>: 
[FINER] Empty Until Array
[FINE] [-1]
[FINE] Creating Product State:<14, 27, 0>
[FINE]      <14, 27, 0>
[FINE] States by incoming for 96 is [<14, 27, 0>, <14, 50, 0>, <14, 38, 0>, <14, 77, 0>, <14, 63, 0>]
[FINE] Adding new successors to <13, 17, 0>: 
[FINER] Empty Until Array
[FINE] [-1]
[FINE] Creating Product State:<14, 17, 0>
[FINE]      <14, 17, 0>
[FINE] States by incoming for 96 is [<14, 27, 0>, <14, 17, 0>, <14, 50, 0>, <14, 38, 0>, <14, 77, 0>, <14, 63, 0>]
[FINE] Adding new successors to <13, 17, 0>: 
[FINER] Empty Until Array
[FINE] [-1]
[FINE] Creating Product State:<14, 8, 0>
[FINE]      <14, 8, 0>
[FINE] States by incoming for 96 is [<14, 27, 0>, <14, 17, 0>, <14, 50, 0>, <14, 38, 0>, <14, 77, 0>, <14, 63, 0>, <14, 8, 0>]
[FINE] [-1]
[FINE] Adding new successors to <13, 8, 0>: 
[FINE]      <14, 77, 0>
[FINE] [-1]
[FINE] Adding new successors to <13, 50, 0>: 
[FINE]      <14, 77, 0>
[FINE] [-1]
[FINE] Adding new successors to <13, 63, 0>: 
[FINE]      <14, 77, 0>
[FINE] [-1]
[FINE] Adding new successors to <13, 27, 0>: 
[FINE]      <14, 77, 0>
[FINE] [-1]
[FINE] Adding new successors to <13, 38, 0>: 
[FINE]      <14, 77, 0>
[FINE] [-1]
[FINE] Adding new successors to <13, 77, 0>: 
[FINE]      <14, 77, 0>
[FINE] Current DFS State: <13, 17, 0>
[FINE] New Path: [<0, 77, 0>, <0, 63, 0>, <0, 50, 0>, <0, 38, 0>, <0, 27, 0>, <0, 17, 0>, <0, 8, 0>, <1, 77, 0>, <2, 38, 0>, <3, 77, 0>, <4, 8, 0>, <5, 77, 0>, <6, 8, 0>, <7, 50, 0>, <8, 38, 0>, <9, 17, 0>, <10, 77, 0>, <11, 27, 0>, <12, 63, 0>, <13, 17, 0>, <14, 27, 0>]
[FINE] Current DFS State: <14, 27, 0>
[FINE] Model isn't done
[INFO] Current Path: [0, 1, 2, 3, 4, 5, 6, 7, 8, 9, 10, 11, 12, 13, 14]
----------------------------------- [15] forward: 14 new
		 # choice: gov.nasa.jpf.vm.choice.IntChoiceFromSet[id="agentSchedulerChoice",isCascaded:false,>0,1]
[INFO] Sleeping agent mike
		 # garbage collection
[FINE] Entering addModelState
[FINE] adding state
[INFO] Adding 15 to [0, 1, 2, 3, 4, 5, 6, 7, 8, 9, 10, 11, 12, 13, 14]
[FINE] Entering new Product States in order to expand the path
[FINE] [-1]
[FINE] Adding new successors to <14, 27, 0>: 
[FINER] Empty Until Array
[FINE] [-1]
[FINE] Creating Product State:<15, 77, 0>
[FINE]      <15, 77, 0>
[FINE] States by incoming for 102 is [<15, 77, 0>]
[FINE] Adding new successors to <14, 27, 0>: 
[FINER] Empty Until Array
[FINE] [-1]
[FINE] Creating Product State:<15, 63, 0>
[FINE]      <15, 63, 0>
[FINE] States by incoming for 102 is [<15, 63, 0>, <15, 77, 0>]
[FINE] Adding new successors to <14, 27, 0>: 
[FINER] Empty Until Array
[FINE] [-1]
[FINE] Creating Product State:<15, 50, 0>
[FINE]      <15, 50, 0>
[FINE] States by incoming for 102 is [<15, 63, 0>, <15, 50, 0>, <15, 77, 0>]
[FINE] Adding new successors to <14, 27, 0>: 
[FINER] Empty Until Array
[FINE] [-1]
[FINE] Creating Product State:<15, 38, 0>
[FINE]      <15, 38, 0>
[FINE] States by incoming for 102 is [<15, 38, 0>, <15, 63, 0>, <15, 50, 0>, <15, 77, 0>]
[FINE] Adding new successors to <14, 27, 0>: 
[FINER] Empty Until Array
[FINE] [-1]
[FINE] Creating Product State:<15, 27, 0>
[FINE]      <15, 27, 0>
[FINE] States by incoming for 102 is [<15, 38, 0>, <15, 27, 0>, <15, 63, 0>, <15, 50, 0>, <15, 77, 0>]
[FINE] Adding new successors to <14, 27, 0>: 
[FINER] Empty Until Array
[FINE] [-1]
[FINE] Creating Product State:<15, 17, 0>
[FINE]      <15, 17, 0>
[FINE] States by incoming for 102 is [<15, 17, 0>, <15, 38, 0>, <15, 27, 0>, <15, 63, 0>, <15, 50, 0>, <15, 77, 0>]
[FINE] Adding new successors to <14, 27, 0>: 
[FINER] Empty Until Array
[FINE] [-1]
[FINE] Creating Product State:<15, 8, 0>
[FINE]      <15, 8, 0>
[FINE] States by incoming for 102 is [<15, 17, 0>, <15, 8, 0>, <15, 38, 0>, <15, 27, 0>, <15, 63, 0>, <15, 50, 0>, <15, 77, 0>]
[FINE] [-1]
[FINE] Adding new successors to <14, 17, 0>: 
[FINE]      <15, 77, 0>
[FINE] [-1]
[FINE] Adding new successors to <14, 50, 0>: 
[FINE]      <15, 77, 0>
[FINE] [-1]
[FINE] Adding new successors to <14, 38, 0>: 
[FINE]      <15, 77, 0>
[FINE] [-1]
[FINE] Adding new successors to <14, 77, 0>: 
[FINE]      <15, 77, 0>
[FINE] [-1]
[FINE] Adding new successors to <14, 63, 0>: 
[FINE]      <15, 77, 0>
[FINE] [-1]
[FINE] Adding new successors to <14, 8, 0>: 
[FINE]      <15, 77, 0>
[FINE] Current DFS State: <14, 27, 0>
[FINE] New Path: [<0, 77, 0>, <0, 63, 0>, <0, 50, 0>, <0, 38, 0>, <0, 27, 0>, <0, 17, 0>, <0, 8, 0>, <1, 77, 0>, <2, 38, 0>, <3, 77, 0>, <4, 8, 0>, <5, 77, 0>, <6, 8, 0>, <7, 50, 0>, <8, 38, 0>, <9, 17, 0>, <10, 77, 0>, <11, 27, 0>, <12, 63, 0>, <13, 17, 0>, <14, 27, 0>, <15, 17, 0>]
[FINE] Current DFS State: <15, 17, 0>
[FINE] Model isn't done
[INFO] Current Path: [0, 1, 2, 3, 4, 5, 6, 7, 8, 9, 10, 11, 12, 13, 14, 15]
----------------------------------- [16] forward: 15 new
		 # choice: gov.nasa.jpf.vm.choice.IntChoiceFromSet[id="agentSchedulerChoice",isCascaded:false,>0]
******************************* [sally] send(0:om(org(rea(sally,seller))), carol) ************************************
[INFO] Waking agent carol
[INFO] sally done send(0:om(org(rea(sally,seller))), carol)
		 # garbage collection
[FINE] Entering addModelState
[FINE] adding state
[INFO] Adding 16 to [0, 1, 2, 3, 4, 5, 6, 7, 8, 9, 10, 11, 12, 13, 14, 15]
[FINE] Entering new Product States in order to expand the path
[FINE] [-1]
[FINE] Adding new successors to <15, 17, 0>: 
[FINER] Empty Until Array
[FINE] [-1]
[FINE] Creating Product State:<16, 77, 0>
[FINE]      <16, 77, 0>
[FINE] States by incoming for 110 is [<16, 77, 0>]
[FINE] Adding new successors to <15, 17, 0>: 
[FINER] Empty Until Array
[FINE] [-1]
[FINE] Creating Product State:<16, 63, 0>
[FINE]      <16, 63, 0>
[FINE] States by incoming for 110 is [<16, 63, 0>, <16, 77, 0>]
[FINE] Adding new successors to <15, 17, 0>: 
[FINER] Empty Until Array
[FINE] [-1]
[FINE] Creating Product State:<16, 50, 0>
[FINE]      <16, 50, 0>
[FINE] States by incoming for 110 is [<16, 50, 0>, <16, 63, 0>, <16, 77, 0>]
[FINE] Adding new successors to <15, 17, 0>: 
[FINER] Empty Until Array
[FINE] [-1]
[FINE] Creating Product State:<16, 38, 0>
[FINE]      <16, 38, 0>
[FINE] States by incoming for 110 is [<16, 38, 0>, <16, 50, 0>, <16, 63, 0>, <16, 77, 0>]
[FINE] Adding new successors to <15, 17, 0>: 
[FINER] Empty Until Array
[FINE] [-1]
[FINE] Creating Product State:<16, 27, 0>
[FINE]      <16, 27, 0>
[FINE] States by incoming for 110 is [<16, 27, 0>, <16, 38, 0>, <16, 50, 0>, <16, 63, 0>, <16, 77, 0>]
[FINE] Adding new successors to <15, 17, 0>: 
[FINER] Empty Until Array
[FINE] [-1]
[FINE] Creating Product State:<16, 17, 0>
[FINE]      <16, 17, 0>
[FINE] States by incoming for 110 is [<16, 17, 0>, <16, 27, 0>, <16, 38, 0>, <16, 50, 0>, <16, 63, 0>, <16, 77, 0>]
[FINE] [-1]
[FINE] Adding new successors to <15, 8, 0>: 
[FINE]      <16, 77, 0>
[FINE] [-1]
[FINE] Adding new successors to <15, 38, 0>: 
[FINE]      <16, 77, 0>
[FINE] [-1]
[FINE] Adding new successors to <15, 27, 0>: 
[FINE]      <16, 77, 0>
[FINE] [-1]
[FINE] Adding new successors to <15, 63, 0>: 
[FINE]      <16, 77, 0>
[FINE] [-1]
[FINE] Adding new successors to <15, 50, 0>: 
[FINE]      <16, 77, 0>
[FINE] [-1]
[FINE] Adding new successors to <15, 77, 0>: 
[FINE]      <16, 77, 0>
[FINE] Current DFS State: <15, 17, 0>
[FINE] New Path: [<0, 77, 0>, <0, 63, 0>, <0, 50, 0>, <0, 38, 0>, <0, 27, 0>, <0, 17, 0>, <0, 8, 0>, <1, 77, 0>, <2, 38, 0>, <3, 77, 0>, <4, 8, 0>, <5, 77, 0>, <6, 8, 0>, <7, 50, 0>, <8, 38, 0>, <9, 17, 0>, <10, 77, 0>, <11, 27, 0>, <12, 63, 0>, <13, 17, 0>, <14, 27, 0>, <15, 17, 0>, <16, 17, 0>]
[FINE] Current DFS State: <16, 17, 0>
[FINE] Model isn't done
[INFO] Current Path: [0, 1, 2, 3, 4, 5, 6, 7, 8, 9, 10, 11, 12, 13, 14, 15, 16]
----------------------------------- [17] forward: 16 new
		 # choice: gov.nasa.jpf.vm.choice.IntChoiceFromSet[id="agentSchedulerChoice",isCascaded:false,>0,1]
[INFO] Sleeping agent carol
		 # garbage collection
[FINE] Entering addModelState
[FINE] adding state
[INFO] Adding 17 to [0, 1, 2, 3, 4, 5, 6, 7, 8, 9, 10, 11, 12, 13, 14, 15, 16]
[FINE] Entering new Product States in order to expand the path
[FINE] [-1]
[FINE] Adding new successors to <16, 17, 0>: 
[FINER] Empty Until Array
[FINE] [-1]
[FINE] Creating Product State:<17, 77, 0>
[FINE]      <17, 77, 0>
[FINE] States by incoming for 117 is [<17, 77, 0>]
[FINE] Adding new successors to <16, 17, 0>: 
[FINER] Empty Until Array
[FINE] [-1]
[FINE] Creating Product State:<17, 63, 0>
[FINE]      <17, 63, 0>
[FINE] States by incoming for 117 is [<17, 63, 0>, <17, 77, 0>]
[FINE] Adding new successors to <16, 17, 0>: 
[FINER] Empty Until Array
[FINE] [-1]
[FINE] Creating Product State:<17, 50, 0>
[FINE]      <17, 50, 0>
[FINE] States by incoming for 117 is [<17, 63, 0>, <17, 77, 0>, <17, 50, 0>]
[FINE] Adding new successors to <16, 17, 0>: 
[FINER] Empty Until Array
[FINE] [-1]
[FINE] Creating Product State:<17, 38, 0>
[FINE]      <17, 38, 0>
[FINE] States by incoming for 117 is [<17, 63, 0>, <17, 77, 0>, <17, 38, 0>, <17, 50, 0>]
[FINE] Adding new successors to <16, 17, 0>: 
[FINER] Empty Until Array
[FINE] [-1]
[FINE] Creating Product State:<17, 27, 0>
[FINE]      <17, 27, 0>
[FINE] States by incoming for 117 is [<17, 63, 0>, <17, 77, 0>, <17, 27, 0>, <17, 38, 0>, <17, 50, 0>]
[FINE] Adding new successors to <16, 17, 0>: 
[FINER] Empty Until Array
[FINE] [-1]
[FINE] Creating Product State:<17, 17, 0>
[FINE]      <17, 17, 0>
[FINE] States by incoming for 117 is [<17, 63, 0>, <17, 77, 0>, <17, 17, 0>, <17, 27, 0>, <17, 38, 0>, <17, 50, 0>]
[FINE] [-1]
[FINE] Adding new successors to <16, 27, 0>: 
[FINE]      <17, 77, 0>
[FINE] [-1]
[FINE] Adding new successors to <16, 38, 0>: 
[FINE]      <17, 77, 0>
[FINE] [-1]
[FINE] Adding new successors to <16, 50, 0>: 
[FINE]      <17, 77, 0>
[FINE] [-1]
[FINE] Adding new successors to <16, 63, 0>: 
[FINE]      <17, 77, 0>
[FINE] [-1]
[FINE] Adding new successors to <16, 77, 0>: 
[FINE]      <17, 77, 0>
[FINE] Current DFS State: <16, 17, 0>
[FINE] New Path: [<0, 77, 0>, <0, 63, 0>, <0, 50, 0>, <0, 38, 0>, <0, 27, 0>, <0, 17, 0>, <0, 8, 0>, <1, 77, 0>, <2, 38, 0>, <3, 77, 0>, <4, 8, 0>, <5, 77, 0>, <6, 8, 0>, <7, 50, 0>, <8, 38, 0>, <9, 17, 0>, <10, 77, 0>, <11, 27, 0>, <12, 63, 0>, <13, 17, 0>, <14, 27, 0>, <15, 17, 0>, <16, 17, 0>, <17, 63, 0>]
[FINE] Current DFS State: <17, 63, 0>
[FINE] Model isn't done
[INFO] Current Path: [0, 1, 2, 3, 4, 5, 6, 7, 8, 9, 10, 11, 12, 13, 14, 15, 16, 17]
----------------------------------- [18] forward: 17 new
		 # choice: gov.nasa.jpf.vm.choice.IntChoiceFromSet[id="agentSchedulerChoice",isCascaded:false,>0]
******************************* [sally] send(0:om(org(rea(sally,seller))), mike) ************************************
[INFO] Waking agent mike
[INFO] sally done send(0:om(org(rea(sally,seller))), mike)
		 # garbage collection
[FINE] Entering addModelState
[FINE] adding state
[INFO] Adding 18 to [0, 1, 2, 3, 4, 5, 6, 7, 8, 9, 10, 11, 12, 13, 14, 15, 16, 17]
[FINE] Entering new Product States in order to expand the path
[FINE] [-1]
[FINE] Adding new successors to <17, 63, 0>: 
[FINER] Empty Until Array
[FINE] [-1]
[FINE] Creating Product State:<18, 77, 0>
[FINE]      <18, 77, 0>
[FINE] States by incoming for 119 is [<18, 77, 0>]
[FINE] Adding new successors to <17, 63, 0>: 
[FINER] Empty Until Array
[FINE] [-1]
[FINE] Creating Product State:<18, 63, 0>
[FINE]      <18, 63, 0>
[FINE] States by incoming for 119 is [<18, 63, 0>, <18, 77, 0>]
[FINE] Adding new successors to <17, 63, 0>: 
[FINER] Empty Until Array
[FINE] [-1]
[FINE] Creating Product State:<18, 50, 0>
[FINE]      <18, 50, 0>
[FINE] States by incoming for 119 is [<18, 50, 0>, <18, 63, 0>, <18, 77, 0>]
[FINE] Adding new successors to <17, 63, 0>: 
[FINER] Empty Until Array
[FINE] [-1]
[FINE] Creating Product State:<18, 38, 0>
[FINE]      <18, 38, 0>
[FINE] States by incoming for 119 is [<18, 38, 0>, <18, 50, 0>, <18, 63, 0>, <18, 77, 0>]
[FINE] Adding new successors to <17, 63, 0>: 
[FINER] Empty Until Array
[FINE] [-1]
[FINE] Creating Product State:<18, 27, 0>
[FINE]      <18, 27, 0>
[FINE] States by incoming for 119 is [<18, 38, 0>, <18, 27, 0>, <18, 50, 0>, <18, 63, 0>, <18, 77, 0>]
[FINE] Adding new successors to <17, 63, 0>: 
[FINER] Empty Until Array
[FINE] [-1]
[FINE] Creating Product State:<18, 17, 0>
[FINE]      <18, 17, 0>
[FINE] States by incoming for 119 is [<18, 17, 0>, <18, 38, 0>, <18, 27, 0>, <18, 50, 0>, <18, 63, 0>, <18, 77, 0>]
[FINE] [-1]
[FINE] Adding new successors to <17, 77, 0>: 
[FINE]      <18, 77, 0>
[FINE] [-1]
[FINE] Adding new successors to <17, 17, 0>: 
[FINE]      <18, 77, 0>
[FINE] [-1]
[FINE] Adding new successors to <17, 27, 0>: 
[FINE]      <18, 77, 0>
[FINE] [-1]
[FINE] Adding new successors to <17, 38, 0>: 
[FINE]      <18, 77, 0>
[FINE] [-1]
[FINE] Adding new successors to <17, 50, 0>: 
[FINE]      <18, 77, 0>
[FINE] Current DFS State: <17, 63, 0>
[FINE] New Path: [<0, 77, 0>, <0, 63, 0>, <0, 50, 0>, <0, 38, 0>, <0, 27, 0>, <0, 17, 0>, <0, 8, 0>, <1, 77, 0>, <2, 38, 0>, <3, 77, 0>, <4, 8, 0>, <5, 77, 0>, <6, 8, 0>, <7, 50, 0>, <8, 38, 0>, <9, 17, 0>, <10, 77, 0>, <11, 27, 0>, <12, 63, 0>, <13, 17, 0>, <14, 27, 0>, <15, 17, 0>, <16, 17, 0>, <17, 63, 0>, <18, 17, 0>]
[FINE] Current DFS State: <18, 17, 0>
[FINE] Model isn't done
[INFO] Current Path: [0, 1, 2, 3, 4, 5, 6, 7, 8, 9, 10, 11, 12, 13, 14, 15, 16, 17, 18]
----------------------------------- [19] forward: 18 new
		 # choice: gov.nasa.jpf.vm.choice.IntChoiceFromSet[id="agentSchedulerChoice",isCascaded:false,>0,1]
[INFO] Sleeping agent mike
		 # garbage collection
[FINE] Entering addModelState
[FINE] adding state
[INFO] Adding 19 to [0, 1, 2, 3, 4, 5, 6, 7, 8, 9, 10, 11, 12, 13, 14, 15, 16, 17, 18]
[FINE] Entering new Product States in order to expand the path
[FINE] [-1]
[FINE] Adding new successors to <18, 38, 0>: 
[FINER] Empty Until Array
[FINE] [-1]
[FINE] Creating Product State:<19, 77, 0>
[FINE]      <19, 77, 0>
[FINE] States by incoming for 127 is [<19, 77, 0>]
[FINE] Adding new successors to <18, 38, 0>: 
[FINER] Empty Until Array
[FINE] [-1]
[FINE] Creating Product State:<19, 63, 0>
[FINE]      <19, 63, 0>
[FINE] States by incoming for 127 is [<19, 63, 0>, <19, 77, 0>]
[FINE] Adding new successors to <18, 38, 0>: 
[FINER] Empty Until Array
[FINE] [-1]
[FINE] Creating Product State:<19, 50, 0>
[FINE]      <19, 50, 0>
[FINE] States by incoming for 127 is [<19, 63, 0>, <19, 77, 0>, <19, 50, 0>]
[FINE] Adding new successors to <18, 38, 0>: 
[FINER] Empty Until Array
[FINE] [-1]
[FINE] Creating Product State:<19, 38, 0>
[FINE]      <19, 38, 0>
[FINE] States by incoming for 127 is [<19, 63, 0>, <19, 77, 0>, <19, 38, 0>, <19, 50, 0>]
[FINE] Adding new successors to <18, 38, 0>: 
[FINER] Empty Until Array
[FINE] [-1]
[FINE] Creating Product State:<19, 27, 0>
[FINE]      <19, 27, 0>
[FINE] States by incoming for 127 is [<19, 63, 0>, <19, 77, 0>, <19, 38, 0>, <19, 50, 0>, <19, 27, 0>]
[FINE] Adding new successors to <18, 38, 0>: 
[FINER] Empty Until Array
[FINE] [-1]
[FINE] Creating Product State:<19, 17, 0>
[FINE]      <19, 17, 0>
[FINE] States by incoming for 127 is [<19, 63, 0>, <19, 77, 0>, <19, 38, 0>, <19, 50, 0>, <19, 17, 0>, <19, 27, 0>]
[FINE] [-1]
[FINE] Adding new successors to <18, 17, 0>: 
[FINE]      <19, 77, 0>
[FINE] [-1]
[FINE] Adding new successors to <18, 27, 0>: 
[FINE]      <19, 77, 0>
[FINE] [-1]
[FINE] Adding new successors to <18, 50, 0>: 
[FINE]      <19, 77, 0>
[FINE] [-1]
[FINE] Adding new successors to <18, 63, 0>: 
[FINE]      <19, 77, 0>
[FINE] [-1]
[FINE] Adding new successors to <18, 77, 0>: 
[FINE]      <19, 77, 0>
[FINE] Current DFS State: <18, 17, 0>
[FINE] New Path: [<0, 77, 0>, <0, 63, 0>, <0, 50, 0>, <0, 38, 0>, <0, 27, 0>, <0, 17, 0>, <0, 8, 0>, <1, 77, 0>, <2, 38, 0>, <3, 77, 0>, <4, 8, 0>, <5, 77, 0>, <6, 8, 0>, <7, 50, 0>, <8, 38, 0>, <9, 17, 0>, <10, 77, 0>, <11, 27, 0>, <12, 63, 0>, <13, 17, 0>, <14, 27, 0>, <15, 17, 0>, <16, 17, 0>, <17, 63, 0>, <18, 17, 0>, <19, 77, 0>]
[FINE] Current DFS State: <19, 77, 0>
[FINE] Model isn't done
[INFO] Current Path: [0, 1, 2, 3, 4, 5, 6, 7, 8, 9, 10, 11, 12, 13, 14, 15, 16, 17, 18, 19]
----------------------------------- [20] forward: 19 new
		 # choice: gov.nasa.jpf.vm.choice.IntChoiceFromSet[id="agentSchedulerChoice",isCascaded:false,>0]
******************************* [sally] send(0:om(opt(obj(verified(sally)))), mike) ************************************
[INFO] Waking agent mike
[INFO] sally done send(0:om(opt(obj(verified(sally)))), mike)
		 # garbage collection
[FINE] Entering addModelState
[FINE] adding state
[INFO] Adding 20 to [0, 1, 2, 3, 4, 5, 6, 7, 8, 9, 10, 11, 12, 13, 14, 15, 16, 17, 18, 19]
[FINE] Entering new Product States in order to expand the path
[FINE] [-1]
[FINE] Adding new successors to <19, 63, 0>: 
[FINER] Empty Until Array
[FINE] [-1]
[FINE] Creating Product State:<20, 77, 0>
[FINE]      <20, 77, 0>
[FINE] States by incoming for 131 is [<20, 77, 0>]
[FINE] Adding new successors to <19, 63, 0>: 
[FINER] Empty Until Array
[FINE] [-1]
[FINE] Creating Product State:<20, 63, 0>
[FINE]      <20, 63, 0>
[FINE] States by incoming for 131 is [<20, 63, 0>, <20, 77, 0>]
[FINE] Adding new successors to <19, 63, 0>: 
[FINER] Empty Until Array
[FINE] [-1]
[FINE] Creating Product State:<20, 50, 0>
[FINE]      <20, 50, 0>
[FINE] States by incoming for 131 is [<20, 63, 0>, <20, 77, 0>, <20, 50, 0>]
[FINE] Adding new successors to <19, 63, 0>: 
[FINER] Empty Until Array
[FINE] [-1]
[FINE] Creating Product State:<20, 38, 0>
[FINE]      <20, 38, 0>
[FINE] States by incoming for 131 is [<20, 63, 0>, <20, 77, 0>, <20, 38, 0>, <20, 50, 0>]
[FINE] Adding new successors to <19, 63, 0>: 
[FINER] Empty Until Array
[FINE] [-1]
[FINE] Creating Product State:<20, 27, 0>
[FINE]      <20, 27, 0>
[FINE] States by incoming for 131 is [<20, 63, 0>, <20, 77, 0>, <20, 38, 0>, <20, 50, 0>, <20, 27, 0>]
[FINE] Adding new successors to <19, 63, 0>: 
[FINER] Empty Until Array
[FINE] [-1]
[FINE] Creating Product State:<20, 17, 0>
[FINE]      <20, 17, 0>
[FINE] States by incoming for 131 is [<20, 63, 0>, <20, 77, 0>, <20, 38, 0>, <20, 50, 0>, <20, 17, 0>, <20, 27, 0>]
[FINE] [-1]
[FINE] Adding new successors to <19, 77, 0>: 
[FINE]      <20, 77, 0>
[FINE] [-1]
[FINE] Adding new successors to <19, 38, 0>: 
[FINE]      <20, 77, 0>
[FINE] [-1]
[FINE] Adding new successors to <19, 50, 0>: 
[FINE]      <20, 77, 0>
[FINE] [-1]
[FINE] Adding new successors to <19, 17, 0>: 
[FINE]      <20, 77, 0>
[FINE] [-1]
[FINE] Adding new successors to <19, 27, 0>: 
[FINE]      <20, 77, 0>
[FINE] Current DFS State: <19, 77, 0>
[FINE] New Path: [<0, 77, 0>, <0, 63, 0>, <0, 50, 0>, <0, 38, 0>, <0, 27, 0>, <0, 17, 0>, <0, 8, 0>, <1, 77, 0>, <2, 38, 0>, <3, 77, 0>, <4, 8, 0>, <5, 77, 0>, <6, 8, 0>, <7, 50, 0>, <8, 38, 0>, <9, 17, 0>, <10, 77, 0>, <11, 27, 0>, <12, 63, 0>, <13, 17, 0>, <14, 27, 0>, <15, 17, 0>, <16, 17, 0>, <17, 63, 0>, <18, 17, 0>, <19, 77, 0>, <20, 77, 0>]
[FINE] Current DFS State: <20, 77, 0>
[FINE] Model isn't done
[INFO] Current Path: [0, 1, 2, 3, 4, 5, 6, 7, 8, 9, 10, 11, 12, 13, 14, 15, 16, 17, 18, 19, 20]
----------------------------------- [21] forward: 20 new
		 # choice: gov.nasa.jpf.vm.choice.IntChoiceFromSet[id="agentSchedulerChoice",isCascaded:false,>0,1]
******************************* [mike] verify(sally) ************************************
		 # garbage collection
[FINE] Entering addModelState
[FINE] adding state
[INFO] Adding 21 to [0, 1, 2, 3, 4, 5, 6, 7, 8, 9, 10, 11, 12, 13, 14, 15, 16, 17, 18, 19, 20]
[FINE] Entering new Product States in order to expand the path
[FINE] [-1]
[FINE] Adding new successors to <20, 63, 0>: 
[FINER] Empty Until Array
[FINE] [-1]
[FINE] Creating Product State:<21, 77, 0>
[FINE]      <21, 77, 0>
[FINE] States by incoming for 137 is [<21, 77, 0>]
[FINE] Adding new successors to <20, 63, 0>: 
[FINER] Empty Until Array
[FINE] [-1]
[FINE] Creating Product State:<21, 63, 0>
[FINE]      <21, 63, 0>
[FINE] States by incoming for 137 is [<21, 63, 0>, <21, 77, 0>]
[FINE] Adding new successors to <20, 63, 0>: 
[FINER] Empty Until Array
[FINE] [-1]
[FINE] Creating Product State:<21, 50, 0>
[FINE]      <21, 50, 0>
[FINE] States by incoming for 137 is [<21, 63, 0>, <21, 77, 0>, <21, 50, 0>]
[FINE] Adding new successors to <20, 63, 0>: 
[FINER] Empty Until Array
[FINE] [-1]
[FINE] Creating Product State:<21, 38, 0>
[FINE]      <21, 38, 0>
[FINE] States by incoming for 137 is [<21, 63, 0>, <21, 77, 0>, <21, 50, 0>, <21, 38, 0>]
[FINE] Adding new successors to <20, 63, 0>: 
[FINER] Empty Until Array
[FINE] [-1]
[FINE] Creating Product State:<21, 27, 0>
[FINE]      <21, 27, 0>
[FINE] States by incoming for 137 is [<21, 63, 0>, <21, 77, 0>, <21, 50, 0>, <21, 38, 0>, <21, 27, 0>]
[FINE] Adding new successors to <20, 63, 0>: 
[FINER] Empty Until Array
[FINE] [-1]
[FINE] Creating Product State:<21, 17, 0>
[FINE]      <21, 17, 0>
[FINE] States by incoming for 137 is [<21, 63, 0>, <21, 77, 0>, <21, 50, 0>, <21, 38, 0>, <21, 27, 0>, <21, 17, 0>]
[FINE] [-1]
[FINE] Adding new successors to <20, 77, 0>: 
[FINE]      <21, 77, 0>
[FINE] [-1]
[FINE] Adding new successors to <20, 38, 0>: 
[FINE]      <21, 77, 0>
[FINE] [-1]
[FINE] Adding new successors to <20, 50, 0>: 
[FINE]      <21, 77, 0>
[FINE] [-1]
[FINE] Adding new successors to <20, 17, 0>: 
[FINE]      <21, 77, 0>
[FINE] [-1]
[FINE] Adding new successors to <20, 27, 0>: 
[FINE]      <21, 77, 0>
[FINE] Current DFS State: <20, 77, 0>
[FINE] New Path: [<0, 77, 0>, <0, 63, 0>, <0, 50, 0>, <0, 38, 0>, <0, 27, 0>, <0, 17, 0>, <0, 8, 0>, <1, 77, 0>, <2, 38, 0>, <3, 77, 0>, <4, 8, 0>, <5, 77, 0>, <6, 8, 0>, <7, 50, 0>, <8, 38, 0>, <9, 17, 0>, <10, 77, 0>, <11, 27, 0>, <12, 63, 0>, <13, 17, 0>, <14, 27, 0>, <15, 17, 0>, <16, 17, 0>, <17, 63, 0>, <18, 17, 0>, <19, 77, 0>, <20, 77, 0>, <21, 77, 0>]
[FINE] Current DFS State: <21, 77, 0>
[FINE] Model isn't done
[INFO] Current Path: [0, 1, 2, 3, 4, 5, 6, 7, 8, 9, 10, 11, 12, 13, 14, 15, 16, 17, 18, 19, 20, 21]
----------------------------------- [22] forward: 21 new
		 # choice: gov.nasa.jpf.vm.choice.IntChoiceFromSet[id="agentSchedulerChoice",isCascaded:false,>0,1]
******************************* [mike] send(0:om(bel(verified(sally))), sally) ************************************
[INFO] mike done send(0:om(bel(verified(sally))), sally)
		 # garbage collection
[FINE] Entering addModelState
[FINE] adding state
[INFO] Adding 22 to [0, 1, 2, 3, 4, 5, 6, 7, 8, 9, 10, 11, 12, 13, 14, 15, 16, 17, 18, 19, 20, 21]
[FINE] Entering new Product States in order to expand the path
[FINE] [-1]
[FINE] Adding new successors to <21, 63, 0>: 
[FINER] Empty Until Array
[FINE] [-1]
[FINE] Creating Product State:<22, 77, 0>
[FINE]      <22, 77, 0>
[FINE] States by incoming for 143 is [<22, 77, 0>]
[FINE] Adding new successors to <21, 63, 0>: 
[FINER] Empty Until Array
[FINE] [-1]
[FINE] Creating Product State:<22, 63, 0>
[FINE]      <22, 63, 0>
[FINE] States by incoming for 143 is [<22, 77, 0>, <22, 63, 0>]
[FINE] Adding new successors to <21, 63, 0>: 
[FINER] Empty Until Array
[FINE] [-1]
[FINE] Creating Product State:<22, 50, 0>
[FINE]      <22, 50, 0>
[FINE] States by incoming for 143 is [<22, 77, 0>, <22, 63, 0>, <22, 50, 0>]
[FINE] Adding new successors to <21, 63, 0>: 
[FINER] Empty Until Array
[FINE] [-1]
[FINE] Creating Product State:<22, 38, 0>
[FINE]      <22, 38, 0>
[FINE] States by incoming for 143 is [<22, 77, 0>, <22, 63, 0>, <22, 50, 0>, <22, 38, 0>]
[FINE] Adding new successors to <21, 63, 0>: 
[FINER] Empty Until Array
[FINE] [-1]
[FINE] Creating Product State:<22, 27, 0>
[FINE]      <22, 27, 0>
[FINE] States by incoming for 143 is [<22, 27, 0>, <22, 77, 0>, <22, 63, 0>, <22, 50, 0>, <22, 38, 0>]
[FINE] Adding new successors to <21, 63, 0>: 
[FINER] Empty Until Array
[FINE] [-1]
[FINE] Creating Product State:<22, 17, 0>
[FINE]      <22, 17, 0>
[FINE] States by incoming for 143 is [<22, 27, 0>, <22, 17, 0>, <22, 77, 0>, <22, 63, 0>, <22, 50, 0>, <22, 38, 0>]
[FINE] [-1]
[FINE] Adding new successors to <21, 77, 0>: 
[FINE]      <22, 77, 0>
[FINE] [-1]
[FINE] Adding new successors to <21, 50, 0>: 
[FINE]      <22, 77, 0>
[FINE] [-1]
[FINE] Adding new successors to <21, 38, 0>: 
[FINE]      <22, 77, 0>
[FINE] [-1]
[FINE] Adding new successors to <21, 27, 0>: 
[FINE]      <22, 77, 0>
[FINE] [-1]
[FINE] Adding new successors to <21, 17, 0>: 
[FINE]      <22, 77, 0>
[FINE] Current DFS State: <21, 77, 0>
[FINE] New Path: [<0, 77, 0>, <0, 63, 0>, <0, 50, 0>, <0, 38, 0>, <0, 27, 0>, <0, 17, 0>, <0, 8, 0>, <1, 77, 0>, <2, 38, 0>, <3, 77, 0>, <4, 8, 0>, <5, 77, 0>, <6, 8, 0>, <7, 50, 0>, <8, 38, 0>, <9, 17, 0>, <10, 77, 0>, <11, 27, 0>, <12, 63, 0>, <13, 17, 0>, <14, 27, 0>, <15, 17, 0>, <16, 17, 0>, <17, 63, 0>, <18, 17, 0>, <19, 77, 0>, <20, 77, 0>, <21, 77, 0>, <22, 77, 0>]
[FINE] Current DFS State: <22, 77, 0>
[FINE] Model isn't done
[INFO] Current Path: [0, 1, 2, 3, 4, 5, 6, 7, 8, 9, 10, 11, 12, 13, 14, 15, 16, 17, 18, 19, 20, 21, 22]
----------------------------------- [23] forward: 22 new
		 # choice: gov.nasa.jpf.vm.choice.IntChoiceFromSet[id="agentSchedulerChoice",isCascaded:false,>0,1]
[INFO] Sleeping agent mike
		 # garbage collection
[FINE] Entering addModelState
[FINE] adding state
[INFO] Adding 23 to [0, 1, 2, 3, 4, 5, 6, 7, 8, 9, 10, 11, 12, 13, 14, 15, 16, 17, 18, 19, 20, 21, 22]
[FINE] Entering new Product States in order to expand the path
[FINE] [-1]
[FINE] Adding new successors to <22, 27, 0>: 
[FINER] Empty Until Array
[FINE] [-1]
[FINE] Creating Product State:<23, 77, 0>
[FINE]      <23, 77, 0>
[FINE] States by incoming for 152 is [<23, 77, 0>]
[FINE] Adding new successors to <22, 27, 0>: 
[FINER] Empty Until Array
[FINE] [-1]
[FINE] Creating Product State:<23, 63, 0>
[FINE]      <23, 63, 0>
[FINE] States by incoming for 152 is [<23, 77, 0>, <23, 63, 0>]
[FINE] Adding new successors to <22, 27, 0>: 
[FINER] Empty Until Array
[FINE] [-1]
[FINE] Creating Product State:<23, 50, 0>
[FINE]      <23, 50, 0>
[FINE] States by incoming for 152 is [<23, 77, 0>, <23, 63, 0>, <23, 50, 0>]
[FINE] Adding new successors to <22, 27, 0>: 
[FINER] Empty Until Array
[FINE] [-1]
[FINE] Creating Product State:<23, 38, 0>
[FINE]      <23, 38, 0>
[FINE] States by incoming for 152 is [<23, 77, 0>, <23, 63, 0>, <23, 50, 0>, <23, 38, 0>]
[FINE] Adding new successors to <22, 27, 0>: 
[FINER] Empty Until Array
[FINE] [-1]
[FINE] Creating Product State:<23, 27, 0>
[FINE]      <23, 27, 0>
[FINE] States by incoming for 152 is [<23, 77, 0>, <23, 63, 0>, <23, 50, 0>, <23, 38, 0>, <23, 27, 0>]
[FINE] Adding new successors to <22, 27, 0>: 
[FINER] Empty Until Array
[FINE] [-1]
[FINE] Creating Product State:<23, 17, 0>
[FINE]      <23, 17, 0>
[FINE] States by incoming for 152 is [<23, 77, 0>, <23, 63, 0>, <23, 50, 0>, <23, 38, 0>, <23, 27, 0>, <23, 17, 0>]
[FINE] [-1]
[FINE] Adding new successors to <22, 17, 0>: 
[FINE]      <23, 77, 0>
[FINE] [-1]
[FINE] Adding new successors to <22, 77, 0>: 
[FINE]      <23, 77, 0>
[FINE] [-1]
[FINE] Adding new successors to <22, 63, 0>: 
[FINE]      <23, 77, 0>
[FINE] [-1]
[FINE] Adding new successors to <22, 50, 0>: 
[FINE]      <23, 77, 0>
[FINE] [-1]
[FINE] Adding new successors to <22, 38, 0>: 
[FINE]      <23, 77, 0>
[FINE] Current DFS State: <22, 77, 0>
[FINE] New Path: [<0, 77, 0>, <0, 63, 0>, <0, 50, 0>, <0, 38, 0>, <0, 27, 0>, <0, 17, 0>, <0, 8, 0>, <1, 77, 0>, <2, 38, 0>, <3, 77, 0>, <4, 8, 0>, <5, 77, 0>, <6, 8, 0>, <7, 50, 0>, <8, 38, 0>, <9, 17, 0>, <10, 77, 0>, <11, 27, 0>, <12, 63, 0>, <13, 17, 0>, <14, 27, 0>, <15, 17, 0>, <16, 17, 0>, <17, 63, 0>, <18, 17, 0>, <19, 77, 0>, <20, 77, 0>, <21, 77, 0>, <22, 77, 0>, <23, 77, 0>]
[FINE] Current DFS State: <23, 77, 0>
[FINE] Model isn't done
[INFO] Current Path: [0, 1, 2, 3, 4, 5, 6, 7, 8, 9, 10, 11, 12, 13, 14, 15, 16, 17, 18, 19, 20, 21, 22, 23]
----------------------------------- [24] forward: 23 new
		 # choice: gov.nasa.jpf.vm.choice.IntChoiceFromSet[id="agentSchedulerChoice",isCascaded:false,>0]
******************************* [sally] start_auction(lamp,10,0) ************************************
[INFO] Waking agent carol
		 # garbage collection
[FINE] Entering addModelState
[FINE] adding state
[INFO] Adding 24 to [0, 1, 2, 3, 4, 5, 6, 7, 8, 9, 10, 11, 12, 13, 14, 15, 16, 17, 18, 19, 20, 21, 22, 23]
[FINE] Entering new Product States in order to expand the path
[FINE] [-1]
[FINE] Adding new successors to <23, 77, 0>: 
[FINER] Empty Until Array
[FINE] [-1]
[FINE] Creating Product State:<24, 77, 0>
[FINE]      <24, 77, 0>
[FINE] States by incoming for 154 is [<24, 77, 0>]
[FINE] Adding new successors to <23, 77, 0>: 
[FINER] Empty Until Array
[FINE] [-1]
[FINE] Creating Product State:<24, 63, 0>
[FINE]      <24, 63, 0>
[FINE] States by incoming for 154 is [<24, 63, 0>, <24, 77, 0>]
[FINE] Adding new successors to <23, 77, 0>: 
[FINER] Empty Until Array
[FINE] [-1]
[FINE] Creating Product State:<24, 50, 0>
[FINE]      <24, 50, 0>
[FINE] States by incoming for 154 is [<24, 50, 0>, <24, 63, 0>, <24, 77, 0>]
[FINE] Adding new successors to <23, 77, 0>: 
[FINER] Empty Until Array
[FINE] [-1]
[FINE] Creating Product State:<24, 38, 0>
[FINE]      <24, 38, 0>
[FINE] States by incoming for 154 is [<24, 38, 0>, <24, 50, 0>, <24, 63, 0>, <24, 77, 0>]
[FINE] Adding new successors to <23, 77, 0>: 
[FINER] Empty Until Array
[FINE] [-1]
[FINE] Creating Product State:<24, 17, 0>
[FINE]      <24, 17, 0>
[FINE] States by incoming for 154 is [<24, 38, 0>, <24, 50, 0>, <24, 63, 0>, <24, 77, 0>, <24, 17, 0>]
[FINE] [-1]
[FINE] Adding new successors to <23, 63, 0>: 
[FINE]      <24, 77, 0>
[FINE] [-1]
[FINE] Adding new successors to <23, 50, 0>: 
[FINE]      <24, 77, 0>
[FINE] [-1]
[FINE] Adding new successors to <23, 38, 0>: 
[FINE]      <24, 77, 0>
[FINE] [-1]
[FINE] Adding new successors to <23, 27, 0>: 
[FINE]      <24, 77, 0>
[FINE] [-1]
[FINE] Adding new successors to <23, 17, 0>: 
[FINE]      <24, 77, 0>
[FINE] Current DFS State: <23, 77, 0>
[FINE] New Path: [<0, 77, 0>, <0, 63, 0>, <0, 50, 0>, <0, 38, 0>, <0, 27, 0>, <0, 17, 0>, <0, 8, 0>, <1, 77, 0>, <2, 38, 0>, <3, 77, 0>, <4, 8, 0>, <5, 77, 0>, <6, 8, 0>, <7, 50, 0>, <8, 38, 0>, <9, 17, 0>, <10, 77, 0>, <11, 27, 0>, <12, 63, 0>, <13, 17, 0>, <14, 27, 0>, <15, 17, 0>, <16, 17, 0>, <17, 63, 0>, <18, 17, 0>, <19, 77, 0>, <20, 77, 0>, <21, 77, 0>, <22, 77, 0>, <23, 77, 0>, <24, 38, 0>]
[FINE] Current DFS State: <24, 38, 0>
[FINE] Model isn't done
[INFO] Current Path: [0, 1, 2, 3, 4, 5, 6, 7, 8, 9, 10, 11, 12, 13, 14, 15, 16, 17, 18, 19, 20, 21, 22, 23, 24]
----------------------------------- [25] forward: 24 new
		 # choice: gov.nasa.jpf.vm.choice.IntChoiceFromSet[id="agentSchedulerChoice",isCascaded:false,>0,1]
******************************* [carol] register(address,account) ************************************
[INFO] Waking agent mike
		 # garbage collection
[FINE] Entering addModelState
[FINE] adding state
[INFO] Adding 25 to [0, 1, 2, 3, 4, 5, 6, 7, 8, 9, 10, 11, 12, 13, 14, 15, 16, 17, 18, 19, 20, 21, 22, 23, 24]
[FINE] Entering new Product States in order to expand the path
[FINE] [-1]
[FINE] Adding new successors to <24, 38, 0>: 
[FINER] Empty Until Array
[FINE] [-1]
[FINE] Creating Product State:<25, 77, 0>
[FINE]      <25, 77, 0>
[FINE] States by incoming for 163 is [<25, 77, 0>]
[FINE] Adding new successors to <24, 38, 0>: 
[FINER] Empty Until Array
[FINE] [-1]
[FINE] Creating Product State:<25, 63, 0>
[FINE]      <25, 63, 0>
[FINE] States by incoming for 163 is [<25, 63, 0>, <25, 77, 0>]
[FINE] Adding new successors to <24, 38, 0>: 
[FINER] Empty Until Array
[FINE] [-1]
[FINE] Creating Product State:<25, 50, 0>
[FINE]      <25, 50, 0>
[FINE] States by incoming for 163 is [<25, 50, 0>, <25, 63, 0>, <25, 77, 0>]
[FINE] Adding new successors to <24, 38, 0>: 
[FINER] Empty Until Array
[FINE] [-1]
[FINE] Creating Product State:<25, 38, 0>
[FINE]      <25, 38, 0>
[FINE] States by incoming for 163 is [<25, 38, 0>, <25, 50, 0>, <25, 63, 0>, <25, 77, 0>]
[FINE] Adding new successors to <24, 38, 0>: 
[FINER] Empty Until Array
[FINE] [-1]
[FINE] Creating Product State:<25, 17, 0>
[FINE]      <25, 17, 0>
[FINE] States by incoming for 163 is [<25, 17, 0>, <25, 38, 0>, <25, 50, 0>, <25, 63, 0>, <25, 77, 0>]
[FINE] [-1]
[FINE] Adding new successors to <24, 50, 0>: 
[FINE]      <25, 77, 0>
[FINE] [-1]
[FINE] Adding new successors to <24, 63, 0>: 
[FINE]      <25, 77, 0>
[FINE] [-1]
[FINE] Adding new successors to <24, 77, 0>: 
[FINE]      <25, 77, 0>
[FINE] [-1]
[FINE] Adding new successors to <24, 17, 0>: 
[FINE]      <25, 77, 0>
[FINE] Current DFS State: <24, 38, 0>
[FINE] New Path: [<0, 77, 0>, <0, 63, 0>, <0, 50, 0>, <0, 38, 0>, <0, 27, 0>, <0, 17, 0>, <0, 8, 0>, <1, 77, 0>, <2, 38, 0>, <3, 77, 0>, <4, 8, 0>, <5, 77, 0>, <6, 8, 0>, <7, 50, 0>, <8, 38, 0>, <9, 17, 0>, <10, 77, 0>, <11, 27, 0>, <12, 63, 0>, <13, 17, 0>, <14, 27, 0>, <15, 17, 0>, <16, 17, 0>, <17, 63, 0>, <18, 17, 0>, <19, 77, 0>, <20, 77, 0>, <21, 77, 0>, <22, 77, 0>, <23, 77, 0>, <24, 38, 0>, <25, 17, 0>]
[FINE] Current DFS State: <25, 17, 0>
[FINE] Model isn't done
[INFO] Current Path: [0, 1, 2, 3, 4, 5, 6, 7, 8, 9, 10, 11, 12, 13, 14, 15, 16, 17, 18, 19, 20, 21, 22, 23, 24, 25]
----------------------------------- [26] forward: 25 new
		 # choice: gov.nasa.jpf.vm.choice.IntChoiceFromSet[id="agentSchedulerChoice",isCascaded:false,>0,1,2]
[INFO] Sleeping agent carol
		 # garbage collection
[FINE] Entering addModelState
[FINE] adding state
[INFO] Adding 26 to [0, 1, 2, 3, 4, 5, 6, 7, 8, 9, 10, 11, 12, 13, 14, 15, 16, 17, 18, 19, 20, 21, 22, 23, 24, 25]
[FINE] Entering new Product States in order to expand the path
[FINE] [-1]
[FINE] Adding new successors to <25, 17, 0>: 
[FINER] Empty Until Array
[FINE] [-1]
[FINE] Creating Product State:<26, 77, 0>
[FINE]      <26, 77, 0>
[FINE] States by incoming for 169 is [<26, 77, 0>]
[FINE] Adding new successors to <25, 17, 0>: 
[FINER] Empty Until Array
[FINE] [-1]
[FINE] Creating Product State:<26, 63, 0>
[FINE]      <26, 63, 0>
[FINE] States by incoming for 169 is [<26, 63, 0>, <26, 77, 0>]
[FINE] Adding new successors to <25, 17, 0>: 
[FINER] Empty Until Array
[FINE] [-1]
[FINE] Creating Product State:<26, 50, 0>
[FINE]      <26, 50, 0>
[FINE] States by incoming for 169 is [<26, 63, 0>, <26, 77, 0>, <26, 50, 0>]
[FINE] Adding new successors to <25, 17, 0>: 
[FINER] Empty Until Array
[FINE] [-1]
[FINE] Creating Product State:<26, 38, 0>
[FINE]      <26, 38, 0>
[FINE] States by incoming for 169 is [<26, 63, 0>, <26, 77, 0>, <26, 38, 0>, <26, 50, 0>]
[FINE] [-1]
[FINE] Adding new successors to <25, 38, 0>: 
[FINE]      <26, 77, 0>
[FINE] [-1]
[FINE] Adding new successors to <25, 50, 0>: 
[FINE]      <26, 77, 0>
[FINE] [-1]
[FINE] Adding new successors to <25, 63, 0>: 
[FINE]      <26, 77, 0>
[FINE] [-1]
[FINE] Adding new successors to <25, 77, 0>: 
[FINE]      <26, 77, 0>
[FINE] Current DFS State: <25, 17, 0>
[FINE] New Path: [<0, 77, 0>, <0, 63, 0>, <0, 50, 0>, <0, 38, 0>, <0, 27, 0>, <0, 17, 0>, <0, 8, 0>, <1, 77, 0>, <2, 38, 0>, <3, 77, 0>, <4, 8, 0>, <5, 77, 0>, <6, 8, 0>, <7, 50, 0>, <8, 38, 0>, <9, 17, 0>, <10, 77, 0>, <11, 27, 0>, <12, 63, 0>, <13, 17, 0>, <14, 27, 0>, <15, 17, 0>, <16, 17, 0>, <17, 63, 0>, <18, 17, 0>, <19, 77, 0>, <20, 77, 0>, <21, 77, 0>, <22, 77, 0>, <23, 77, 0>, <24, 38, 0>, <25, 17, 0>, <26, 63, 0>]
[FINE] Current DFS State: <26, 63, 0>
[FINE] Model isn't done
[INFO] Current Path: [0, 1, 2, 3, 4, 5, 6, 7, 8, 9, 10, 11, 12, 13, 14, 15, 16, 17, 18, 19, 20, 21, 22, 23, 24, 25, 26]
----------------------------------- [27] forward: 26 new
		 # choice: gov.nasa.jpf.vm.choice.IntChoiceFromSet[id="agentSchedulerChoice",isCascaded:false,>0,1]
[INFO] Sleeping agent mike
		 # garbage collection
[FINE] Entering addModelState
[FINE] adding state
[INFO] Adding 27 to [0, 1, 2, 3, 4, 5, 6, 7, 8, 9, 10, 11, 12, 13, 14, 15, 16, 17, 18, 19, 20, 21, 22, 23, 24, 25, 26]
[FINE] Entering new Product States in order to expand the path
[FINE] [-1]
[FINE] Adding new successors to <26, 63, 0>: 
[FINER] Empty Until Array
[FINE] [-1]
[FINE] Creating Product State:<27, 77, 0>
[FINE]      <27, 77, 0>
[FINE] States by incoming for 171 is [<27, 77, 0>]
[FINE] Adding new successors to <26, 63, 0>: 
[FINER] Empty Until Array
[FINE] [-1]
[FINE] Creating Product State:<27, 63, 0>
[FINE]      <27, 63, 0>
[FINE] States by incoming for 171 is [<27, 63, 0>, <27, 77, 0>]
[FINE] Adding new successors to <26, 63, 0>: 
[FINER] Empty Until Array
[FINE] [-1]
[FINE] Creating Product State:<27, 50, 0>
[FINE]      <27, 50, 0>
[FINE] States by incoming for 171 is [<27, 63, 0>, <27, 77, 0>, <27, 50, 0>]
[FINE] Adding new successors to <26, 63, 0>: 
[FINER] Empty Until Array
[FINE] [-1]
[FINE] Creating Product State:<27, 38, 0>
[FINE]      <27, 38, 0>
[FINE] States by incoming for 171 is [<27, 63, 0>, <27, 77, 0>, <27, 50, 0>, <27, 38, 0>]
[FINE] [-1]
[FINE] Adding new successors to <26, 77, 0>: 
[FINE]      <27, 77, 0>
[FINE] [-1]
[FINE] Adding new successors to <26, 38, 0>: 
[FINE]      <27, 77, 0>
[FINE] [-1]
[FINE] Adding new successors to <26, 50, 0>: 
[FINE]      <27, 77, 0>
[FINE] Current DFS State: <26, 63, 0>
[FINE] New Path: [<0, 77, 0>, <0, 63, 0>, <0, 50, 0>, <0, 38, 0>, <0, 27, 0>, <0, 17, 0>, <0, 8, 0>, <1, 77, 0>, <2, 38, 0>, <3, 77, 0>, <4, 8, 0>, <5, 77, 0>, <6, 8, 0>, <7, 50, 0>, <8, 38, 0>, <9, 17, 0>, <10, 77, 0>, <11, 27, 0>, <12, 63, 0>, <13, 17, 0>, <14, 27, 0>, <15, 17, 0>, <16, 17, 0>, <17, 63, 0>, <18, 17, 0>, <19, 77, 0>, <20, 77, 0>, <21, 77, 0>, <22, 77, 0>, <23, 77, 0>, <24, 38, 0>, <25, 17, 0>, <26, 63, 0>, <27, 63, 0>]
[FINE] Current DFS State: <27, 63, 0>
[FINE] Model isn't done
[INFO] Current Path: [0, 1, 2, 3, 4, 5, 6, 7, 8, 9, 10, 11, 12, 13, 14, 15, 16, 17, 18, 19, 20, 21, 22, 23, 24, 25, 26, 27]
----------------------------------- [28] forward: 27 new
		 # choice: gov.nasa.jpf.vm.choice.IntChoiceFromSet[id="agentSchedulerChoice",isCascaded:false,>0]
		 # garbage collection
[FINE] Entering addModelState
[FINE] adding state
[INFO] Adding 28 to [0, 1, 2, 3, 4, 5, 6, 7, 8, 9, 10, 11, 12, 13, 14, 15, 16, 17, 18, 19, 20, 21, 22, 23, 24, 25, 26, 27]
[FINE] Entering new Product States in order to expand the path
[FINE] [-1]
[FINE] Adding new successors to <27, 63, 0>: 
[FINER] Empty Until Array
[FINE] [-1]
[FINE] Creating Product State:<28, 63, 0>
[FINE]      <28, 63, 0>
[FINE] States by incoming for 175 is [<28, 63, 0>]
[FINE] Adding new successors to <27, 63, 0>: 
[FINER] Empty Until Array
[FINE] [-1]
[FINE] Creating Product State:<28, 50, 0>
[FINE]      <28, 50, 0>
[FINE] States by incoming for 175 is [<28, 63, 0>, <28, 50, 0>]
[FINE] Adding new successors to <27, 63, 0>: 
[FINER] Empty Until Array
[FINE] [-1]
[FINE] Creating Product State:<28, 38, 0>
[FINE]      <28, 38, 0>
[FINE] States by incoming for 175 is [<28, 63, 0>, <28, 50, 0>, <28, 38, 0>]
[FINE] [-1]
[FINE] Adding new successors to <27, 77, 0>: 
[FINE]      <28, 63, 0>
[FINE] [-1]
[FINE] Adding new successors to <27, 50, 0>: 
[FINE]      <28, 63, 0>
[FINE] [-1]
[FINE] Adding new successors to <27, 38, 0>: 
[FINE]      <28, 63, 0>
[FINE] Current DFS State: <27, 63, 0>
[FINE] New Path: [<0, 77, 0>, <0, 63, 0>, <0, 50, 0>, <0, 38, 0>, <0, 27, 0>, <0, 17, 0>, <0, 8, 0>, <1, 77, 0>, <2, 38, 0>, <3, 77, 0>, <4, 8, 0>, <5, 77, 0>, <6, 8, 0>, <7, 50, 0>, <8, 38, 0>, <9, 17, 0>, <10, 77, 0>, <11, 27, 0>, <12, 63, 0>, <13, 17, 0>, <14, 27, 0>, <15, 17, 0>, <16, 17, 0>, <17, 63, 0>, <18, 17, 0>, <19, 77, 0>, <20, 77, 0>, <21, 77, 0>, <22, 77, 0>, <23, 77, 0>, <24, 38, 0>, <25, 17, 0>, <26, 63, 0>, <27, 63, 0>, <28, 63, 0>]
[FINE] Current DFS State: <28, 63, 0>
[FINE] Model isn't done
[INFO] Current Path: [0, 1, 2, 3, 4, 5, 6, 7, 8, 9, 10, 11, 12, 13, 14, 15, 16, 17, 18, 19, 20, 21, 22, 23, 24, 25, 26, 27, 28]
----------------------------------- [29] forward: 28 new
		 # choice: gov.nasa.jpf.vm.choice.IntChoiceFromSet[id="endStateChoice",isCascaded:false,>0]
		 # thread terminated: main index: 0
		 # garbage collection
[FINE] Current Path Ended
[FINE] Entering new Product States with Integer
[FINE] [-1]
[FINE] Adding new successors to <28, 63, 0>: 
[FINE]      <28, 63, 0>
[FINE] [-1]
[FINE] Adding new successors to <28, 50, 0>: 
[FINE]      <28, 63, 0>
[FINE] [-1]
[FINE] Adding new successors to <28, 38, 0>: 
[FINE]      <28, 63, 0>
[FINE] Current DFS State: <28, 63, 0>
[FINE] Moving into second DFS
[FINE] Accepting untils: [-1]
[FINE] This state is accepting
[FINE] returning [<0, 77, 0>, <0, 63, 0>, <0, 50, 0>, <0, 38, 0>, <0, 27, 0>, <0, 17, 0>, <0, 8, 0>, <1, 77, 0>, <2, 38, 0>, <3, 77, 0>, <4, 8, 0>, <5, 77, 0>, <6, 8, 0>, <7, 50, 0>, <8, 38, 0>, <9, 17, 0>, <10, 77, 0>, <11, 27, 0>, <12, 63, 0>, <13, 17, 0>, <14, 27, 0>, <15, 17, 0>, <16, 17, 0>, <17, 63, 0>, <18, 17, 0>, <19, 77, 0>, <20, 77, 0>, <21, 77, 0>, <22, 77, 0>, <23, 77, 0>, <24, 38, 0>, <25, 17, 0>, <26, 63, 0>, <27, 63, 0>, <28, 63, 0>]
[FINE] Entering justaddModelState
[FINE] adding state
[INFO] Current Path: [0, 1, 2, 3, 4, 5, 6, 7, 8, 9, 10, 11, 12, 13, 14, 15, 16, 17, 18, 19, 20, 21, 22, 23, 24, 25, 26, 27, 28, 29]
----------------------------------- [30] forward: 29 new end

====================================================== error 1
ajpf.MCAPLListener
An Accepting Path has been found: [<0, 77, 0>, <0, 63, 0>, <0, 50, 0>, <0, 38, 0>, <0, 27, 0>, <0, 17, 0>, <0, 8, 0>, <1, 77, 0>, <2, 38, 0>, <3, 77, 0>, <4, 8, 0>, <5, 77, 0>, <6, 8, 0>, <7, 50, 0>, <8, 38, 0>, <9, 17, 0>, <10, 77, 0>, <11, 27, 0>, <12, 63, 0>, <13, 17, 0>, <14, 27, 0>, <15, 17, 0>, <16, 17, 0>, <17, 63, 0>, <18, 17, 0>, <19, 77, 0>, <20, 77, 0>, <21, 77, 0>, <22, 77, 0>, <23, 77, 0>, <24, 38, 0>, <25, 17, 0>, <26, 63, 0>, <27, 63, 0>, <28, 63, 0>]

====================================================== snapshot #1
no live threads
----------------------------------- search finished

====================================================== results
error #1: ajpf.MCAPLListener "An Accepting Path has been found: [<0, 77, 0>, <0,..."

====================================================== statistics
elapsed time:       00:00:14
states:             new=30, visited=0, backtracked=0, end=1
search:             maxDepth=30, constraints hit=0
choice generators:  thread=1 (signal=0, lock=1, shared ref=0), data=29
heap:               new=555869, released=545183, max live=10842, gc-cycles=30
instructions:       46254579
max memory:         385MB
loaded code:        classes=372, methods=5289

====================================================== search finished: 23-02-15 19:11
