To reproduce:
 C:\Dropbox\code\phd\aorta\aorta4ail\src\examples\auctionhouse\aorta\simple> java -Xmx1000m -jar C:\Dropbox\code\phd\jpf-core/build/runJPF.jar +shell.port=4242 C:\Dropbox\code\phd\aorta\aorta4ail\src\examples\auctionhouse\aorta\simple\modelchecker.jpf
----------------------------------- search started
      [skipping static init instructions]
JavaPathfinder v7.0 (rev ${version}) - (C) RIACS/NASA Ames Research Center


====================================================== system under test
ail.util.AJPF_w_AIL.main("simple_ah.ail","simple_ah_aorta.psl","violation")

====================================================== search started: 25-02-15 15:16
		 # choice: gov.nasa.jpf.vm.choice.ThreadChoiceFromSet {id:"<root>" ,1/1,isCascaded:false}
[INFO] Number: 3
Incoming: 0,3,9,
Old: ~B(carol,paidFor(lamp())),~Org(carol,viol(carol(),buyer(),paidFor(lamp()),participates(carol(),lamp()))) R ~B(carol,paidFor(lamp())),~T R ~Org(carol,viol(carol(),buyer(),paidFor(lamp()),participates(carol(),lamp()))) R ~B(carol,paidFor(lamp())),
Next: ~Org(carol,viol(carol(),buyer(),paidFor(lamp()),participates(carol(),lamp()))) R ~B(carol,paidFor(lamp())),~T R ~Org(carol,viol(carol(),buyer(),paidFor(lamp()),participates(carol(),lamp()))) R ~B(carol,paidFor(lamp())),
Number: 9
Incoming: 0,3,9,
Old: ~B(carol,paidFor(lamp())),~Org(carol,viol(carol(),buyer(),paidFor(lamp()),participates(carol(),lamp()))),~Org(carol,viol(carol(),buyer(),paidFor(lamp()),participates(carol(),lamp()))) R ~B(carol,paidFor(lamp())),~T R ~Org(carol,viol(carol(),buyer(),paidFor(lamp()),participates(carol(),lamp()))) R ~B(carol,paidFor(lamp())),
Next: ~T R ~Org(carol,viol(carol(),buyer(),paidFor(lamp()),participates(carol(),lamp()))) R ~B(carol,paidFor(lamp())),

		 # garbage collection
[INFO] Adding 0 to []
[INFO] Current Path: [0]
----------------------------------- [1] forward: 0 new
		 # choice: gov.nasa.jpf.vm.choice.IntChoiceFromSet[id="agentSchedulerChoice",isCascaded:false,>0,1,2,3]
		 # garbage collection
[INFO] Adding 1 to [0]
[INFO] Current Path: [0, 1]
----------------------------------- [2] forward: 1 new
		 # choice: gov.nasa.jpf.vm.choice.IntChoiceFromSet[id="agentSchedulerChoice",isCascaded:false,>0,1,2]
******************************* [carol] send(0:om(org(rea(carol,customer))), mike) ************************************
[INFO] carol done send(0:om(org(rea(carol,customer))), mike)
		 # garbage collection
[INFO] Adding 2 to [0, 1]
[INFO] Current Path: [0, 1, 2]
----------------------------------- [3] forward: 2 new
		 # choice: gov.nasa.jpf.vm.choice.IntChoiceFromSet[id="agentSchedulerChoice",isCascaded:false,>0,1,2]
******************************* [carol] send(0:om(org(rea(carol,customer))), sally) ************************************
[INFO] carol done send(0:om(org(rea(carol,customer))), sally)
		 # garbage collection
[INFO] Adding 3 to [0, 1, 2]
[INFO] Current Path: [0, 1, 2, 3]
----------------------------------- [4] forward: 3 new
		 # choice: gov.nasa.jpf.vm.choice.IntChoiceFromSet[id="agentSchedulerChoice",isCascaded:false,>0,1,2]
[INFO] Sleeping agent carol
		 # garbage collection
[INFO] Adding 4 to [0, 1, 2, 3]
[INFO] Current Path: [0, 1, 2, 3, 4]
----------------------------------- [5] forward: 4 new
		 # choice: gov.nasa.jpf.vm.choice.IntChoiceFromSet[id="agentSchedulerChoice",isCascaded:false,>0,1]
******************************* [mike] send(0:om(org(rea(mike,manager))), carol) ************************************
[INFO] Waking agent carol
[INFO] mike done send(0:om(org(rea(mike,manager))), carol)
		 # garbage collection
[INFO] Adding 5 to [0, 1, 2, 3, 4]
[INFO] Current Path: [0, 1, 2, 3, 4, 5]
----------------------------------- [6] forward: 5 new
		 # choice: gov.nasa.jpf.vm.choice.IntChoiceFromSet[id="agentSchedulerChoice",isCascaded:false,>0,1,2]
[INFO] Sleeping agent carol
		 # garbage collection
[INFO] Adding 6 to [0, 1, 2, 3, 4, 5]
[INFO] Current Path: [0, 1, 2, 3, 4, 5, 6]
----------------------------------- [7] forward: 6 new
		 # choice: gov.nasa.jpf.vm.choice.IntChoiceFromSet[id="agentSchedulerChoice",isCascaded:false,>0,1]
******************************* [mike] send(0:om(org(rea(mike,manager))), sally) ************************************
[INFO] mike done send(0:om(org(rea(mike,manager))), sally)
		 # garbage collection
[INFO] Adding 7 to [0, 1, 2, 3, 4, 5, 6]
[INFO] Current Path: [0, 1, 2, 3, 4, 5, 6, 7]
----------------------------------- [8] forward: 7 new
		 # choice: gov.nasa.jpf.vm.choice.IntChoiceFromSet[id="agentSchedulerChoice",isCascaded:false,>0,1]
[INFO] Sleeping agent mike
		 # garbage collection
[INFO] Adding 8 to [0, 1, 2, 3, 4, 5, 6, 7]
[INFO] Current Path: [0, 1, 2, 3, 4, 5, 6, 7, 8]
----------------------------------- [9] forward: 8 new
		 # choice: gov.nasa.jpf.vm.choice.IntChoiceFromSet[id="agentSchedulerChoice",isCascaded:false,>0]
******************************* [sally] send(0:om(org(rea(sally,customer))), carol) ************************************
[INFO] Waking agent carol
[INFO] sally done send(0:om(org(rea(sally,customer))), carol)
		 # garbage collection
[INFO] Adding 9 to [0, 1, 2, 3, 4, 5, 6, 7, 8]
[INFO] Current Path: [0, 1, 2, 3, 4, 5, 6, 7, 8, 9]
----------------------------------- [10] forward: 9 new
		 # choice: gov.nasa.jpf.vm.choice.IntChoiceFromSet[id="agentSchedulerChoice",isCascaded:false,>0,1]
[INFO] Sleeping agent carol
		 # garbage collection
[INFO] Adding 10 to [0, 1, 2, 3, 4, 5, 6, 7, 8, 9]
[INFO] Current Path: [0, 1, 2, 3, 4, 5, 6, 7, 8, 9, 10]
----------------------------------- [11] forward: 10 new
		 # choice: gov.nasa.jpf.vm.choice.IntChoiceFromSet[id="agentSchedulerChoice",isCascaded:false,>0]
******************************* [sally] send(0:om(org(rea(sally,customer))), mike) ************************************
[INFO] Waking agent mike
[INFO] sally done send(0:om(org(rea(sally,customer))), mike)
		 # garbage collection
[INFO] Adding 11 to [0, 1, 2, 3, 4, 5, 6, 7, 8, 9, 10]
[INFO] Current Path: [0, 1, 2, 3, 4, 5, 6, 7, 8, 9, 10, 11]
----------------------------------- [12] forward: 11 new
		 # choice: gov.nasa.jpf.vm.choice.IntChoiceFromSet[id="agentSchedulerChoice",isCascaded:false,>0,1]
[INFO] Sleeping agent mike
		 # garbage collection
[INFO] Adding 12 to [0, 1, 2, 3, 4, 5, 6, 7, 8, 9, 10, 11]
[INFO] Current Path: [0, 1, 2, 3, 4, 5, 6, 7, 8, 9, 10, 11, 12]
----------------------------------- [13] forward: 12 new
		 # choice: gov.nasa.jpf.vm.choice.IntChoiceFromSet[id="agentSchedulerChoice",isCascaded:false,>0]
******************************* [sally] register(address,account) ************************************
[INFO] Waking agent carol
[INFO] Waking agent mike
		 # garbage collection
[INFO] Adding 13 to [0, 1, 2, 3, 4, 5, 6, 7, 8, 9, 10, 11, 12]
[INFO] Current Path: [0, 1, 2, 3, 4, 5, 6, 7, 8, 9, 10, 11, 12, 13]
----------------------------------- [14] forward: 13 new
		 # choice: gov.nasa.jpf.vm.choice.IntChoiceFromSet[id="agentSchedulerChoice",isCascaded:false,>0,1,2]
[INFO] Sleeping agent carol
		 # garbage collection
[INFO] Adding 14 to [0, 1, 2, 3, 4, 5, 6, 7, 8, 9, 10, 11, 12, 13]
[INFO] Current Path: [0, 1, 2, 3, 4, 5, 6, 7, 8, 9, 10, 11, 12, 13, 14]
----------------------------------- [15] forward: 14 new
		 # choice: gov.nasa.jpf.vm.choice.IntChoiceFromSet[id="agentSchedulerChoice",isCascaded:false,>0,1]
[INFO] Sleeping agent mike
		 # garbage collection
[INFO] Adding 15 to [0, 1, 2, 3, 4, 5, 6, 7, 8, 9, 10, 11, 12, 13, 14]
[INFO] Current Path: [0, 1, 2, 3, 4, 5, 6, 7, 8, 9, 10, 11, 12, 13, 14, 15]
----------------------------------- [16] forward: 15 new
		 # choice: gov.nasa.jpf.vm.choice.IntChoiceFromSet[id="agentSchedulerChoice",isCascaded:false,>0]
******************************* [sally] send(0:om(org(rea(sally,seller))), carol) ************************************
[INFO] Waking agent carol
[INFO] sally done send(0:om(org(rea(sally,seller))), carol)
		 # garbage collection
[INFO] Adding 16 to [0, 1, 2, 3, 4, 5, 6, 7, 8, 9, 10, 11, 12, 13, 14, 15]
[INFO] Current Path: [0, 1, 2, 3, 4, 5, 6, 7, 8, 9, 10, 11, 12, 13, 14, 15, 16]
----------------------------------- [17] forward: 16 new
		 # choice: gov.nasa.jpf.vm.choice.IntChoiceFromSet[id="agentSchedulerChoice",isCascaded:false,>0,1]
[INFO] Sleeping agent carol
		 # garbage collection
[INFO] Adding 17 to [0, 1, 2, 3, 4, 5, 6, 7, 8, 9, 10, 11, 12, 13, 14, 15, 16]
[INFO] Current Path: [0, 1, 2, 3, 4, 5, 6, 7, 8, 9, 10, 11, 12, 13, 14, 15, 16, 17]
----------------------------------- [18] forward: 17 new
		 # choice: gov.nasa.jpf.vm.choice.IntChoiceFromSet[id="agentSchedulerChoice",isCascaded:false,>0]
******************************* [sally] send(0:om(org(rea(sally,seller))), mike) ************************************
[INFO] Waking agent mike
[INFO] sally done send(0:om(org(rea(sally,seller))), mike)
		 # garbage collection
[INFO] Adding 18 to [0, 1, 2, 3, 4, 5, 6, 7, 8, 9, 10, 11, 12, 13, 14, 15, 16, 17]
[INFO] Current Path: [0, 1, 2, 3, 4, 5, 6, 7, 8, 9, 10, 11, 12, 13, 14, 15, 16, 17, 18]
----------------------------------- [19] forward: 18 new
		 # choice: gov.nasa.jpf.vm.choice.IntChoiceFromSet[id="agentSchedulerChoice",isCascaded:false,>0,1]
[INFO] Sleeping agent mike
		 # garbage collection
[INFO] Adding 19 to [0, 1, 2, 3, 4, 5, 6, 7, 8, 9, 10, 11, 12, 13, 14, 15, 16, 17, 18]
[INFO] Current Path: [0, 1, 2, 3, 4, 5, 6, 7, 8, 9, 10, 11, 12, 13, 14, 15, 16, 17, 18, 19]
----------------------------------- [20] forward: 19 new
		 # choice: gov.nasa.jpf.vm.choice.IntChoiceFromSet[id="agentSchedulerChoice",isCascaded:false,>0]
******************************* [sally] send(0:om(opt(obj(verified(sally)))), mike) ************************************
[INFO] Waking agent mike
[INFO] sally done send(0:om(opt(obj(verified(sally)))), mike)
		 # garbage collection
[INFO] Adding 20 to [0, 1, 2, 3, 4, 5, 6, 7, 8, 9, 10, 11, 12, 13, 14, 15, 16, 17, 18, 19]
[INFO] Current Path: [0, 1, 2, 3, 4, 5, 6, 7, 8, 9, 10, 11, 12, 13, 14, 15, 16, 17, 18, 19, 20]
----------------------------------- [21] forward: 20 new
		 # choice: gov.nasa.jpf.vm.choice.IntChoiceFromSet[id="agentSchedulerChoice",isCascaded:false,>0,1]
******************************* [mike] verify(sally) ************************************
		 # garbage collection
[INFO] Adding 21 to [0, 1, 2, 3, 4, 5, 6, 7, 8, 9, 10, 11, 12, 13, 14, 15, 16, 17, 18, 19, 20]
[INFO] Current Path: [0, 1, 2, 3, 4, 5, 6, 7, 8, 9, 10, 11, 12, 13, 14, 15, 16, 17, 18, 19, 20, 21]
----------------------------------- [22] forward: 21 new
		 # choice: gov.nasa.jpf.vm.choice.IntChoiceFromSet[id="agentSchedulerChoice",isCascaded:false,>0,1]
******************************* [mike] send(0:om(bel(verified(sally))), sally) ************************************
[INFO] mike done send(0:om(bel(verified(sally))), sally)
		 # garbage collection
[INFO] Adding 22 to [0, 1, 2, 3, 4, 5, 6, 7, 8, 9, 10, 11, 12, 13, 14, 15, 16, 17, 18, 19, 20, 21]
[INFO] Current Path: [0, 1, 2, 3, 4, 5, 6, 7, 8, 9, 10, 11, 12, 13, 14, 15, 16, 17, 18, 19, 20, 21, 22]
----------------------------------- [23] forward: 22 new
		 # choice: gov.nasa.jpf.vm.choice.IntChoiceFromSet[id="agentSchedulerChoice",isCascaded:false,>0,1]
[INFO] Sleeping agent mike
		 # garbage collection
[INFO] Adding 23 to [0, 1, 2, 3, 4, 5, 6, 7, 8, 9, 10, 11, 12, 13, 14, 15, 16, 17, 18, 19, 20, 21, 22]
[INFO] Current Path: [0, 1, 2, 3, 4, 5, 6, 7, 8, 9, 10, 11, 12, 13, 14, 15, 16, 17, 18, 19, 20, 21, 22, 23]
----------------------------------- [24] forward: 23 new
		 # choice: gov.nasa.jpf.vm.choice.IntChoiceFromSet[id="agentSchedulerChoice",isCascaded:false,>0]
******************************* [sally] start_auction(lamp,10,0) ************************************
[INFO] Waking agent carol
		 # garbage collection
[INFO] Adding 24 to [0, 1, 2, 3, 4, 5, 6, 7, 8, 9, 10, 11, 12, 13, 14, 15, 16, 17, 18, 19, 20, 21, 22, 23]
[INFO] Current Path: [0, 1, 2, 3, 4, 5, 6, 7, 8, 9, 10, 11, 12, 13, 14, 15, 16, 17, 18, 19, 20, 21, 22, 23, 24]
----------------------------------- [25] forward: 24 new
		 # choice: gov.nasa.jpf.vm.choice.IntChoiceFromSet[id="agentSchedulerChoice",isCascaded:false,>0,1]
******************************* [carol] register(address,account) ************************************
[INFO] Waking agent mike
		 # garbage collection
[INFO] Adding 25 to [0, 1, 2, 3, 4, 5, 6, 7, 8, 9, 10, 11, 12, 13, 14, 15, 16, 17, 18, 19, 20, 21, 22, 23, 24]
[INFO] Current Path: [0, 1, 2, 3, 4, 5, 6, 7, 8, 9, 10, 11, 12, 13, 14, 15, 16, 17, 18, 19, 20, 21, 22, 23, 24, 25]
----------------------------------- [26] forward: 25 new
		 # choice: gov.nasa.jpf.vm.choice.IntChoiceFromSet[id="agentSchedulerChoice",isCascaded:false,>0,1,2]
******************************* [carol] send(0:om(org(rea(carol,buyer))), mike) ************************************
[INFO] carol done send(0:om(org(rea(carol,buyer))), mike)
		 # garbage collection
[INFO] Adding 26 to [0, 1, 2, 3, 4, 5, 6, 7, 8, 9, 10, 11, 12, 13, 14, 15, 16, 17, 18, 19, 20, 21, 22, 23, 24, 25]
[INFO] Current Path: [0, 1, 2, 3, 4, 5, 6, 7, 8, 9, 10, 11, 12, 13, 14, 15, 16, 17, 18, 19, 20, 21, 22, 23, 24, 25, 26]
----------------------------------- [27] forward: 26 new
		 # choice: gov.nasa.jpf.vm.choice.IntChoiceFromSet[id="agentSchedulerChoice",isCascaded:false,>0,1,2]
******************************* [carol] send(0:om(org(rea(carol,buyer))), sally) ************************************
[INFO] carol done send(0:om(org(rea(carol,buyer))), sally)
		 # garbage collection
[INFO] Adding 27 to [0, 1, 2, 3, 4, 5, 6, 7, 8, 9, 10, 11, 12, 13, 14, 15, 16, 17, 18, 19, 20, 21, 22, 23, 24, 25, 26]
[INFO] Current Path: [0, 1, 2, 3, 4, 5, 6, 7, 8, 9, 10, 11, 12, 13, 14, 15, 16, 17, 18, 19, 20, 21, 22, 23, 24, 25, 26, 27]
----------------------------------- [28] forward: 27 new
		 # choice: gov.nasa.jpf.vm.choice.IntChoiceFromSet[id="agentSchedulerChoice",isCascaded:false,>0,1,2]
******************************* [carol] send(0:om(opt(obj(verified(carol)))), mike) ************************************
[INFO] carol done send(0:om(opt(obj(verified(carol)))), mike)
		 # garbage collection
[INFO] Adding 28 to [0, 1, 2, 3, 4, 5, 6, 7, 8, 9, 10, 11, 12, 13, 14, 15, 16, 17, 18, 19, 20, 21, 22, 23, 24, 25, 26, 27]
[INFO] Current Path: [0, 1, 2, 3, 4, 5, 6, 7, 8, 9, 10, 11, 12, 13, 14, 15, 16, 17, 18, 19, 20, 21, 22, 23, 24, 25, 26, 27, 28]
----------------------------------- [29] forward: 28 new
		 # choice: gov.nasa.jpf.vm.choice.IntChoiceFromSet[id="agentSchedulerChoice",isCascaded:false,>0,1,2]
[INFO] Sleeping agent carol
		 # garbage collection
[INFO] Adding 29 to [0, 1, 2, 3, 4, 5, 6, 7, 8, 9, 10, 11, 12, 13, 14, 15, 16, 17, 18, 19, 20, 21, 22, 23, 24, 25, 26, 27, 28]
[INFO] Current Path: [0, 1, 2, 3, 4, 5, 6, 7, 8, 9, 10, 11, 12, 13, 14, 15, 16, 17, 18, 19, 20, 21, 22, 23, 24, 25, 26, 27, 28, 29]
----------------------------------- [30] forward: 29 new
		 # choice: gov.nasa.jpf.vm.choice.IntChoiceFromSet[id="agentSchedulerChoice",isCascaded:false,>0,1]
******************************* [mike] verify(carol) ************************************
		 # garbage collection
[INFO] Adding 30 to [0, 1, 2, 3, 4, 5, 6, 7, 8, 9, 10, 11, 12, 13, 14, 15, 16, 17, 18, 19, 20, 21, 22, 23, 24, 25, 26, 27, 28, 29]
[INFO] Current Path: [0, 1, 2, 3, 4, 5, 6, 7, 8, 9, 10, 11, 12, 13, 14, 15, 16, 17, 18, 19, 20, 21, 22, 23, 24, 25, 26, 27, 28, 29, 30]
----------------------------------- [31] forward: 30 new
		 # choice: gov.nasa.jpf.vm.choice.IntChoiceFromSet[id="agentSchedulerChoice",isCascaded:false,>0,1]
******************************* [mike] send(0:om(bel(verified(carol))), carol) ************************************
[INFO] Waking agent carol
[INFO] mike done send(0:om(bel(verified(carol))), carol)
		 # garbage collection
[INFO] Adding 31 to [0, 1, 2, 3, 4, 5, 6, 7, 8, 9, 10, 11, 12, 13, 14, 15, 16, 17, 18, 19, 20, 21, 22, 23, 24, 25, 26, 27, 28, 29, 30]
[INFO] Current Path: [0, 1, 2, 3, 4, 5, 6, 7, 8, 9, 10, 11, 12, 13, 14, 15, 16, 17, 18, 19, 20, 21, 22, 23, 24, 25, 26, 27, 28, 29, 30, 31]
----------------------------------- [32] forward: 31 new
		 # choice: gov.nasa.jpf.vm.choice.IntChoiceFromSet[id="agentSchedulerChoice",isCascaded:false,>0,1,2]
[INFO] Sleeping agent carol
		 # garbage collection
[INFO] Adding 32 to [0, 1, 2, 3, 4, 5, 6, 7, 8, 9, 10, 11, 12, 13, 14, 15, 16, 17, 18, 19, 20, 21, 22, 23, 24, 25, 26, 27, 28, 29, 30, 31]
[INFO] Current Path: [0, 1, 2, 3, 4, 5, 6, 7, 8, 9, 10, 11, 12, 13, 14, 15, 16, 17, 18, 19, 20, 21, 22, 23, 24, 25, 26, 27, 28, 29, 30, 31, 32]
----------------------------------- [33] forward: 32 new
		 # choice: gov.nasa.jpf.vm.choice.IntChoiceFromSet[id="agentSchedulerChoice",isCascaded:false,>0,1]
[INFO] Sleeping agent mike
		 # garbage collection
[INFO] Adding 33 to [0, 1, 2, 3, 4, 5, 6, 7, 8, 9, 10, 11, 12, 13, 14, 15, 16, 17, 18, 19, 20, 21, 22, 23, 24, 25, 26, 27, 28, 29, 30, 31, 32]
[INFO] Current Path: [0, 1, 2, 3, 4, 5, 6, 7, 8, 9, 10, 11, 12, 13, 14, 15, 16, 17, 18, 19, 20, 21, 22, 23, 24, 25, 26, 27, 28, 29, 30, 31, 32, 33]
----------------------------------- [34] forward: 33 new
		 # choice: gov.nasa.jpf.vm.choice.IntChoiceFromSet[id="agentSchedulerChoice",isCascaded:false,>0]
		 # garbage collection
[INFO] Adding 34 to [0, 1, 2, 3, 4, 5, 6, 7, 8, 9, 10, 11, 12, 13, 14, 15, 16, 17, 18, 19, 20, 21, 22, 23, 24, 25, 26, 27, 28, 29, 30, 31, 32, 33]
[INFO] Current Path: [0, 1, 2, 3, 4, 5, 6, 7, 8, 9, 10, 11, 12, 13, 14, 15, 16, 17, 18, 19, 20, 21, 22, 23, 24, 25, 26, 27, 28, 29, 30, 31, 32, 33, 34]
----------------------------------- [35] forward: 34 new
		 # choice: gov.nasa.jpf.vm.choice.IntChoiceFromSet[id="endStateChoice",isCascaded:false,>0]
		 # thread terminated: main index: 0
		 # garbage collection
[INFO] Current Path: [0, 1, 2, 3, 4, 5, 6, 7, 8, 9, 10, 11, 12, 13, 14, 15, 16, 17, 18, 19, 20, 21, 22, 23, 24, 25, 26, 27, 28, 29, 30, 31, 32, 33, 34, 35]
----------------------------------- [36] forward: 35 new end

====================================================== error 1
ajpf.MCAPLListener
An Accepting Path has been found: [<0, 9, 0>, <0, 3, 0>, <1, 9, 0>, <2, 9, 0>, <3, 9, 0>, <4, 9, 0>, <5, 9, 0>, <6, 9, 0>, <7, 9, 0>, <8, 3, 0>, <9, 3, 0>, <10, 3, 0>, <11, 3, 0>, <12, 3, 0>, <13, 3, 0>, <14, 3, 0>, <15, 3, 0>, <16, 9, 0>, <17, 9, 0>, <18, 9, 0>, <19, 9, 0>, <20, 9, 0>, <21, 9, 0>, <22, 9, 0>, <23, 9, 0>, <24, 3, 0>, <25, 3, 0>, <26, 3, 0>, <27, 3, 0>, <28, 3, 0>, <29, 3, 0>, <30, 3, 0>, <31, 3, 0>, <32, 9, 0>, <33, 9, 0>, <34, 9, 0>]

====================================================== snapshot #1
no live threads
----------------------------------- search finished

====================================================== results
error #1: ajpf.MCAPLListener "An Accepting Path has been found: [<0, 9, 0>, <0, ..."

====================================================== statistics
elapsed time:       00:00:13
states:             new=36, visited=0, backtracked=0, end=1
search:             maxDepth=36, constraints hit=0
choice generators:  thread=1 (signal=0, lock=1, shared ref=0), data=35
heap:               new=505971, released=495232, max live=11087, gc-cycles=36
instructions:       50292966
max memory:         385MB
loaded code:        classes=371, methods=5286

====================================================== search finished: 25-02-15 15:17
