To reproduce:
 /Users/asj/Dropbox/code/phd/aorta/aorta4ail/src/examples/auctionhouse/aorta/existing> java -Xmx1000m -jar /Users/asj/Dropbox/code/phd/jpf-core/build/runJPF.jar +shell.port=4242 /Users/asj/Dropbox/code/phd/aorta/aorta4ail/src/examples/auctionhouse/aorta/existing/modelchecker.jpf
----------------------------------- search started
      [skipping static init instructions]
JavaPathfinder v7.0 (rev ${version}) - (C) RIACS/NASA Ames Research Center


====================================================== system under test
ail.util.AJPF_w_AIL.main("ah.ail","ah.psl","enactment")

====================================================== search started: 05-03-15 10:02
		 # choice: gov.nasa.jpf.vm.choice.ThreadChoiceFromSet {id:"<root>" ,1/1,isCascaded:false}
[INFO] Number: 2
Incoming: 0,2,
Old: ~Org(bob,rea(bob(),buyer())),~T R ~Org(bob,rea(bob(),buyer())),
Next: ~T R ~Org(bob,rea(bob(),buyer())),

		 # garbage collection
[INFO] Adding 0 to []
[INFO] Current Path: [0]
----------------------------------- [1] forward: 0 new
		 # choice: gov.nasa.jpf.vm.choice.IntChoiceFromSet[id="agentSchedulerChoice",isCascaded:false,>0,1,2]
		 # garbage collection
[INFO] Adding 1 to [0]
[INFO] Current Path: [0, 1]
----------------------------------- [2] forward: 1 new
		 # choice: gov.nasa.jpf.vm.choice.IntChoiceFromSet[id="agentSchedulerChoice",isCascaded:false,>0,1]
		 # garbage collection
[INFO] Adding 2 to [0, 1]
[INFO] Current Path: [0, 1, 2]
----------------------------------- [3] forward: 2 new
		 # choice: gov.nasa.jpf.vm.choice.IntChoiceFromSet[id="agentSchedulerChoice",isCascaded:false,>0,1]
******************************* [bob] register(address,account) ************************************
		 # garbage collection
[INFO] Adding 3 to [0, 1, 2]
[INFO] Current Path: [0, 1, 2, 3]
----------------------------------- [4] forward: 3 new
		 # choice: gov.nasa.jpf.vm.choice.IntChoiceFromSet[id="agentSchedulerChoice",isCascaded:false,>0,1]
		 # garbage collection
[INFO] Current Path: [0, 1, 2, 3, 4]
[INFO] Adding 4 to [0, 1, 2, 3, 4]
[INFO] Always True from Now On
----------------------------------- [5] forward: 4 visited
----------------------------------- [4] backtrack: 3
		 # choice: gov.nasa.jpf.vm.choice.IntChoiceFromSet[id="agentSchedulerChoice",isCascaded:false,0,>1]
		 # garbage collection
[INFO] Adding 5 to [0, 1, 2, 3]
[INFO] Current Path: [0, 1, 2, 3, 5]
----------------------------------- [5] forward: 5 new
		 # choice: gov.nasa.jpf.vm.choice.IntChoiceFromSet[id="agentSchedulerChoice",isCascaded:false,>0,1]
		 # garbage collection
[INFO] Current Path: [0, 1, 2, 3, 5, 6]
[INFO] Adding 6 to [0, 1, 2, 3, 5, 6]
[INFO] Always True from Now On
----------------------------------- [6] forward: 6 visited
----------------------------------- [5] backtrack: 5
		 # choice: gov.nasa.jpf.vm.choice.IntChoiceFromSet[id="agentSchedulerChoice",isCascaded:false,0,>1]
[INFO] Sleeping agent mike
		 # garbage collection
[INFO] Adding 7 to [0, 1, 2, 3, 5]
[INFO] Current Path: [0, 1, 2, 3, 5, 7]
----------------------------------- [6] forward: 7 new
		 # choice: gov.nasa.jpf.vm.choice.IntChoiceFromSet[id="agentSchedulerChoice",isCascaded:false,>0]
[INFO] Waking agent mike
		 # garbage collection
[INFO] Current Path: [0, 1, 2, 3, 5, 7, 8]
[INFO] Adding 8 to [0, 1, 2, 3, 5, 7, 8]
[INFO] Always True from Now On
----------------------------------- [7] forward: 8 visited
----------------------------------- [6] backtrack: 7
----------------------------------- [6] done: 7
----------------------------------- [5] backtrack: 5
----------------------------------- [5] done: 5
----------------------------------- [4] backtrack: 3
----------------------------------- [4] done: 3
----------------------------------- [3] backtrack: 2
		 # choice: gov.nasa.jpf.vm.choice.IntChoiceFromSet[id="agentSchedulerChoice",isCascaded:false,0,>1]
		 # garbage collection
[INFO] Adding 9 to [0, 1, 2]
[INFO] Current Path: [0, 1, 2, 9]
----------------------------------- [4] forward: 9 new
		 # choice: gov.nasa.jpf.vm.choice.IntChoiceFromSet[id="agentSchedulerChoice",isCascaded:false,>0,1]
******************************* [bob] register(address,account) ************************************
		 # garbage collection
[INFO] Adding 10 to [0, 1, 2, 9]
[INFO] Current Path: [0, 1, 2, 9, 10]
----------------------------------- [5] forward: 10 new
		 # choice: gov.nasa.jpf.vm.choice.IntChoiceFromSet[id="agentSchedulerChoice",isCascaded:false,>0,1]
		 # garbage collection
[INFO] Current Path: [0, 1, 2, 9, 10, 11]
[INFO] Adding 11 to [0, 1, 2, 9, 10, 11]
[INFO] Always True from Now On
----------------------------------- [6] forward: 11 visited
----------------------------------- [5] backtrack: 10
		 # choice: gov.nasa.jpf.vm.choice.IntChoiceFromSet[id="agentSchedulerChoice",isCascaded:false,0,>1]
[INFO] Sleeping agent mike
		 # garbage collection
[INFO] Adding 12 to [0, 1, 2, 9, 10]
[INFO] Current Path: [0, 1, 2, 9, 10, 12]
----------------------------------- [6] forward: 12 new
		 # choice: gov.nasa.jpf.vm.choice.IntChoiceFromSet[id="agentSchedulerChoice",isCascaded:false,>0]
[INFO] Waking agent mike
		 # garbage collection
[INFO] Adding 8 to [0, 1, 2, 9, 10, 12]
[INFO] Current Path: [0, 1, 2, 9, 10, 12, 8]
----------------------------------- [7] forward: 8 visited
----------------------------------- [6] backtrack: 12
----------------------------------- [6] done: 12
----------------------------------- [5] backtrack: 10
----------------------------------- [5] done: 10
----------------------------------- [4] backtrack: 9
		 # choice: gov.nasa.jpf.vm.choice.IntChoiceFromSet[id="agentSchedulerChoice",isCascaded:false,0,>1]
[INFO] Sleeping agent mike
		 # garbage collection
[INFO] Adding 13 to [0, 1, 2, 9]
[INFO] Current Path: [0, 1, 2, 9, 13]
----------------------------------- [5] forward: 13 new
		 # choice: gov.nasa.jpf.vm.choice.IntChoiceFromSet[id="agentSchedulerChoice",isCascaded:false,>0]
******************************* [bob] register(address,account) ************************************
[INFO] Waking agent mike
		 # garbage collection
[INFO] Adding 14 to [0, 1, 2, 9, 13]
[INFO] Current Path: [0, 1, 2, 9, 13, 14]
----------------------------------- [6] forward: 14 new
		 # choice: gov.nasa.jpf.vm.choice.IntChoiceFromSet[id="agentSchedulerChoice",isCascaded:false,>0,1]
		 # garbage collection
[INFO] Current Path: [0, 1, 2, 9, 13, 14, 15]
[INFO] Adding 15 to [0, 1, 2, 9, 13, 14, 15]
[INFO] Always True from Now On
----------------------------------- [7] forward: 15 visited
----------------------------------- [6] backtrack: 14
		 # choice: gov.nasa.jpf.vm.choice.IntChoiceFromSet[id="agentSchedulerChoice",isCascaded:false,0,>1]
[INFO] Sleeping agent mike
		 # garbage collection
[INFO] Adding 12 to [0, 1, 2, 9, 13, 14]
[INFO] Current Path: [0, 1, 2, 9, 13, 14, 12]
----------------------------------- [7] forward: 12 visited
----------------------------------- [6] backtrack: 14
----------------------------------- [6] done: 14
----------------------------------- [5] backtrack: 13
----------------------------------- [5] done: 13
----------------------------------- [4] backtrack: 9
----------------------------------- [4] done: 9
----------------------------------- [3] backtrack: 2
----------------------------------- [3] done: 2
----------------------------------- [2] backtrack: 1
		 # choice: gov.nasa.jpf.vm.choice.IntChoiceFromSet[id="agentSchedulerChoice",isCascaded:false,0,>1]
		 # garbage collection
[INFO] Adding 16 to [0, 1]
[INFO] Current Path: [0, 1, 16]
----------------------------------- [3] forward: 16 new
		 # choice: gov.nasa.jpf.vm.choice.IntChoiceFromSet[id="agentSchedulerChoice",isCascaded:false,>0,1]
		 # garbage collection
[INFO] Adding 17 to [0, 1, 16]
[INFO] Current Path: [0, 1, 16, 17]
----------------------------------- [4] forward: 17 new
		 # choice: gov.nasa.jpf.vm.choice.IntChoiceFromSet[id="agentSchedulerChoice",isCascaded:false,>0,1]
******************************* [bob] register(address,account) ************************************
		 # garbage collection
[INFO] Adding 18 to [0, 1, 16, 17]
[INFO] Current Path: [0, 1, 16, 17, 18]
----------------------------------- [5] forward: 18 new
		 # choice: gov.nasa.jpf.vm.choice.IntChoiceFromSet[id="agentSchedulerChoice",isCascaded:false,>0,1]
		 # garbage collection
[INFO] Current Path: [0, 1, 16, 17, 18, 19]
[INFO] Adding 19 to [0, 1, 16, 17, 18, 19]
[INFO] Always True from Now On
----------------------------------- [6] forward: 19 visited
----------------------------------- [5] backtrack: 18
		 # choice: gov.nasa.jpf.vm.choice.IntChoiceFromSet[id="agentSchedulerChoice",isCascaded:false,0,>1]
[INFO] Sleeping agent mike
		 # garbage collection
[INFO] Adding 12 to [0, 1, 16, 17, 18]
[INFO] Current Path: [0, 1, 16, 17, 18, 12]
----------------------------------- [6] forward: 12 visited
----------------------------------- [5] backtrack: 18
----------------------------------- [5] done: 18
----------------------------------- [4] backtrack: 17
		 # choice: gov.nasa.jpf.vm.choice.IntChoiceFromSet[id="agentSchedulerChoice",isCascaded:false,0,>1]
[INFO] Sleeping agent mike
		 # garbage collection
[INFO] Adding 20 to [0, 1, 16, 17]
[INFO] Current Path: [0, 1, 16, 17, 20]
----------------------------------- [5] forward: 20 new
		 # choice: gov.nasa.jpf.vm.choice.IntChoiceFromSet[id="agentSchedulerChoice",isCascaded:false,>0]
******************************* [bob] register(address,account) ************************************
[INFO] Waking agent mike
		 # garbage collection
[INFO] Adding 14 to [0, 1, 16, 17, 20]
[INFO] Current Path: [0, 1, 16, 17, 20, 14]
----------------------------------- [6] forward: 14 visited
----------------------------------- [5] backtrack: 20
----------------------------------- [5] done: 20
----------------------------------- [4] backtrack: 17
----------------------------------- [4] done: 17
----------------------------------- [3] backtrack: 16
		 # choice: gov.nasa.jpf.vm.choice.IntChoiceFromSet[id="agentSchedulerChoice",isCascaded:false,0,>1]
[INFO] Sleeping agent mike
		 # garbage collection
[INFO] Adding 21 to [0, 1, 16]
[INFO] Current Path: [0, 1, 16, 21]
----------------------------------- [4] forward: 21 new
		 # choice: gov.nasa.jpf.vm.choice.IntChoiceFromSet[id="agentSchedulerChoice",isCascaded:false,>0]
[INFO] Waking agent mike
		 # garbage collection
[INFO] Adding 22 to [0, 1, 16, 21]
[INFO] Current Path: [0, 1, 16, 21, 22]
----------------------------------- [5] forward: 22 new
		 # choice: gov.nasa.jpf.vm.choice.IntChoiceFromSet[id="agentSchedulerChoice",isCascaded:false,>0,1]
******************************* [bob] register(address,account) ************************************
		 # garbage collection
[INFO] Adding 23 to [0, 1, 16, 21, 22]
[INFO] Current Path: [0, 1, 16, 21, 22, 23]
----------------------------------- [6] forward: 23 new
		 # choice: gov.nasa.jpf.vm.choice.IntChoiceFromSet[id="agentSchedulerChoice",isCascaded:false,>0,1]
		 # garbage collection
[INFO] Current Path: [0, 1, 16, 21, 22, 23, 24]
[INFO] Adding 24 to [0, 1, 16, 21, 22, 23, 24]
[INFO] Always True from Now On
----------------------------------- [7] forward: 24 visited
----------------------------------- [6] backtrack: 23
		 # choice: gov.nasa.jpf.vm.choice.IntChoiceFromSet[id="agentSchedulerChoice",isCascaded:false,0,>1]
[INFO] Sleeping agent mike
		 # garbage collection
[INFO] Adding 12 to [0, 1, 16, 21, 22, 23]
[INFO] Current Path: [0, 1, 16, 21, 22, 23, 12]
----------------------------------- [7] forward: 12 visited
----------------------------------- [6] backtrack: 23
----------------------------------- [6] done: 23
----------------------------------- [5] backtrack: 22
		 # choice: gov.nasa.jpf.vm.choice.IntChoiceFromSet[id="agentSchedulerChoice",isCascaded:false,0,>1]
[INFO] Sleeping agent mike
		 # garbage collection
[INFO] Adding 20 to [0, 1, 16, 21, 22]
[INFO] Current Path: [0, 1, 16, 21, 22, 20]
----------------------------------- [6] forward: 20 visited
----------------------------------- [5] backtrack: 22
----------------------------------- [5] done: 22
----------------------------------- [4] backtrack: 21
----------------------------------- [4] done: 21
----------------------------------- [3] backtrack: 16
----------------------------------- [3] done: 16
----------------------------------- [2] backtrack: 1
----------------------------------- [2] done: 1
----------------------------------- [1] backtrack: 0
		 # choice: gov.nasa.jpf.vm.choice.IntChoiceFromSet[id="agentSchedulerChoice",isCascaded:false,0,>1,2]
		 # garbage collection
[INFO] Adding 25 to [0]
[INFO] Current Path: [0, 25]
----------------------------------- [2] forward: 25 new
		 # choice: gov.nasa.jpf.vm.choice.IntChoiceFromSet[id="agentSchedulerChoice",isCascaded:false,>0,1,2]
		 # garbage collection
[INFO] Adding 2 to [0, 25]
[INFO] Current Path: [0, 25, 2]
----------------------------------- [3] forward: 2 visited
----------------------------------- [2] backtrack: 25
		 # choice: gov.nasa.jpf.vm.choice.IntChoiceFromSet[id="agentSchedulerChoice",isCascaded:false,0,>1,2]
******************************* [bob] register(address,account) ************************************
		 # garbage collection
[INFO] Adding 26 to [0, 25]
[INFO] Current Path: [0, 25, 26]
----------------------------------- [3] forward: 26 new
		 # choice: gov.nasa.jpf.vm.choice.IntChoiceFromSet[id="agentSchedulerChoice",isCascaded:false,>0,1,2]
		 # garbage collection
[INFO] Adding 3 to [0, 25, 26]
[INFO] Current Path: [0, 25, 26, 3]
----------------------------------- [4] forward: 3 visited
----------------------------------- [3] backtrack: 26
		 # choice: gov.nasa.jpf.vm.choice.IntChoiceFromSet[id="agentSchedulerChoice",isCascaded:false,0,>1,2]
		 # garbage collection
[INFO] Current Path: [0, 25, 26, 27]
[INFO] Adding 27 to [0, 25, 26, 27]
[INFO] Always True from Now On
----------------------------------- [4] forward: 27 visited
----------------------------------- [3] backtrack: 26
		 # choice: gov.nasa.jpf.vm.choice.IntChoiceFromSet[id="agentSchedulerChoice",isCascaded:false,0,1,>2]
		 # garbage collection
[INFO] Adding 28 to [0, 25, 26]
[INFO] Current Path: [0, 25, 26, 28]
----------------------------------- [4] forward: 28 new
		 # choice: gov.nasa.jpf.vm.choice.IntChoiceFromSet[id="agentSchedulerChoice",isCascaded:false,>0,1,2]
		 # garbage collection
[INFO] Adding 5 to [0, 25, 26, 28]
[INFO] Current Path: [0, 25, 26, 28, 5]
----------------------------------- [5] forward: 5 visited
----------------------------------- [4] backtrack: 28
		 # choice: gov.nasa.jpf.vm.choice.IntChoiceFromSet[id="agentSchedulerChoice",isCascaded:false,0,>1,2]
		 # garbage collection
[INFO] Current Path: [0, 25, 26, 28, 29]
[INFO] Adding 29 to [0, 25, 26, 28, 29]
[INFO] Always True from Now On
----------------------------------- [5] forward: 29 visited
----------------------------------- [4] backtrack: 28
		 # choice: gov.nasa.jpf.vm.choice.IntChoiceFromSet[id="agentSchedulerChoice",isCascaded:false,0,1,>2]
[INFO] Sleeping agent mike
		 # garbage collection
[INFO] Adding 30 to [0, 25, 26, 28]
[INFO] Current Path: [0, 25, 26, 28, 30]
----------------------------------- [5] forward: 30 new
		 # choice: gov.nasa.jpf.vm.choice.IntChoiceFromSet[id="agentSchedulerChoice",isCascaded:false,>0,1]
		 # garbage collection
[INFO] Adding 7 to [0, 25, 26, 28, 30]
[INFO] Current Path: [0, 25, 26, 28, 30, 7]
----------------------------------- [6] forward: 7 visited
----------------------------------- [5] backtrack: 30
		 # choice: gov.nasa.jpf.vm.choice.IntChoiceFromSet[id="agentSchedulerChoice",isCascaded:false,0,>1]
[INFO] Waking agent mike
		 # garbage collection
[INFO] Current Path: [0, 25, 26, 28, 30, 31]
[INFO] Adding 31 to [0, 25, 26, 28, 30, 31]
[INFO] Always True from Now On
----------------------------------- [6] forward: 31 visited
----------------------------------- [5] backtrack: 30
----------------------------------- [5] done: 30
----------------------------------- [4] backtrack: 28
----------------------------------- [4] done: 28
----------------------------------- [3] backtrack: 26
----------------------------------- [3] done: 26
----------------------------------- [2] backtrack: 25
		 # choice: gov.nasa.jpf.vm.choice.IntChoiceFromSet[id="agentSchedulerChoice",isCascaded:false,0,1,>2]
		 # garbage collection
[INFO] Adding 32 to [0, 25]
[INFO] Current Path: [0, 25, 32]
----------------------------------- [3] forward: 32 new
		 # choice: gov.nasa.jpf.vm.choice.IntChoiceFromSet[id="agentSchedulerChoice",isCascaded:false,>0,1,2]
		 # garbage collection
[INFO] Adding 9 to [0, 25, 32]
[INFO] Current Path: [0, 25, 32, 9]
----------------------------------- [4] forward: 9 visited
----------------------------------- [3] backtrack: 32
		 # choice: gov.nasa.jpf.vm.choice.IntChoiceFromSet[id="agentSchedulerChoice",isCascaded:false,0,>1,2]
******************************* [bob] register(address,account) ************************************
		 # garbage collection
[INFO] Adding 33 to [0, 25, 32]
[INFO] Current Path: [0, 25, 32, 33]
----------------------------------- [4] forward: 33 new
		 # choice: gov.nasa.jpf.vm.choice.IntChoiceFromSet[id="agentSchedulerChoice",isCascaded:false,>0,1,2]
		 # garbage collection
[INFO] Adding 10 to [0, 25, 32, 33]
[INFO] Current Path: [0, 25, 32, 33, 10]
----------------------------------- [5] forward: 10 visited
----------------------------------- [4] backtrack: 33
		 # choice: gov.nasa.jpf.vm.choice.IntChoiceFromSet[id="agentSchedulerChoice",isCascaded:false,0,>1,2]
		 # garbage collection
[INFO] Current Path: [0, 25, 32, 33, 34]
[INFO] Adding 34 to [0, 25, 32, 33, 34]
[INFO] Always True from Now On
----------------------------------- [5] forward: 34 visited
----------------------------------- [4] backtrack: 33
		 # choice: gov.nasa.jpf.vm.choice.IntChoiceFromSet[id="agentSchedulerChoice",isCascaded:false,0,1,>2]
[INFO] Sleeping agent mike
		 # garbage collection
[INFO] Adding 35 to [0, 25, 32, 33]
[INFO] Current Path: [0, 25, 32, 33, 35]
----------------------------------- [5] forward: 35 new
		 # choice: gov.nasa.jpf.vm.choice.IntChoiceFromSet[id="agentSchedulerChoice",isCascaded:false,>0,1]
		 # garbage collection
[INFO] Adding 12 to [0, 25, 32, 33, 35]
[INFO] Current Path: [0, 25, 32, 33, 35, 12]
----------------------------------- [6] forward: 12 visited
----------------------------------- [5] backtrack: 35
		 # choice: gov.nasa.jpf.vm.choice.IntChoiceFromSet[id="agentSchedulerChoice",isCascaded:false,0,>1]
[INFO] Waking agent mike
		 # garbage collection
[INFO] Adding 31 to [0, 25, 32, 33, 35]
[INFO] Current Path: [0, 25, 32, 33, 35, 31]
----------------------------------- [6] forward: 31 visited
----------------------------------- [5] backtrack: 35
----------------------------------- [5] done: 35
----------------------------------- [4] backtrack: 33
----------------------------------- [4] done: 33
----------------------------------- [3] backtrack: 32
		 # choice: gov.nasa.jpf.vm.choice.IntChoiceFromSet[id="agentSchedulerChoice",isCascaded:false,0,1,>2]
[INFO] Sleeping agent mike
		 # garbage collection
[INFO] Adding 36 to [0, 25, 32]
[INFO] Current Path: [0, 25, 32, 36]
----------------------------------- [4] forward: 36 new
		 # choice: gov.nasa.jpf.vm.choice.IntChoiceFromSet[id="agentSchedulerChoice",isCascaded:false,>0,1]
		 # garbage collection
[INFO] Adding 13 to [0, 25, 32, 36]
[INFO] Current Path: [0, 25, 32, 36, 13]
----------------------------------- [5] forward: 13 visited
----------------------------------- [4] backtrack: 36
		 # choice: gov.nasa.jpf.vm.choice.IntChoiceFromSet[id="agentSchedulerChoice",isCascaded:false,0,>1]
******************************* [bob] register(address,account) ************************************
[INFO] Waking agent mike
		 # garbage collection
[INFO] Adding 37 to [0, 25, 32, 36]
[INFO] Current Path: [0, 25, 32, 36, 37]
----------------------------------- [5] forward: 37 new
		 # choice: gov.nasa.jpf.vm.choice.IntChoiceFromSet[id="agentSchedulerChoice",isCascaded:false,>0,1,2]
		 # garbage collection
[INFO] Adding 14 to [0, 25, 32, 36, 37]
[INFO] Current Path: [0, 25, 32, 36, 37, 14]
----------------------------------- [6] forward: 14 visited
----------------------------------- [5] backtrack: 37
		 # choice: gov.nasa.jpf.vm.choice.IntChoiceFromSet[id="agentSchedulerChoice",isCascaded:false,0,>1,2]
		 # garbage collection
[INFO] Current Path: [0, 25, 32, 36, 37, 38]
[INFO] Adding 38 to [0, 25, 32, 36, 37, 38]
[INFO] Always True from Now On
----------------------------------- [6] forward: 38 visited
----------------------------------- [5] backtrack: 37
		 # choice: gov.nasa.jpf.vm.choice.IntChoiceFromSet[id="agentSchedulerChoice",isCascaded:false,0,1,>2]
[INFO] Sleeping agent mike
		 # garbage collection
[INFO] Adding 35 to [0, 25, 32, 36, 37]
[INFO] Current Path: [0, 25, 32, 36, 37, 35]
----------------------------------- [6] forward: 35 visited
----------------------------------- [5] backtrack: 37
----------------------------------- [5] done: 37
----------------------------------- [4] backtrack: 36
----------------------------------- [4] done: 36
----------------------------------- [3] backtrack: 32
----------------------------------- [3] done: 32
----------------------------------- [2] backtrack: 25
----------------------------------- [2] done: 25
----------------------------------- [1] backtrack: 0
		 # choice: gov.nasa.jpf.vm.choice.IntChoiceFromSet[id="agentSchedulerChoice",isCascaded:false,0,1,>2]
		 # garbage collection
[INFO] Adding 39 to [0]
[INFO] Current Path: [0, 39]
----------------------------------- [2] forward: 39 new
		 # choice: gov.nasa.jpf.vm.choice.IntChoiceFromSet[id="agentSchedulerChoice",isCascaded:false,>0,1,2]
		 # garbage collection
[INFO] Adding 16 to [0, 39]
[INFO] Current Path: [0, 39, 16]
----------------------------------- [3] forward: 16 visited
----------------------------------- [2] backtrack: 39
		 # choice: gov.nasa.jpf.vm.choice.IntChoiceFromSet[id="agentSchedulerChoice",isCascaded:false,0,>1,2]
		 # garbage collection
[INFO] Adding 40 to [0, 39]
[INFO] Current Path: [0, 39, 40]
----------------------------------- [3] forward: 40 new
		 # choice: gov.nasa.jpf.vm.choice.IntChoiceFromSet[id="agentSchedulerChoice",isCascaded:false,>0,1,2]
		 # garbage collection
[INFO] Adding 17 to [0, 39, 40]
[INFO] Current Path: [0, 39, 40, 17]
----------------------------------- [4] forward: 17 visited
----------------------------------- [3] backtrack: 40
		 # choice: gov.nasa.jpf.vm.choice.IntChoiceFromSet[id="agentSchedulerChoice",isCascaded:false,0,>1,2]
******************************* [bob] register(address,account) ************************************
		 # garbage collection
[INFO] Adding 41 to [0, 39, 40]
[INFO] Current Path: [0, 39, 40, 41]
----------------------------------- [4] forward: 41 new
		 # choice: gov.nasa.jpf.vm.choice.IntChoiceFromSet[id="agentSchedulerChoice",isCascaded:false,>0,1,2]
		 # garbage collection
[INFO] Adding 18 to [0, 39, 40, 41]
[INFO] Current Path: [0, 39, 40, 41, 18]
----------------------------------- [5] forward: 18 visited
----------------------------------- [4] backtrack: 41
		 # choice: gov.nasa.jpf.vm.choice.IntChoiceFromSet[id="agentSchedulerChoice",isCascaded:false,0,>1,2]
		 # garbage collection
[INFO] Current Path: [0, 39, 40, 41, 42]
[INFO] Adding 42 to [0, 39, 40, 41, 42]
[INFO] Always True from Now On
----------------------------------- [5] forward: 42 visited
----------------------------------- [4] backtrack: 41
		 # choice: gov.nasa.jpf.vm.choice.IntChoiceFromSet[id="agentSchedulerChoice",isCascaded:false,0,1,>2]
[INFO] Sleeping agent mike
		 # garbage collection
[INFO] Adding 35 to [0, 39, 40, 41]
[INFO] Current Path: [0, 39, 40, 41, 35]
----------------------------------- [5] forward: 35 visited
----------------------------------- [4] backtrack: 41
----------------------------------- [4] done: 41
----------------------------------- [3] backtrack: 40
		 # choice: gov.nasa.jpf.vm.choice.IntChoiceFromSet[id="agentSchedulerChoice",isCascaded:false,0,1,>2]
[INFO] Sleeping agent mike
		 # garbage collection
[INFO] Adding 43 to [0, 39, 40]
[INFO] Current Path: [0, 39, 40, 43]
----------------------------------- [4] forward: 43 new
		 # choice: gov.nasa.jpf.vm.choice.IntChoiceFromSet[id="agentSchedulerChoice",isCascaded:false,>0,1]
		 # garbage collection
[INFO] Adding 20 to [0, 39, 40, 43]
[INFO] Current Path: [0, 39, 40, 43, 20]
----------------------------------- [5] forward: 20 visited
----------------------------------- [4] backtrack: 43
		 # choice: gov.nasa.jpf.vm.choice.IntChoiceFromSet[id="agentSchedulerChoice",isCascaded:false,0,>1]
******************************* [bob] register(address,account) ************************************
[INFO] Waking agent mike
		 # garbage collection
[INFO] Adding 37 to [0, 39, 40, 43]
[INFO] Current Path: [0, 39, 40, 43, 37]
----------------------------------- [5] forward: 37 visited
----------------------------------- [4] backtrack: 43
----------------------------------- [4] done: 43
----------------------------------- [3] backtrack: 40
----------------------------------- [3] done: 40
----------------------------------- [2] backtrack: 39
		 # choice: gov.nasa.jpf.vm.choice.IntChoiceFromSet[id="agentSchedulerChoice",isCascaded:false,0,1,>2]
[INFO] Sleeping agent mike
		 # garbage collection
[INFO] Adding 44 to [0, 39]
[INFO] Current Path: [0, 39, 44]
----------------------------------- [3] forward: 44 new
		 # choice: gov.nasa.jpf.vm.choice.IntChoiceFromSet[id="agentSchedulerChoice",isCascaded:false,>0,1]
		 # garbage collection
[INFO] Adding 21 to [0, 39, 44]
[INFO] Current Path: [0, 39, 44, 21]
----------------------------------- [4] forward: 21 visited
----------------------------------- [3] backtrack: 44
		 # choice: gov.nasa.jpf.vm.choice.IntChoiceFromSet[id="agentSchedulerChoice",isCascaded:false,0,>1]
[INFO] Waking agent mike
		 # garbage collection
[INFO] Adding 45 to [0, 39, 44]
[INFO] Current Path: [0, 39, 44, 45]
----------------------------------- [4] forward: 45 new
		 # choice: gov.nasa.jpf.vm.choice.IntChoiceFromSet[id="agentSchedulerChoice",isCascaded:false,>0,1,2]
		 # garbage collection
[INFO] Adding 22 to [0, 39, 44, 45]
[INFO] Current Path: [0, 39, 44, 45, 22]
----------------------------------- [5] forward: 22 visited
----------------------------------- [4] backtrack: 45
		 # choice: gov.nasa.jpf.vm.choice.IntChoiceFromSet[id="agentSchedulerChoice",isCascaded:false,0,>1,2]
******************************* [bob] register(address,account) ************************************
		 # garbage collection
[INFO] Adding 46 to [0, 39, 44, 45]
[INFO] Current Path: [0, 39, 44, 45, 46]
----------------------------------- [5] forward: 46 new
		 # choice: gov.nasa.jpf.vm.choice.IntChoiceFromSet[id="agentSchedulerChoice",isCascaded:false,>0,1,2]
		 # garbage collection
[INFO] Adding 23 to [0, 39, 44, 45, 46]
[INFO] Current Path: [0, 39, 44, 45, 46, 23]
----------------------------------- [6] forward: 23 visited
----------------------------------- [5] backtrack: 46
		 # choice: gov.nasa.jpf.vm.choice.IntChoiceFromSet[id="agentSchedulerChoice",isCascaded:false,0,>1,2]
		 # garbage collection
[INFO] Current Path: [0, 39, 44, 45, 46, 47]
[INFO] Adding 47 to [0, 39, 44, 45, 46, 47]
[INFO] Always True from Now On
----------------------------------- [6] forward: 47 visited
----------------------------------- [5] backtrack: 46
		 # choice: gov.nasa.jpf.vm.choice.IntChoiceFromSet[id="agentSchedulerChoice",isCascaded:false,0,1,>2]
[INFO] Sleeping agent mike
		 # garbage collection
[INFO] Adding 35 to [0, 39, 44, 45, 46]
[INFO] Current Path: [0, 39, 44, 45, 46, 35]
----------------------------------- [6] forward: 35 visited
----------------------------------- [5] backtrack: 46
----------------------------------- [5] done: 46
----------------------------------- [4] backtrack: 45
		 # choice: gov.nasa.jpf.vm.choice.IntChoiceFromSet[id="agentSchedulerChoice",isCascaded:false,0,1,>2]
[INFO] Sleeping agent mike
		 # garbage collection
[INFO] Adding 43 to [0, 39, 44, 45]
[INFO] Current Path: [0, 39, 44, 45, 43]
----------------------------------- [5] forward: 43 visited
----------------------------------- [4] backtrack: 45
----------------------------------- [4] done: 45
----------------------------------- [3] backtrack: 44
----------------------------------- [3] done: 44
----------------------------------- [2] backtrack: 39
----------------------------------- [2] done: 39
----------------------------------- [1] backtrack: 0
----------------------------------- [1] done: 0
----------------------------------- [0] backtrack: -1
----------------------------------- [0] done: -1
----------------------------------- search finished

====================================================== results
no errors detected

====================================================== statistics
elapsed time:       00:00:57
states:             new=34, visited=42, backtracked=76, end=0
search:             maxDepth=6, constraints hit=0
choice generators:  thread=1 (signal=0, lock=1, shared ref=0), data=34
heap:               new=1774683, released=1755554, max live=8735, gc-cycles=76
instructions:       135172535
max memory:         101MB
loaded code:        classes=364, methods=5194

====================================================== search finished: 05-03-15 10:03
