To reproduce:
 C:\Dropbox\code\phd\aorta\modelchecker\src\examples\gwendolen\writingpaper> java -Xmx1000m -jar C:\Dropbox\code\phd\jpf-core/build/runJPF.jar +shell.port=4242 C:\Dropbox\code\phd\aorta\modelchecker\src\examples\gwendolen\writingpaper\modelchecker.jpf
----------------------------------- search started
      [skipping static init instructions]
JavaPathfinder v7.0 (rev ${version}) - (C) RIACS/NASA Ames Research Center


====================================================== system under test
ail.util.AJPF_w_AIL.main("WritingPaper.ail","WritingPaper.psl","error")

====================================================== search started: 03-10-14 03:34
		 # choice: gov.nasa.jpf.vm.choice.ThreadChoiceFromSet {id:"<root>" ,1/1,isCascaded:false}
[INFO] alice: Initial goal: empty
[INFO] bob: Initial goal: empty
[INFO] Number: 2
Incoming: 0,2,
Old: ~Org(alice,rea(alice(),writer())),~T R ~Org(alice,rea(alice(),writer())),
Next: ~T R ~Org(alice,rea(alice(),writer())),

		 # garbage collection
[FINE] adding state
[INFO] Adding 0 to []
[FINER] Empty Until Array
[INFO] Current Path: [0]
----------------------------------- [1] forward: 0 new
		 # choice: gov.nasa.jpf.vm.choice.IntChoiceFromSet[id="agentSchedulerChoice",isCascaded:false,>0,1]
[INFO] alice done send(0:om(org(rea(alice,editor))), bob)
		 # garbage collection
[FINE] adding state
[INFO] Adding 1 to [0]
[FINER] Empty Until Array
[INFO] Current Path: [0, 1]
----------------------------------- [2] forward: 1 new
		 # choice: gov.nasa.jpf.vm.choice.IntChoiceFromSet[id="agentSchedulerChoice",isCascaded:false,>0,1]
[INFO] Sleeping agent alice
		 # garbage collection
[FINE] adding state
[INFO] Adding 2 to [0, 1]
[FINER] Empty Until Array
[INFO] Current Path: [0, 1, 2]
----------------------------------- [3] forward: 2 new
		 # choice: gov.nasa.jpf.vm.choice.IntChoiceFromSet[id="agentSchedulerChoice",isCascaded:false,>0]
[INFO] Waking agent alice
[INFO] bob done send(0:om(org(rea(bob,writer))), alice)
		 # garbage collection
[FINE] adding state
[INFO] Adding 3 to [0, 1, 2]
[FINER] Empty Until Array
[INFO] Current Path: [0, 1, 2, 3]
----------------------------------- [4] forward: 3 new
		 # choice: gov.nasa.jpf.vm.choice.IntChoiceFromSet[id="agentSchedulerChoice",isCascaded:false,>0,1]
[INFO] alice done send(0:om(bel(fdv)), bob)
		 # garbage collection
[FINE] adding state
[INFO] Adding 4 to [0, 1, 2, 3]
[FINER] Empty Until Array
[INFO] Current Path: [0, 1, 2, 3, 4]
----------------------------------- [5] forward: 4 new
		 # choice: gov.nasa.jpf.vm.choice.IntChoiceFromSet[id="agentSchedulerChoice",isCascaded:false,>0,1]
[INFO] Sleeping agent alice
		 # garbage collection
[FINE] adding state
[INFO] Adding 5 to [0, 1, 2, 3, 4]
[FINER] Empty Until Array
[INFO] Current Path: [0, 1, 2, 3, 4, 5]
----------------------------------- [6] forward: 5 new
		 # choice: gov.nasa.jpf.vm.choice.IntChoiceFromSet[id="agentSchedulerChoice",isCascaded:false,>0]
[INFO] Waking agent alice
[INFO] bob done send(0:om(bel(fdv)), alice)
		 # garbage collection
[FINE] adding state
[INFO] Adding 6 to [0, 1, 2, 3, 4, 5]
[FINER] Empty Until Array
[INFO] Current Path: [0, 1, 2, 3, 4, 5, 6]
----------------------------------- [7] forward: 6 new
		 # choice: gov.nasa.jpf.vm.choice.IntChoiceFromSet[id="agentSchedulerChoice",isCascaded:false,>0,1]
[INFO] Sleeping agent alice
		 # garbage collection
[FINE] adding state
[INFO] Adding 7 to [0, 1, 2, 3, 4, 5, 6]
[FINER] Empty Until Array
[INFO] Current Path: [0, 1, 2, 3, 4, 5, 6, 7]
----------------------------------- [8] forward: 7 new
		 # choice: gov.nasa.jpf.vm.choice.IntChoiceFromSet[id="agentSchedulerChoice",isCascaded:false,>0]
[INFO] Waking agent alice
[INFO] bob done send(0:om(bel(wsec)), alice)
		 # garbage collection
[FINE] adding state
[INFO] Adding 8 to [0, 1, 2, 3, 4, 5, 6, 7]
[FINER] Empty Until Array
[INFO] Current Path: [0, 1, 2, 3, 4, 5, 6, 7, 8]
----------------------------------- [9] forward: 8 new
		 # choice: gov.nasa.jpf.vm.choice.IntChoiceFromSet[id="agentSchedulerChoice",isCascaded:false,>0,1]
[INFO] alice done send(0:om(bel(wsec)), bob)
		 # garbage collection
[FINE] adding state
[INFO] Adding 9 to [0, 1, 2, 3, 4, 5, 6, 7, 8]
[FINER] Empty Until Array
[INFO] Current Path: [0, 1, 2, 3, 4, 5, 6, 7, 8, 9]
----------------------------------- [10] forward: 9 new
		 # choice: gov.nasa.jpf.vm.choice.IntChoiceFromSet[id="agentSchedulerChoice",isCascaded:false,>0,1]
[INFO] Sleeping agent alice
		 # garbage collection
[FINE] adding state
[INFO] Adding 10 to [0, 1, 2, 3, 4, 5, 6, 7, 8, 9]
[FINER] Empty Until Array
[INFO] Current Path: [0, 1, 2, 3, 4, 5, 6, 7, 8, 9, 10]
----------------------------------- [11] forward: 10 new
		 # choice: gov.nasa.jpf.vm.choice.IntChoiceFromSet[id="agentSchedulerChoice",isCascaded:false,>0]
[INFO] Waking agent alice
[INFO] bob done send(0:om(bel(wref)), alice)
		 # garbage collection
[FINE] adding state
[INFO] Adding 11 to [0, 1, 2, 3, 4, 5, 6, 7, 8, 9, 10]
[FINER] Empty Until Array
[INFO] Current Path: [0, 1, 2, 3, 4, 5, 6, 7, 8, 9, 10, 11]
----------------------------------- [12] forward: 11 new
		 # choice: gov.nasa.jpf.vm.choice.IntChoiceFromSet[id="agentSchedulerChoice",isCascaded:false,>0,1]
[INFO] alice done send(0:om(bel(wref)), bob)
		 # garbage collection
[FINE] adding state
[INFO] Adding 12 to [0, 1, 2, 3, 4, 5, 6, 7, 8, 9, 10, 11]
[FINER] Empty Until Array
[INFO] Current Path: [0, 1, 2, 3, 4, 5, 6, 7, 8, 9, 10, 11, 12]
----------------------------------- [13] forward: 12 new
		 # choice: gov.nasa.jpf.vm.choice.IntChoiceFromSet[id="agentSchedulerChoice",isCascaded:false,>0,1]
[INFO] Sleeping agent alice
		 # garbage collection
[FINE] adding state
[INFO] Adding 13 to [0, 1, 2, 3, 4, 5, 6, 7, 8, 9, 10, 11, 12]
[FINER] Empty Until Array
[INFO] Current Path: [0, 1, 2, 3, 4, 5, 6, 7, 8, 9, 10, 11, 12, 13]
----------------------------------- [14] forward: 13 new
		 # choice: gov.nasa.jpf.vm.choice.IntChoiceFromSet[id="agentSchedulerChoice",isCascaded:false,>0]
		 # garbage collection
[FINE] adding state
[INFO] Adding 14 to [0, 1, 2, 3, 4, 5, 6, 7, 8, 9, 10, 11, 12, 13]
[FINER] Empty Until Array
[INFO] Current Path: [0, 1, 2, 3, 4, 5, 6, 7, 8, 9, 10, 11, 12, 13, 14]
----------------------------------- [15] forward: 14 new
		 # choice: gov.nasa.jpf.vm.choice.IntChoiceFromSet[id="endStateChoice",isCascaded:false,>0]
		 # thread terminated: main index: 0
		 # garbage collection
[FINE] adding state
[INFO] Current Path: [0, 1, 2, 3, 4, 5, 6, 7, 8, 9, 10, 11, 12, 13, 14, 15]
----------------------------------- [16] forward: 15 new end

====================================================== error 1
ajpf.MCAPLListener
An Accepting Path has been found: [<0, 2, 0>, <1, 2, 0>, <2, 2, 0>, <3, 2, 0>, <4, 2, 0>, <5, 2, 0>, <6, 2, 0>, <7, 2, 0>, <8, 2, 0>, <9, 2, 0>, <10, 2, 0>, <11, 2, 0>, <12, 2, 0>, <13, 2, 0>, <14, 2, 0>]

====================================================== snapshot #1
no live threads
----------------------------------- search finished

====================================================== results
error #1: ajpf.MCAPLListener "An Accepting Path has been found: [<0, 2, 0>, <1, ..."

====================================================== statistics
elapsed time:       00:01:18
states:             new=16, visited=0, backtracked=0, end=1
search:             maxDepth=16, constraints hit=0
choice generators:  thread=1 (signal=0, lock=1, shared ref=0), data=15
heap:               new=2907308, released=2832489, max live=74869, gc-cycles=16
instructions:       220688846
max memory:         714MB
loaded code:        classes=530, methods=7506

====================================================== search finished: 03-10-14 03:35
