To reproduce:
 C:\Dropbox\code\phd\aorta\modelchecker\src\examples\gwendolen\writingpaper> java -Xmx1000m -jar C:\Dropbox\code\phd\jpf-core/build/runJPF.jar +shell.port=4242 C:\Dropbox\code\phd\aorta\modelchecker\src\examples\gwendolen\writingpaper\modelchecker.jpf
----------------------------------- search started
      [skipping static init instructions]
JavaPathfinder v7.0 (rev ${version}) - (C) RIACS/NASA Ames Research Center


====================================================== system under test
ail.util.AJPF_w_AIL.main("WritingPaper.ail","WritingPaper.psl","rea_tell_ba")

====================================================== search started: 02-10-14 15:24
		 # choice: gov.nasa.jpf.vm.choice.ThreadChoiceFromSet {id:"<root>" ,1/1,isCascaded:false}
[INFO] alice: Initial goal: empty
[INFO] bob: Initial goal: empty
[INFO] Number: 2
Incoming: 0,2,
Old: ~Org(bob,rea(alice(),editor())),~T R ~Org(bob,rea(alice(),editor())),
Next: ~T R ~Org(bob,rea(alice(),editor())),

		 # garbage collection
[FINE] adding state
[INFO] Adding 0 to []
[FINER] Empty Until Array
[INFO] Current Path: [0]
----------------------------------- [1] forward: 0 new
		 # choice: gov.nasa.jpf.vm.choice.IntChoiceFromSet[id="agentSchedulerChoice",isCascaded:false,>0,1]
[INFO] alice done send(0:om(org(rea(alice,editor))), bob)
		 # garbage collection
[FINE] adding state
[INFO] Adding 1 to [0]
[FINER] Empty Until Array
[INFO] Current Path: [0, 1]
----------------------------------- [2] forward: 1 new
		 # choice: gov.nasa.jpf.vm.choice.IntChoiceFromSet[id="agentSchedulerChoice",isCascaded:false,>0,1]
[INFO] Sleeping agent alice
		 # garbage collection
[FINE] adding state
[INFO] Adding 2 to [0, 1]
[FINER] Empty Until Array
[INFO] Current Path: [0, 1, 2]
----------------------------------- [3] forward: 2 new
		 # choice: gov.nasa.jpf.vm.choice.IntChoiceFromSet[id="agentSchedulerChoice",isCascaded:false,>0]
[INFO] Waking agent alice
[INFO] bob done send(0:om(org(rea(bob,writer))), alice)
		 # garbage collection
[FINE] adding state
[INFO] Current Path: [0, 1, 2, 3]
[INFO] Adding 3 to [0, 1, 2, 3]
[INFO] Always True from Now On
----------------------------------- [4] forward: 3 visited
[FINE] pruning 1 state from [0, 1, 2, 3]
[FINE] index is 3
----------------------------------- [3] backtrack: 2
[FINE] setting done: 2
----------------------------------- [3] done: 2
[FINE] pruning 1 state from [0, 1, 2]
[FINE] index is 2
----------------------------------- [2] backtrack: 1
		 # choice: gov.nasa.jpf.vm.choice.IntChoiceFromSet[id="agentSchedulerChoice",isCascaded:false,0,>1]
[INFO] bob done send(0:om(org(rea(bob,writer))), alice)
		 # garbage collection
[FINE] adding state
[INFO] Current Path: [0, 1, 4]
[INFO] Adding 4 to [0, 1, 4]
[INFO] Always True from Now On
----------------------------------- [3] forward: 4 visited
[FINE] pruning 1 state from [0, 1, 4]
[FINE] index is 2
----------------------------------- [2] backtrack: 1
[FINE] setting done: 1
----------------------------------- [2] done: 1
[FINE] pruning 1 state from [0, 1]
[FINE] index is 1
----------------------------------- [1] backtrack: 0
		 # choice: gov.nasa.jpf.vm.choice.IntChoiceFromSet[id="agentSchedulerChoice",isCascaded:false,0,>1]
[INFO] bob done send(0:om(org(rea(bob,writer))), alice)
		 # garbage collection
[FINE] adding state
[INFO] Adding 5 to [0]
[FINER] Empty Until Array
[INFO] Current Path: [0, 5]
----------------------------------- [2] forward: 5 new
		 # choice: gov.nasa.jpf.vm.choice.IntChoiceFromSet[id="agentSchedulerChoice",isCascaded:false,>0,1]
[INFO] alice done send(0:om(org(rea(alice,editor))), bob)
		 # garbage collection
[FINE] adding state
[INFO] Adding 6 to [0, 5]
[FINER] Empty Until Array
[INFO] Current Path: [0, 5, 6]
----------------------------------- [3] forward: 6 new
		 # choice: gov.nasa.jpf.vm.choice.IntChoiceFromSet[id="agentSchedulerChoice",isCascaded:false,>0,1]
[INFO] alice done send(0:om(bel(fdv)), bob)
		 # garbage collection
[FINE] adding state
[INFO] Adding 7 to [0, 5, 6]
[FINER] Empty Until Array
[INFO] Current Path: [0, 5, 6, 7]
----------------------------------- [4] forward: 7 new
		 # choice: gov.nasa.jpf.vm.choice.IntChoiceFromSet[id="agentSchedulerChoice",isCascaded:false,>0,1]
[INFO] Sleeping agent alice
		 # garbage collection
[FINE] adding state
[INFO] Adding 8 to [0, 5, 6, 7]
[FINER] Empty Until Array
[INFO] Current Path: [0, 5, 6, 7, 8]
----------------------------------- [5] forward: 8 new
		 # choice: gov.nasa.jpf.vm.choice.IntChoiceFromSet[id="agentSchedulerChoice",isCascaded:false,>0]
[INFO] Waking agent alice
[INFO] bob done send(0:om(bel(fdv)), alice)
		 # garbage collection
[FINE] adding state
[INFO] Current Path: [0, 5, 6, 7, 8, 9]
[INFO] Adding 9 to [0, 5, 6, 7, 8, 9]
[INFO] Always True from Now On
----------------------------------- [6] forward: 9 visited
[FINE] pruning 1 state from [0, 5, 6, 7, 8, 9]
[FINE] index is 5
----------------------------------- [5] backtrack: 8
[FINE] setting done: 8
----------------------------------- [5] done: 8
[FINE] pruning 1 state from [0, 5, 6, 7, 8]
[FINE] index is 4
----------------------------------- [4] backtrack: 7
		 # choice: gov.nasa.jpf.vm.choice.IntChoiceFromSet[id="agentSchedulerChoice",isCascaded:false,0,>1]
[INFO] bob done send(0:om(bel(fdv)), alice)
		 # garbage collection
[FINE] adding state
[INFO] Current Path: [0, 5, 6, 7, 10]
[INFO] Adding 10 to [0, 5, 6, 7, 10]
[INFO] Always True from Now On
----------------------------------- [5] forward: 10 visited
[FINE] pruning 1 state from [0, 5, 6, 7, 10]
[FINE] index is 4
----------------------------------- [4] backtrack: 7
[FINE] setting done: 7
----------------------------------- [4] done: 7
[FINE] pruning 1 state from [0, 5, 6, 7]
[FINE] index is 3
----------------------------------- [3] backtrack: 6
		 # choice: gov.nasa.jpf.vm.choice.IntChoiceFromSet[id="agentSchedulerChoice",isCascaded:false,0,>1]
[INFO] Sleeping agent bob
		 # garbage collection
[FINE] adding state
[INFO] Current Path: [0, 5, 6, 11]
[INFO] Adding 11 to [0, 5, 6, 11]
[INFO] Always True from Now On
----------------------------------- [4] forward: 11 visited
[FINE] pruning 1 state from [0, 5, 6, 11]
[FINE] index is 3
----------------------------------- [3] backtrack: 6
[FINE] setting done: 6
----------------------------------- [3] done: 6
[FINE] pruning 1 state from [0, 5, 6]
[FINE] index is 2
----------------------------------- [2] backtrack: 5
		 # choice: gov.nasa.jpf.vm.choice.IntChoiceFromSet[id="agentSchedulerChoice",isCascaded:false,0,>1]
[INFO] Sleeping agent bob
		 # garbage collection
[FINE] adding state
[INFO] Adding 12 to [0, 5]
[FINER] Empty Until Array
[INFO] Current Path: [0, 5, 12]
----------------------------------- [3] forward: 12 new
		 # choice: gov.nasa.jpf.vm.choice.IntChoiceFromSet[id="agentSchedulerChoice",isCascaded:false,>0]
[INFO] Waking agent bob
[INFO] alice done send(0:om(org(rea(alice,editor))), bob)
		 # garbage collection
[FINE] adding state
[INFO] Adding 13 to [0, 5, 12]
[FINER] Empty Until Array
[INFO] Current Path: [0, 5, 12, 13]
----------------------------------- [4] forward: 13 new
		 # choice: gov.nasa.jpf.vm.choice.IntChoiceFromSet[id="agentSchedulerChoice",isCascaded:false,>0,1]
[INFO] alice done send(0:om(bel(fdv)), bob)
		 # garbage collection
[FINE] adding state
[INFO] Adding 14 to [0, 5, 12, 13]
[FINER] Empty Until Array
[INFO] Current Path: [0, 5, 12, 13, 14]
----------------------------------- [5] forward: 14 new
		 # choice: gov.nasa.jpf.vm.choice.IntChoiceFromSet[id="agentSchedulerChoice",isCascaded:false,>0,1]
[INFO] Sleeping agent alice
		 # garbage collection
[FINE] adding state
[INFO] Adding 15 to [0, 5, 12, 13, 14]
[FINER] Empty Until Array
[INFO] Current Path: [0, 5, 12, 13, 14, 15]
----------------------------------- [6] forward: 15 new
		 # choice: gov.nasa.jpf.vm.choice.IntChoiceFromSet[id="agentSchedulerChoice",isCascaded:false,>0]
[INFO] Waking agent alice
[INFO] bob done send(0:om(bel(fdv)), alice)
		 # garbage collection
[FINE] adding state
[INFO] Current Path: [0, 5, 12, 13, 14, 15, 16]
[INFO] Adding 16 to [0, 5, 12, 13, 14, 15, 16]
[INFO] Always True from Now On
----------------------------------- [7] forward: 16 visited
[FINE] pruning 1 state from [0, 5, 12, 13, 14, 15, 16]
[FINE] index is 6
----------------------------------- [6] backtrack: 15
[FINE] setting done: 15
----------------------------------- [6] done: 15
[FINE] pruning 1 state from [0, 5, 12, 13, 14, 15]
[FINE] index is 5
----------------------------------- [5] backtrack: 14
		 # choice: gov.nasa.jpf.vm.choice.IntChoiceFromSet[id="agentSchedulerChoice",isCascaded:false,0,>1]
[INFO] bob done send(0:om(bel(fdv)), alice)
		 # garbage collection
[FINE] adding state
[INFO] Current Path: [0, 5, 12, 13, 14, 17]
[INFO] Adding 17 to [0, 5, 12, 13, 14, 17]
[INFO] Always True from Now On
----------------------------------- [6] forward: 17 visited
[FINE] pruning 1 state from [0, 5, 12, 13, 14, 17]
[FINE] index is 5
----------------------------------- [5] backtrack: 14
[FINE] setting done: 14
----------------------------------- [5] done: 14
[FINE] pruning 1 state from [0, 5, 12, 13, 14]
[FINE] index is 4
----------------------------------- [4] backtrack: 13
		 # choice: gov.nasa.jpf.vm.choice.IntChoiceFromSet[id="agentSchedulerChoice",isCascaded:false,0,>1]
[INFO] Sleeping agent bob
		 # garbage collection
[FINE] adding state
[INFO] Current Path: [0, 5, 12, 13, 18]
[INFO] Adding 18 to [0, 5, 12, 13, 18]
[INFO] Always True from Now On
----------------------------------- [5] forward: 18 visited
[FINE] pruning 1 state from [0, 5, 12, 13, 18]
[FINE] index is 4
----------------------------------- [4] backtrack: 13
[FINE] setting done: 13
----------------------------------- [4] done: 13
[FINE] pruning 1 state from [0, 5, 12, 13]
[FINE] index is 3
----------------------------------- [3] backtrack: 12
[FINE] setting done: 12
----------------------------------- [3] done: 12
[FINE] pruning 1 state from [0, 5, 12]
[FINE] index is 2
----------------------------------- [2] backtrack: 5
[FINE] setting done: 5
----------------------------------- [2] done: 5
[FINE] pruning 1 state from [0, 5]
[FINE] index is 1
----------------------------------- [1] backtrack: 0
----------------------------------- [1] done: 0
[FINE] pruning 1 state from [0]
[FINE] index is 0
----------------------------------- [0] backtrack: -1
[FINE] setting done: 0
----------------------------------- [0] done: -1
----------------------------------- search finished

====================================================== results
no errors detected

====================================================== statistics
elapsed time:       00:01:36
states:             new=11, visited=8, backtracked=19, end=0
search:             maxDepth=6, constraints hit=0
choice generators:  thread=1 (signal=0, lock=1, shared ref=0), data=11
heap:               new=4895947, released=4786032, max live=57645, gc-cycles=19
instructions:       371628391
max memory:         770MB
loaded code:        classes=530, methods=7506

====================================================== search finished: 02-10-14 15:26
